#
# A fatal error has been detected by the Java Runtime Environment:
#
#  SIGSEGV (0xb) at pc=0x00007f595fd45196, pid=20515, tid=140019809384192
#
# JRE version: Java(TM) SE Runtime Environment (8.0_77-b03) (build 1.8.0_77-b03)
# Java VM: Java HotSpot(TM) 64-Bit Server VM (25.77-b03 mixed mode linux-amd64 compressed oops)
# Problematic frame:
# C  [libc.so.6+0x148196]  __memmove_avx_unaligned+0x2c6
#
# Failed to write core dump. Core dumps have been disabled. To enable core dumping, try "ulimit -c unlimited" before starting Java again
#
# If you would like to submit a bug report, please visit:
#   http://bugreport.java.com/bugreport/crash.jsp
# The crash happened outside the Java Virtual Machine in native code.
# See problematic frame for where to report the bug.
#

---------------  T H R E A D  ---------------

Current thread (0x00007f5958681000):  JavaThread "ContainerBackgroundProcessor[StandardEngine[Tomcat]]" daemon [_thread_in_native, id=20553, stack(0x00007f58e6eff000,0x00007f58e7000000)]

siginfo: si_signo: 11 (SIGSEGV), si_code: 2 (SEGV_ACCERR), si_addr: 0x00007f594012b000

Registers:
RAX=0x00007f58e1eb2180, RBX=0x0000000000006170, RCX=0x00000000000004e2, RDX=0x0000000000006170
RSP=0x00007f58e6ffd0d8, RBP=0x00007f58e6ffd130, RSI=0x00007f594012b000, RDI=0x00007f58e1eb7e0e
R8 =0x00007f58e0000000, R9 =0x0000000001eb3000, R10=0x00007f58e0000078, R11=0xfffffffffffff000
R12=0x00007f5940125344, R13=0x00007f58e003e320, R14=0x0000000000003631, R15=0x00007f58f0026280
RIP=0x00007f595fd45196, EFLAGS=0x0000000000010283, CSGSFS=0x002b000000000033, ERR=0x0000000000000004
  TRAPNO=0x000000000000000e

Top of Stack: (sp=0x00007f58e6ffd0d8)
0x00007f58e6ffd0d8:   00007f595debcbb4 00007f58e6ffd100
0x00007f58e6ffd0e8:   2f35315900000000 0000000000006170
0x00007f58e6ffd0f8:   00000000662f6275 00007f58e003e320
0x00007f58e6ffd108:   00007f58f0037b50 00007f58cc342a60
0x00007f58e6ffd118:   00007f58f0026280 0000000040b2021d
0x00007f58e6ffd128:   0000000000000039 00007f58e6ffd190
0x00007f58e6ffd138:   00007f595debd18f 00007f5958681000
0x00007f58e6ffd148:   01007f5958681100 00007f58e6ffd1b0
0x00007f58e6ffd158:   00007f58e6ffd1ea 00007f58e6ffd1e8
0x00007f58e6ffd168:   00007f58e6ffd1b0 0000000000000039
0x00007f58e6ffd178:   00007f59586811f8 00007f58e6ffd608
0x00007f58e6ffd188:   0000000000000001 00007f58e6ffd5f0
0x00007f58e6ffd198:   00007f595deaeec0 00007373616c632e
0x00007f58e6ffd1a8:   00007f58f0026280 2f696e756d2f7a63
0x00007f58e6ffd1b8:   35363161702f6966 637374726f70732f
0x00007f58e6ffd1c8:   616361662f62756c 65626d654d2f6564
0x00007f58e6ffd1d8:   6361467069687372 73616c632e656461
0x00007f58e6ffd1e8:   4279726f74630073 73616c632e6e6165
0x00007f58e6ffd1f8:   00007f5942000073 0000000000000040
0x00007f58e6ffd208:   0000000000000008 000000760000009b
0x00007f58e6ffd218:   0000000000000001 00007f5958681000
0x00007f58e6ffd228:   0000007c00000078 0000000795df0d46
0x00007f58e6ffd238:   0000000795df8550 00000007c00007a8
0x00007f58e6ffd248:   00007f595f4f475e 00007f58f0031460
0x00007f58e6ffd258:   0000000000000032 00007f58e6ffd280
0x00007f58e6ffd268:   00007f595f328757 00007f5958681000
0x00007f58e6ffd278:   000000000000001d 00007f58e6ffd2e0
0x00007f58e6ffd288:   0000000795ef8ba8 00007f5958681000
0x00007f58e6ffd298:   00007f595fc7de37 00007f58e6ffd300
0x00007f58e6ffd2a8:   00007f58e6ffd333 00007f58e6ffd331
0x00007f58e6ffd2b8:   00007f58e6ffd300 0000000000000032
0x00007f58e6ffd2c8:   00007f59586801f8 00007f58e6ffd758 

Instructions: (pc=0x00007f595fd45196)
0x00007f595fd45176:   c0 c3 0f 1f 84 00 00 00 00 00 48 8b 0d 71 30 27
0x00007f595fd45186:   00 48 c1 e1 03 48 39 ca 73 10 48 89 d1 48 89 d1
0x00007f595fd45196:   f3 a4 c3 0f 1f 80 00 00 00 00 48 8d 0c 16 c5 fe
0x00007f595fd451a6:   6f 26 c5 fa 6f 6c 16 80 c5 fa 6f 71 90 c5 fa 6f 

Register to memory mapping:

RAX=0x00007f58e1eb2180 is an unknown value
RBX=0x0000000000006170 is an unknown value
RCX=0x00000000000004e2 is an unknown value
RDX=0x0000000000006170 is an unknown value
RSP=0x00007f58e6ffd0d8 is pointing into the stack for thread: 0x00007f5958681000
RBP=0x00007f58e6ffd130 is pointing into the stack for thread: 0x00007f5958681000
RSI=0x00007f594012b000 is an unknown value
RDI=0x00007f58e1eb7e0e is an unknown value
R8 =0x00007f58e0000000 is an unknown value
R9 =0x0000000001eb3000 is an unknown value
R10=0x00007f58e0000078 is an unknown value
R11=0xfffffffffffff000 is an unknown value
R12=0x00007f5940125344 is an unknown value
R13=0x00007f58e003e320 is an unknown value
R14=0x0000000000003631 is an unknown value
R15=0x00007f58f0026280 is an unknown value


Stack: [0x00007f58e6eff000,0x00007f58e7000000],  sp=0x00007f58e6ffd0d8,  free space=1016k
Native frames: (J=compiled Java code, j=interpreted, Vv=VM code, C=native code)
C  [libc.so.6+0x148196]  __memmove_avx_unaligned+0x2c6
C  [libzip.so+0x1218f]  ZIP_GetEntry2+0xff
C  [libzip.so+0x3ec0]  Java_java_util_zip_ZipFile_getEntry+0xf0
J 90  java.util.zip.ZipFile.getEntry(J[BZ)J (0 bytes) @ 0x00007f5949134f0e [0x00007f5949134e40+0xce]
J 5269 C2 java.util.zip.ZipFile.getEntry(Ljava/lang/String;)Ljava/util/zip/ZipEntry; (86 bytes) @ 0x00007f5949bf7fac [0x00007f5949bf7c60+0x34c]
J 3351 C1 sun.net.www.protocol.jar.URLJarFile.getEntry(Ljava/lang/String;)Ljava/util/zip/ZipEntry; (69 bytes) @ 0x00007f5949b43634 [0x00007f5949b43560+0xd4]
J 3359 C1 sun.net.www.protocol.jar.JarURLConnection.connect()V (147 bytes) @ 0x00007f5949b40d84 [0x00007f5949b40880+0x504]
J 3362 C1 sun.net.www.protocol.jar.JarURLConnection.getInputStream()Ljava/io/InputStream; (97 bytes) @ 0x00007f5949b46b9c [0x00007f5949b46b00+0x9c]
J 3441 C1 org.apache.catalina.loader.WebappClassLoader.getResourceAsStream(Ljava/lang/String;)Ljava/io/InputStream; (380 bytes) @ 0x00007f5949ba325c [0x00007f5949ba0c60+0x25fc]
J 3324 C1 org.apache.catalina.startup.ContextConfig.populateJavaClassCache(Ljava/lang/String;)V (159 bytes) @ 0x00007f5949b0e4ac [0x00007f5949b0d8c0+0xbec]
J 3372 C1 org.apache.catalina.startup.ContextConfig.populateJavaClassCache(Ljava/lang/String;Lorg/apache/tomcat/util/bcel/classfile/JavaClass;)V (79 bytes) @ 0x00007f5949b49bbc [0x00007f5949b497a0+0x41c]
J 3341 C1 org.apache.catalina.startup.ContextConfig.checkHandlesTypes(Lorg/apache/tomcat/util/bcel/classfile/JavaClass;)V (453 bytes) @ 0x00007f5949b261cc [0x00007f5949b25ee0+0x2ec]
J 3343 C1 org.apache.catalina.startup.ContextConfig.processAnnotationsStream(Ljava/io/InputStream;Lorg/apache/catalina/deploy/WebXml;Z)V (146 bytes) @ 0x00007f5949b2e534 [0x00007f5949b2e360+0x1d4]
j  org.apache.catalina.startup.ContextConfig.processAnnotationsJar(Ljava/net/URL;Lorg/apache/catalina/deploy/WebXml;Z)V+58
j  org.apache.catalina.startup.ContextConfig.processAnnotationsUrl(Ljava/net/URL;Lorg/apache/catalina/deploy/WebXml;Z)V+22
j  org.apache.catalina.startup.ContextConfig.processAnnotations(Ljava/util/Set;Z)V+71
j  org.apache.catalina.startup.ContextConfig.webConfig()V+336
j  org.apache.catalina.startup.ContextConfig.configureStart()V+101
j  org.apache.catalina.startup.ContextConfig.lifecycleEvent(Lorg/apache/catalina/LifecycleEvent;)V+57
J 7635 C1 org.apache.catalina.util.LifecycleSupport.fireLifecycleEvent(Ljava/lang/String;Ljava/lang/Object;)V (49 bytes) @ 0x00007f594a218214 [0x00007f594a217f00+0x314]
J 7634 C1 org.apache.catalina.util.LifecycleBase.fireLifecycleEvent(Ljava/lang/String;Ljava/lang/Object;)V (10 bytes) @ 0x00007f594a217b44 [0x00007f594a217a40+0x104]
j  org.apache.catalina.core.StandardContext.startInternal()V+586
j  org.apache.catalina.util.LifecycleBase.start()V+210
j  org.apache.catalina.core.StandardContext.reload()V+120
j  org.apache.catalina.loader.WebappLoader.backgroundProcess()V+43
j  org.apache.catalina.core.ContainerBase.backgroundProcess()V+70
j  org.apache.catalina.core.ContainerBase$ContainerBackgroundProcessor.processChildren(Lorg/apache/catalina/Container;Ljava/lang/ClassLoader;)V+27
j  org.apache.catalina.core.ContainerBase$ContainerBackgroundProcessor.processChildren(Lorg/apache/catalina/Container;Ljava/lang/ClassLoader;)V+115
j  org.apache.catalina.core.ContainerBase$ContainerBackgroundProcessor.processChildren(Lorg/apache/catalina/Container;Ljava/lang/ClassLoader;)V+115
j  org.apache.catalina.core.ContainerBase$ContainerBackgroundProcessor.run()V+81
j  java.lang.Thread.run()V+11
v  ~StubRoutines::call_stub
V  [libjvm.so+0x68c616]  JavaCalls::call_helper(JavaValue*, methodHandle*, JavaCallArguments*, Thread*)+0x1056
V  [libjvm.so+0x68cb21]  JavaCalls::call_virtual(JavaValue*, KlassHandle, Symbol*, Symbol*, JavaCallArguments*, Thread*)+0x321
V  [libjvm.so+0x68cfc7]  JavaCalls::call_virtual(JavaValue*, Handle, KlassHandle, Symbol*, Symbol*, Thread*)+0x47
V  [libjvm.so+0x723d80]  thread_entry(JavaThread*, Thread*)+0xa0
V  [libjvm.so+0xa69dcf]  JavaThread::thread_main_inner()+0xdf
V  [libjvm.so+0xa69efc]  JavaThread::run()+0x11c
V  [libjvm.so+0x91d9d8]  java_start(Thread*)+0x108
C  [libpthread.so.0+0x761a]  start_thread+0xca

Java frames: (J=compiled Java code, j=interpreted, Vv=VM code)
J 90  java.util.zip.ZipFile.getEntry(J[BZ)J (0 bytes) @ 0x00007f5949134e98 [0x00007f5949134e40+0x58]
J 5269 C2 java.util.zip.ZipFile.getEntry(Ljava/lang/String;)Ljava/util/zip/ZipEntry; (86 bytes) @ 0x00007f5949bf7fac [0x00007f5949bf7c60+0x34c]
J 3351 C1 sun.net.www.protocol.jar.URLJarFile.getEntry(Ljava/lang/String;)Ljava/util/zip/ZipEntry; (69 bytes) @ 0x00007f5949b43634 [0x00007f5949b43560+0xd4]
J 3359 C1 sun.net.www.protocol.jar.JarURLConnection.connect()V (147 bytes) @ 0x00007f5949b40d84 [0x00007f5949b40880+0x504]
J 3362 C1 sun.net.www.protocol.jar.JarURLConnection.getInputStream()Ljava/io/InputStream; (97 bytes) @ 0x00007f5949b46b9c [0x00007f5949b46b00+0x9c]
J 3441 C1 org.apache.catalina.loader.WebappClassLoader.getResourceAsStream(Ljava/lang/String;)Ljava/io/InputStream; (380 bytes) @ 0x00007f5949ba325c [0x00007f5949ba0c60+0x25fc]
J 3324 C1 org.apache.catalina.startup.ContextConfig.populateJavaClassCache(Ljava/lang/String;)V (159 bytes) @ 0x00007f5949b0e4ac [0x00007f5949b0d8c0+0xbec]
J 3372 C1 org.apache.catalina.startup.ContextConfig.populateJavaClassCache(Ljava/lang/String;Lorg/apache/tomcat/util/bcel/classfile/JavaClass;)V (79 bytes) @ 0x00007f5949b49bbc [0x00007f5949b497a0+0x41c]
J 3341 C1 org.apache.catalina.startup.ContextConfig.checkHandlesTypes(Lorg/apache/tomcat/util/bcel/classfile/JavaClass;)V (453 bytes) @ 0x00007f5949b261cc [0x00007f5949b25ee0+0x2ec]
J 3343 C1 org.apache.catalina.startup.ContextConfig.processAnnotationsStream(Ljava/io/InputStream;Lorg/apache/catalina/deploy/WebXml;Z)V (146 bytes) @ 0x00007f5949b2e534 [0x00007f5949b2e360+0x1d4]
j  org.apache.catalina.startup.ContextConfig.processAnnotationsJar(Ljava/net/URL;Lorg/apache/catalina/deploy/WebXml;Z)V+58
j  org.apache.catalina.startup.ContextConfig.processAnnotationsUrl(Ljava/net/URL;Lorg/apache/catalina/deploy/WebXml;Z)V+22
j  org.apache.catalina.startup.ContextConfig.processAnnotations(Ljava/util/Set;Z)V+71
j  org.apache.catalina.startup.ContextConfig.webConfig()V+336
j  org.apache.catalina.startup.ContextConfig.configureStart()V+101
j  org.apache.catalina.startup.ContextConfig.lifecycleEvent(Lorg/apache/catalina/LifecycleEvent;)V+57
J 7635 C1 org.apache.catalina.util.LifecycleSupport.fireLifecycleEvent(Ljava/lang/String;Ljava/lang/Object;)V (49 bytes) @ 0x00007f594a218214 [0x00007f594a217f00+0x314]
J 7634 C1 org.apache.catalina.util.LifecycleBase.fireLifecycleEvent(Ljava/lang/String;Ljava/lang/Object;)V (10 bytes) @ 0x00007f594a217b44 [0x00007f594a217a40+0x104]
j  org.apache.catalina.core.StandardContext.startInternal()V+586
j  org.apache.catalina.util.LifecycleBase.start()V+210
j  org.apache.catalina.core.StandardContext.reload()V+120
j  org.apache.catalina.loader.WebappLoader.backgroundProcess()V+43
j  org.apache.catalina.core.ContainerBase.backgroundProcess()V+70
j  org.apache.catalina.core.ContainerBase$ContainerBackgroundProcessor.processChildren(Lorg/apache/catalina/Container;Ljava/lang/ClassLoader;)V+27
j  org.apache.catalina.core.ContainerBase$ContainerBackgroundProcessor.processChildren(Lorg/apache/catalina/Container;Ljava/lang/ClassLoader;)V+115
j  org.apache.catalina.core.ContainerBase$ContainerBackgroundProcessor.processChildren(Lorg/apache/catalina/Container;Ljava/lang/ClassLoader;)V+115
j  org.apache.catalina.core.ContainerBase$ContainerBackgroundProcessor.run()V+81
j  java.lang.Thread.run()V+11
v  ~StubRoutines::call_stub

---------------  P R O C E S S  ---------------

Java Threads: ( => current thread )
  0x00007f58c0001000 JavaThread "http-bio-8080-exec-8" daemon [_thread_blocked, id=20639, stack(0x00007f58e5ea6000,0x00007f58e5fa7000)]
  0x00007f58cc7e4800 JavaThread "http-bio-8080-exec-7" daemon [_thread_blocked, id=20638, stack(0x00007f58e5fa7000,0x00007f58e60a8000)]
  0x00007f58d0001800 JavaThread "http-bio-8080-exec-6" daemon [_thread_blocked, id=20629, stack(0x00007f58e66f9000,0x00007f58e67fa000)]
  0x00007f58d4001000 JavaThread "http-bio-8080-exec-5" daemon [_thread_blocked, id=20628, stack(0x00007f58e67fa000,0x00007f58e68fb000)]
  0x00007f58f2668800 JavaThread "http-bio-8080-exec-4" daemon [_thread_blocked, id=20627, stack(0x00007f58e68fb000,0x00007f58e69fc000)]
  0x00007f58d8003800 JavaThread "http-bio-8080-exec-3" daemon [_thread_blocked, id=20620, stack(0x00007f58e6bfc000,0x00007f58e6cfd000)]
  0x00007f58d8002800 JavaThread "http-bio-8080-exec-2" daemon [_thread_blocked, id=20619, stack(0x00007f594012b000,0x00007f594022c000)]
  0x00007f58d8001000 JavaThread "http-bio-8080-exec-1" daemon [_thread_blocked, id=20618, stack(0x00007f594022c000,0x00007f594032d000)]
  0x00007f5958c5f800 JavaThread "http-bio-8080-AsyncTimeout" daemon [_thread_blocked, id=20555, stack(0x00007f58e6cfd000,0x00007f58e6dfe000)]
  0x00007f5958c9e800 JavaThread "http-bio-8080-Acceptor-0" daemon [_thread_in_native, id=20554, stack(0x00007f58e6dfe000,0x00007f58e6eff000)]
=>0x00007f5958681000 JavaThread "ContainerBackgroundProcessor[StandardEngine[Tomcat]]" daemon [_thread_in_native, id=20553, stack(0x00007f58e6eff000,0x00007f58e7000000)]
  0x00007f58f2ac1000 JavaThread "Timer-0" daemon [_thread_blocked, id=20545, stack(0x00007f591c87b000,0x00007f591c97c000)]
  0x00007f58f1602800 JavaThread "Thread-2" daemon [_thread_in_native, id=20543, stack(0x00007f591cf7f000,0x00007f591d080000)]
  0x00007f59580f0000 JavaThread "Monitor Ctrl-Break" daemon [_thread_in_native, id=20530, stack(0x00007f59415b5000,0x00007f59416b6000)]
  0x00007f59580bf800 JavaThread "Service Thread" daemon [_thread_blocked, id=20528, stack(0x00007f59419b9000,0x00007f5941aba000)]
  0x00007f59580bc800 JavaThread "C1 CompilerThread2" daemon [_thread_blocked, id=20527, stack(0x00007f5941aba000,0x00007f5941bbb000)]
  0x00007f59580ba800 JavaThread "C2 CompilerThread1" daemon [_thread_in_native, id=20526, stack(0x00007f5941bbb000,0x00007f5941cbc000)]
  0x00007f59580b7800 JavaThread "C2 CompilerThread0" daemon [_thread_in_native, id=20525, stack(0x00007f5941cbc000,0x00007f5941dbd000)]
  0x00007f59580b6800 JavaThread "Signal Dispatcher" daemon [_thread_blocked, id=20524, stack(0x00007f5941dbd000,0x00007f5941ebe000)]
  0x00007f5958083000 JavaThread "Finalizer" daemon [_thread_blocked, id=20523, stack(0x00007f5941ebe000,0x00007f5941fbf000)]
  0x00007f595807e800 JavaThread "Reference Handler" daemon [_thread_blocked, id=20522, stack(0x00007f5941fbf000,0x00007f59420c0000)]
  0x00007f5958009000 JavaThread "main" [_thread_blocked, id=20516, stack(0x00007f59606f0000,0x00007f59607f1000)]

Other Threads:
  0x00007f5958077000 VMThread [stack: 0x00007f59420c0000,0x00007f59421c1000] [id=20521]
  0x00007f59580c2000 WatcherThread [stack: 0x00007f59418b8000,0x00007f59419b9000] [id=20529]

VM state:not at safepoint (normal execution)

VM Mutex/Monitor currently owned by a thread: None

Heap:
 PSYoungGen      total 428032K, used 311028K [0x0000000782f80000, 0x00000007a1d00000, 0x00000007c0000000)
  eden space 390656K, 79% used [0x0000000782f80000,0x0000000795f3d0e0,0x000000079ad00000)
  from space 37376K, 0% used [0x000000079d100000,0x000000079d100000,0x000000079f580000)
  to   space 36864K, 0% used [0x000000079ad00000,0x000000079ad00000,0x000000079d100000)
 ParOldGen       total 163840K, used 38041K [0x0000000708e00000, 0x0000000712e00000, 0x0000000782f80000)
  object space 163840K, 23% used [0x0000000708e00000,0x000000070b326638,0x0000000712e00000)
 Metaspace       used 64458K, capacity 65858K, committed 66176K, reserved 1107968K
  class space    used 7876K, capacity 8515K, committed 8576K, reserved 1048576K

Card table byte_map: [0x00007f595d531000,0x00007f595daeb000] byte_map_base: 0x00007f5959cea000

Marking Bits: (ParMarkBitMap*) 0x00007f595fbd2100
 Begin Bits: [0x00007f5943470000, 0x00007f5946238000)
 End Bits:   [0x00007f5946238000, 0x00007f5949000000)

Polling page: 0x00007f5960814000

CodeCache: size=245760Kb used=18915Kb max_used=18932Kb free=226845Kb
 bounds [0x00007f5949000000, 0x00007f594a2a0000, 0x00007f5958000000]
 total_blobs=7412 nmethods=6708 adapters=615
 compilation: enabled

Compilation events (10 events):
Event: 195.722 Thread 0x00007f59580bc800 7738       3       java.io.DataInputStream::readLong (128 bytes)
Event: 195.723 Thread 0x00007f59580bc800 nmethod 7738 0x00007f594a2823d0 code [0x00007f594a282560, 0x00007f594a282908]
Event: 195.803 Thread 0x00007f59580ba800 nmethod 7734 0x00007f594a28d3d0 code [0x00007f594a28d740, 0x00007f594a28fba8]
Event: 195.803 Thread 0x00007f59580ba800 7743   !   4       java.util.zip.ZipFile::getInputStream (304 bytes)
Event: 195.846 Thread 0x00007f59580ba800 nmethod 7743 0x00007f594a291fd0 code [0x00007f594a2922c0, 0x00007f594a294268]
Event: 195.846 Thread 0x00007f59580ba800 7739   !   4       org.apache.catalina.startup.ContextConfig::checkHandlesTypes (453 bytes)
Event: 196.574 Thread 0x00007f59580bc800 7750       2       java.util.RegularEnumSet::size (8 bytes)
Event: 196.575 Thread 0x00007f59580bc800 nmethod 7750 0x00007f594a281490 code [0x00007f594a281600, 0x00007f594a281768]
Event: 196.685 Thread 0x00007f59580bc800 7751       2       java.io.DataInputStream::readDouble (8 bytes)
Event: 196.685 Thread 0x00007f59580bc800 nmethod 7751 0x00007f594a2726d0 code [0x00007f594a272840, 0x00007f594a2729c8]

GC Heap History (10 events):
Event: 9.874 GC heap before
{Heap before GC invocations=11 (full 1):
 PSYoungGen      total 259072K, used 137832K [0x0000000782f80000, 0x000000079a480000, 0x00000007c0000000)
  eden space 226816K, 47% used [0x0000000782f80000,0x0000000789831e80,0x0000000790d00000)
  from space 32256K, 94% used [0x0000000790d00000,0x0000000792ae8338,0x0000000792c80000)
  to   space 36352K, 0% used [0x0000000798100000,0x0000000798100000,0x000000079a480000)
 ParOldGen       total 92160K, used 37178K [0x0000000708e00000, 0x000000070e800000, 0x0000000782f80000)
  object space 92160K, 40% used [0x0000000708e00000,0x000000070b24eae0,0x000000070e800000)
 Metaspace       used 34554K, capacity 35166K, committed 35416K, reserved 1081344K
  class space    used 4164K, capacity 4324K, committed 4352K, reserved 1048576K
Event: 9.900 GC heap after
Heap after GC invocations=11 (full 1):
 PSYoungGen      total 335360K, used 18497K [0x0000000782f80000, 0x0000000799e00000, 0x00000007c0000000)
  eden space 305664K, 0% used [0x0000000782f80000,0x0000000782f80000,0x0000000795a00000)
  from space 29696K, 62% used [0x0000000798100000,0x0000000799310768,0x0000000799e00000)
  to   space 34816K, 0% used [0x0000000795a00000,0x0000000795a00000,0x0000000797c00000)
 ParOldGen       total 92160K, used 37963K [0x0000000708e00000, 0x000000070e800000, 0x0000000782f80000)
  object space 92160K, 41% used [0x0000000708e00000,0x000000070b312ea8,0x000000070e800000)
 Metaspace       used 34554K, capacity 35166K, committed 35416K, reserved 1081344K
  class space    used 4164K, capacity 4324K, committed 4352K, reserved 1048576K
}
Event: 9.900 GC heap before
{Heap before GC invocations=12 (full 2):
 PSYoungGen      total 335360K, used 18497K [0x0000000782f80000, 0x0000000799e00000, 0x00000007c0000000)
  eden space 305664K, 0% used [0x0000000782f80000,0x0000000782f80000,0x0000000795a00000)
  from space 29696K, 62% used [0x0000000798100000,0x0000000799310768,0x0000000799e00000)
  to   space 34816K, 0% used [0x0000000795a00000,0x0000000795a00000,0x0000000797c00000)
 ParOldGen       total 92160K, used 37963K [0x0000000708e00000, 0x000000070e800000, 0x0000000782f80000)
  object space 92160K, 41% used [0x0000000708e00000,0x000000070b312ea8,0x000000070e800000)
 Metaspace       used 34554K, capacity 35166K, committed 35416K, reserved 1081344K
  class space    used 4164K, capacity 4324K, committed 4352K, reserved 1048576K
Event: 10.049 GC heap after
Heap after GC invocations=12 (full 2):
 PSYoungGen      total 335360K, used 0K [0x0000000782f80000, 0x0000000799e00000, 0x00000007c0000000)
  eden space 305664K, 0% used [0x0000000782f80000,0x0000000782f80000,0x0000000795a00000)
  from space 29696K, 0% used [0x0000000798100000,0x0000000798100000,0x0000000799e00000)
  to   space 34816K, 0% used [0x0000000795a00000,0x0000000795a00000,0x0000000797c00000)
 ParOldGen       total 143872K, used 33073K [0x0000000708e00000, 0x0000000711a80000, 0x0000000782f80000)
  object space 143872K, 22% used [0x0000000708e00000,0x000000070ae4c480,0x0000000711a80000)
 Metaspace       used 34554K, capacity 35166K, committed 35416K, reserved 1081344K
  class space    used 4164K, capacity 4324K, committed 4352K, reserved 1048576K
}
Event: 55.220 GC heap before
{Heap before GC invocations=13 (full 2):
 PSYoungGen      total 335360K, used 305664K [0x0000000782f80000, 0x0000000799e00000, 0x00000007c0000000)
  eden space 305664K, 100% used [0x0000000782f80000,0x0000000795a00000,0x0000000795a00000)
  from space 29696K, 0% used [0x0000000798100000,0x0000000798100000,0x0000000799e00000)
  to   space 34816K, 0% used [0x0000000795a00000,0x0000000795a00000,0x0000000797c00000)
 ParOldGen       total 143872K, used 33073K [0x0000000708e00000, 0x0000000711a80000, 0x0000000782f80000)
  object space 143872K, 22% used [0x0000000708e00000,0x000000070ae4c480,0x0000000711a80000)
 Metaspace       used 57180K, capacity 58410K, committed 58752K, reserved 1099776K
  class space    used 7220K, capacity 7733K, committed 7808K, reserved 1048576K
Event: 55.254 GC heap after
Heap after GC invocations=13 (full 2):
 PSYoungGen      total 340480K, used 29215K [0x0000000782f80000, 0x000000079f580000, 0x00000007c0000000)
  eden space 305664K, 0% used [0x0000000782f80000,0x0000000782f80000,0x0000000795a00000)
  from space 34816K, 83% used [0x0000000795a00000,0x0000000797687dc0,0x0000000797c00000)
  to   space 37376K, 0% used [0x000000079d100000,0x000000079d100000,0x000000079f580000)
 ParOldGen       total 143872K, used 33081K [0x0000000708e00000, 0x0000000711a80000, 0x0000000782f80000)
  object space 143872K, 22% used [0x0000000708e00000,0x000000070ae4e480,0x0000000711a80000)
 Metaspace       used 57180K, capacity 58410K, committed 58752K, reserved 1099776K
  class space    used 7220K, capacity 7733K, committed 7808K, reserved 1048576K
}
Event: 55.341 GC heap before
{Heap before GC invocations=14 (full 2):
 PSYoungGen      total 340480K, used 35564K [0x0000000782f80000, 0x000000079f580000, 0x00000007c0000000)
  eden space 305664K, 2% used [0x0000000782f80000,0x00000007835b3508,0x0000000795a00000)
  from space 34816K, 83% used [0x0000000795a00000,0x0000000797687dc0,0x0000000797c00000)
  to   space 37376K, 0% used [0x000000079d100000,0x000000079d100000,0x000000079f580000)
 ParOldGen       total 143872K, used 33081K [0x0000000708e00000, 0x0000000711a80000, 0x0000000782f80000)
  object space 143872K, 22% used [0x0000000708e00000,0x000000070ae4e480,0x0000000711a80000)
 Metaspace       used 57490K, capacity 58698K, committed 59008K, reserved 1099776K
  class space    used 7257K, capacity 7765K, committed 7808K, reserved 1048576K
Event: 55.355 GC heap after
Heap after GC invocations=14 (full 2):
 PSYoungGen      total 428032K, used 12691K [0x0000000782f80000, 0x00000007a1d00000, 0x00000007c0000000)
  eden space 390656K, 0% used [0x0000000782f80000,0x0000000782f80000,0x000000079ad00000)
  from space 37376K, 33% used [0x000000079d100000,0x000000079dd64ed0,0x000000079f580000)
  to   space 36864K, 0% used [0x000000079ad00000,0x000000079ad00000,0x000000079d100000)
 ParOldGen       total 143872K, used 33089K [0x0000000708e00000, 0x0000000711a80000, 0x0000000782f80000)
  object space 143872K, 22% used [0x0000000708e00000,0x000000070ae50480,0x0000000711a80000)
 Metaspace       used 57490K, capacity 58698K, committed 59008K, reserved 1099776K
  class space    used 7257K, capacity 7765K, committed 7808K, reserved 1048576K
}
Event: 55.355 GC heap before
{Heap before GC invocations=15 (full 3):
 PSYoungGen      total 428032K, used 12691K [0x0000000782f80000, 0x00000007a1d00000, 0x00000007c0000000)
  eden space 390656K, 0% used [0x0000000782f80000,0x0000000782f80000,0x000000079ad00000)
  from space 37376K, 33% used [0x000000079d100000,0x000000079dd64ed0,0x000000079f580000)
  to   space 36864K, 0% used [0x000000079ad00000,0x000000079ad00000,0x000000079d100000)
 ParOldGen       total 143872K, used 33089K [0x0000000708e00000, 0x0000000711a80000, 0x0000000782f80000)
  object space 143872K, 22% used [0x0000000708e00000,0x000000070ae50480,0x0000000711a80000)
 Metaspace       used 57490K, capacity 58698K, committed 59008K, reserved 1099776K
  class space    used 7257K, capacity 7765K, committed 7808K, reserved 1048576K
Event: 55.568 GC heap after
Heap after GC invocations=15 (full 3):
 PSYoungGen      total 428032K, used 0K [0x0000000782f80000, 0x00000007a1d00000, 0x00000007c0000000)
  eden space 390656K, 0% used [0x0000000782f80000,0x0000000782f80000,0x000000079ad00000)
  from space 37376K, 0% used [0x000000079d100000,0x000000079d100000,0x000000079f580000)
  to   space 36864K, 0% used [0x000000079ad00000,0x000000079ad00000,0x000000079d100000)
 ParOldGen       total 163840K, used 38041K [0x0000000708e00000, 0x0000000712e00000, 0x0000000782f80000)
  object space 163840K, 23% used [0x0000000708e00000,0x000000070b326638,0x0000000712e00000)
 Metaspace       used 57436K, capacity 58486K, committed 59008K, reserved 1099776K
  class space    used 7249K, capacity 7697K, committed 7808K, reserved 1048576K
}

Deoptimization events (10 events):
Event: 61.969 Thread 0x00007f58c0001000 Uncommon trap: reason=bimorphic action=maybe_recompile pc=0x00007f59496d2d00 method=java.util.regex.Matcher.getTextLength()I @ 4
Event: 174.797 Thread 0x00007f5958681000 Uncommon trap: reason=array_check action=maybe_recompile pc=0x00007f594a21af48 method=java.util.AbstractCollection.toArray([Ljava/lang/Object;)[Ljava/lang/Object; @ 119
Event: 174.797 Thread 0x00007f5958681000 Uncommon trap: reason=array_check action=maybe_recompile pc=0x00007f594a21af48 method=java.util.AbstractCollection.toArray([Ljava/lang/Object;)[Ljava/lang/Object; @ 119
Event: 174.797 Thread 0x00007f5958681000 Uncommon trap: reason=array_check action=maybe_recompile pc=0x00007f594a21af48 method=java.util.AbstractCollection.toArray([Ljava/lang/Object;)[Ljava/lang/Object; @ 119
Event: 184.798 Thread 0x00007f5958681000 Uncommon trap: reason=array_check action=maybe_recompile pc=0x00007f594a21af48 method=java.util.AbstractCollection.toArray([Ljava/lang/Object;)[Ljava/lang/Object; @ 119
Event: 194.800 Thread 0x00007f5958681000 Uncommon trap: reason=class_check action=maybe_recompile pc=0x00007f594a024a80 method=java.util.Hashtable.put(Ljava/lang/Object;Ljava/lang/Object;)Ljava/lang/Object; @ 60
Event: 194.800 Thread 0x00007f5958681000 Uncommon trap: reason=class_check action=maybe_recompile pc=0x00007f594a024a80 method=java.util.Hashtable.put(Ljava/lang/Object;Ljava/lang/Object;)Ljava/lang/Object; @ 60
Event: 195.469 Thread 0x00007f5958681000 Uncommon trap: reason=unstable_if action=reinterpret pc=0x00007f594a146e54 method=sun.net.www.MessageHeader.grow()V @ 4
Event: 195.469 Thread 0x00007f5958681000 Uncommon trap: reason=unstable_if action=reinterpret pc=0x00007f594a0eb6e0 method=org.apache.tomcat.util.file.Matcher.tokenizePathAsArray(Ljava/lang/String;)[Ljava/lang/String; @ 115
Event: 195.543 Thread 0x00007f5958681000 Uncommon trap: reason=unstable_if action=reinterpret pc=0x00007f5949f02a38 method=sun.misc.URLClassPath.getLoader(I)Lsun/misc/URLClassPath$Loader; @ 101

Internal exceptions (10 events):
Event: 195.544 Thread 0x00007f5958681000 Exception <a 'java/security/PrivilegedActionException'> (0x000000078930b098) thrown at [/HUDSON/workspace/8-2-build-linux-amd64/jdk8u77/6540/hotspot/src/share/vm/prims/jvm.cpp, line 1386]
Event: 195.544 Thread 0x00007f5958681000 Exception <a 'java/security/PrivilegedActionException'> (0x000000078930b490) thrown at [/HUDSON/workspace/8-2-build-linux-amd64/jdk8u77/6540/hotspot/src/share/vm/prims/jvm.cpp, line 1386]
Event: 195.544 Thread 0x00007f5958681000 Exception <a 'java/security/PrivilegedActionException'> (0x000000078930c468) thrown at [/HUDSON/workspace/8-2-build-linux-amd64/jdk8u77/6540/hotspot/src/share/vm/prims/jvm.cpp, line 1386]
Event: 195.544 Thread 0x00007f5958681000 Exception <a 'java/security/PrivilegedActionException'> (0x000000078930c860) thrown at [/HUDSON/workspace/8-2-build-linux-amd64/jdk8u77/6540/hotspot/src/share/vm/prims/jvm.cpp, line 1386]
Event: 195.544 Thread 0x00007f5958681000 Exception <a 'java/security/PrivilegedActionException'> (0x000000078930d7f0) thrown at [/HUDSON/workspace/8-2-build-linux-amd64/jdk8u77/6540/hotspot/src/share/vm/prims/jvm.cpp, line 1386]
Event: 195.544 Thread 0x00007f5958681000 Exception <a 'java/security/PrivilegedActionException'> (0x000000078930dbe8) thrown at [/HUDSON/workspace/8-2-build-linux-amd64/jdk8u77/6540/hotspot/src/share/vm/prims/jvm.cpp, line 1386]
Event: 195.544 Thread 0x00007f5958681000 Exception <a 'java/security/PrivilegedActionException'> (0x000000078930ebc0) thrown at [/HUDSON/workspace/8-2-build-linux-amd64/jdk8u77/6540/hotspot/src/share/vm/prims/jvm.cpp, line 1386]
Event: 195.544 Thread 0x00007f5958681000 Exception <a 'java/security/PrivilegedActionException'> (0x000000078930efb8) thrown at [/HUDSON/workspace/8-2-build-linux-amd64/jdk8u77/6540/hotspot/src/share/vm/prims/jvm.cpp, line 1386]
Event: 195.544 Thread 0x00007f5958681000 Exception <a 'java/security/PrivilegedActionException'> (0x000000078930ff90) thrown at [/HUDSON/workspace/8-2-build-linux-amd64/jdk8u77/6540/hotspot/src/share/vm/prims/jvm.cpp, line 1386]
Event: 195.544 Thread 0x00007f5958681000 Exception <a 'java/security/PrivilegedActionException'> (0x0000000789310388) thrown at [/HUDSON/workspace/8-2-build-linux-amd64/jdk8u77/6540/hotspot/src/share/vm/prims/jvm.cpp, line 1386]

Events (10 events):
Event: 196.192 loading class org/apache/tomcat/websocket/pojo/PojoEndpointServer
Event: 196.192 loading class org/apache/tomcat/websocket/pojo/PojoEndpointServer done
Event: 196.201 Executing VM operation: RevokeBias
Event: 196.201 Executing VM operation: RevokeBias done
Event: 196.226 Executing VM operation: BulkRevokeBias
Event: 196.226 Executing VM operation: BulkRevokeBias done
Event: 196.298 Executing VM operation: RevokeBias
Event: 196.298 Executing VM operation: RevokeBias done
Event: 196.645 Executing VM operation: RevokeBias
Event: 196.645 Executing VM operation: RevokeBias done


Dynamic libraries:
00400000-00401000 r-xp 00000000 fd:03 9308993                            /home/jsmolar/Programs/jdk1.8.0_77/bin/java
00600000-00601000 rw-p 00000000 fd:03 9308993                            /home/jsmolar/Programs/jdk1.8.0_77/bin/java
01d30000-01d51000 rw-p 00000000 00:00 0                                  [heap]
708e00000-712e00000 rw-p 00000000 00:00 0 
712e00000-782f80000 ---p 00000000 00:00 0 
782f80000-7a1d00000 rw-p 00000000 00:00 0 
7a1d00000-7c0000000 ---p 00000000 00:00 0 
7c0000000-7c0860000 rw-p 00000000 00:00 0 
7c0860000-800000000 ---p 00000000 00:00 0 
7f58c0000000-7f58c0021000 rw-p 00000000 00:00 0 
7f58c0021000-7f58c4000000 ---p 00000000 00:00 0 
7f58c4000000-7f58c4021000 rw-p 00000000 00:00 0 
7f58c4021000-7f58c8000000 ---p 00000000 00:00 0 
7f58c8000000-7f58c8021000 rw-p 00000000 00:00 0 
7f58c8021000-7f58cc000000 ---p 00000000 00:00 0 
7f58cc000000-7f58ccc1c000 rw-p 00000000 00:00 0 
7f58ccc1c000-7f58d0000000 ---p 00000000 00:00 0 
7f58d0000000-7f58d0021000 rw-p 00000000 00:00 0 
7f58d0021000-7f58d4000000 ---p 00000000 00:00 0 
7f58d4000000-7f58d4021000 rw-p 00000000 00:00 0 
7f58d4021000-7f58d8000000 ---p 00000000 00:00 0 
7f58d8000000-7f58d8021000 rw-p 00000000 00:00 0 
7f58d8021000-7f58dc000000 ---p 00000000 00:00 0 
7f58dc000000-7f58dc021000 rw-p 00000000 00:00 0 
7f58dc021000-7f58e0000000 ---p 00000000 00:00 0 
7f58e0000000-7f58e21ab000 rw-p 00000000 00:00 0 
7f58e21ab000-7f58e4000000 ---p 00000000 00:00 0 
7f58e5ea6000-7f58e5ea9000 ---p 00000000 00:00 0 
7f58e5ea9000-7f58e5fa7000 rw-p 00000000 00:00 0 
7f58e5fa7000-7f58e5faa000 ---p 00000000 00:00 0 
7f58e5faa000-7f58e60e8000 rw-p 00000000 00:00 0 
7f58e60e8000-7f58e62a8000 ---p 00000000 00:00 0 
7f58e62a8000-7f58e64a8000 rw-p 00000000 00:00 0 
7f58e64f9000-7f58e66f9000 rw-p 00000000 00:00 0 
7f58e66f9000-7f58e66fc000 ---p 00000000 00:00 0 
7f58e66fc000-7f58e67fa000 rw-p 00000000 00:00 0 
7f58e67fa000-7f58e67fd000 ---p 00000000 00:00 0 
7f58e67fd000-7f58e68fb000 rw-p 00000000 00:00 0 
7f58e68fb000-7f58e68fe000 ---p 00000000 00:00 0 
7f58e68fe000-7f58e6bfc000 rw-p 00000000 00:00 0 
7f58e6bfc000-7f58e6bff000 ---p 00000000 00:00 0 
7f58e6bff000-7f58e6cfd000 rw-p 00000000 00:00 0 
7f58e6cfd000-7f58e6d00000 ---p 00000000 00:00 0 
7f58e6d00000-7f58e6dfe000 rw-p 00000000 00:00 0 
7f58e6dfe000-7f58e6e01000 ---p 00000000 00:00 0 
7f58e6e01000-7f58e6eff000 rw-p 00000000 00:00 0 
7f58e6eff000-7f58e6f02000 ---p 00000000 00:00 0 
7f58e6f02000-7f58e7200000 rw-p 00000000 00:00 0 
7f58e7200000-7f58e7400000 rw-p 00000000 00:00 0 
7f58e7400000-7f58e7600000 rw-p 00000000 00:00 0 
7f58e7600000-7f58e7800000 rw-p 00000000 00:00 0 
7f58e7800000-7f58e7a00000 rw-p 00000000 00:00 0 
7f58e7a00000-7f58e7c00000 rw-p 00000000 00:00 0 
7f58e7c00000-7f58e7e00000 rw-p 00000000 00:00 0 
7f58e7e00000-7f58e8000000 rw-p 00000000 00:00 0 
7f58e8000000-7f58e8021000 rw-p 00000000 00:00 0 
7f58e8021000-7f58ec000000 ---p 00000000 00:00 0 
7f58ec000000-7f58ec021000 rw-p 00000000 00:00 0 
7f58ec021000-7f58f0000000 ---p 00000000 00:00 0 
7f58f0000000-7f58f2f74000 rw-p 00000000 00:00 0 
7f58f2f74000-7f58f4000000 ---p 00000000 00:00 0 
7f58f4000000-7f58f4021000 rw-p 00000000 00:00 0 
7f58f4021000-7f58f8000000 ---p 00000000 00:00 0 
7f58f8000000-7f58f8021000 rw-p 00000000 00:00 0 
7f58f8021000-7f58fc000000 ---p 00000000 00:00 0 
7f58fc000000-7f58fc183000 rw-p 00000000 00:00 0 
7f58fc183000-7f5900000000 ---p 00000000 00:00 0 
7f5900000000-7f5900021000 rw-p 00000000 00:00 0 
7f5900021000-7f5904000000 ---p 00000000 00:00 0 
7f5904000000-7f5904021000 rw-p 00000000 00:00 0 
7f5904021000-7f5908000000 ---p 00000000 00:00 0 
7f5908000000-7f5909209000 rw-p 00000000 00:00 0 
7f5909209000-7f590c000000 ---p 00000000 00:00 0 
7f590c000000-7f590c021000 rw-p 00000000 00:00 0 
7f590c021000-7f5910000000 ---p 00000000 00:00 0 
7f5910000000-7f5912eb0000 rw-p 00000000 00:00 0 
7f5912eb0000-7f5914000000 ---p 00000000 00:00 0 
7f5914000000-7f5916fc2000 rw-p 00000000 00:00 0 
7f5916fc2000-7f5918000000 ---p 00000000 00:00 0 
7f5918000000-7f5918021000 rw-p 00000000 00:00 0 
7f5918021000-7f591c000000 ---p 00000000 00:00 0 
7f591c0d8000-7f591c0dc000 rw-p 00000000 00:00 0 
7f591c0dc000-7f591c0de000 r--s 00002000 fd:03 9046454                    /home/jsmolar/.m2/repository/cz/muni/fi/pa165/sports-club-api/1.0-SNAPSHOT/sports-club-api-1.0-SNAPSHOT.jar
7f591c0de000-7f591c0e4000 r--s 002f8000 fd:03 9832615                    /home/jsmolar/Programs/jdk1.8.0_77/jre/lib/charsets.jar
7f591c0e4000-7f591c17a000 r--s 01102000 fd:03 10094812                   /home/jsmolar/Programs/jdk1.8.0_77/jre/lib/ext/jfxrt.jar
7f591c17a000-7f591c37a000 rw-p 00000000 00:00 0 
7f591c37a000-7f591c57a000 rw-p 00000000 00:00 0 
7f591c57a000-7f591c77a000 rw-p 00000000 00:00 0 
7f591c77a000-7f591c77d000 ---p 00000000 00:00 0 
7f591c77d000-7f591c87b000 rw-p 00000000 00:00 0 
7f591c87b000-7f591c87e000 ---p 00000000 00:00 0 
7f591c87e000-7f591cb7c000 rw-p 00000000 00:00 0 
7f591cb7c000-7f591cb7f000 r--s 0001a000 fd:03 9832628                    /home/jsmolar/Programs/jdk1.8.0_77/jre/lib/jce.jar
7f591cb7f000-7f591cd7f000 rw-p 00000000 00:00 0 
7f591cd7f000-7f591cf7f000 rw-p 00000000 00:00 0 
7f591cf7f000-7f591cf82000 ---p 00000000 00:00 0 
7f591cf82000-7f591d280000 rw-p 00000000 00:00 0 
7f591d280000-7f591d292000 r--s 00345000 fd:03 9832621                    /home/jsmolar/Programs/jdk1.8.0_77/jre/lib/resources.jar
7f591d292000-7f591d29c000 r--s 0005c000 fd:03 3034519                    /home/jsmolar/.m2/repository/javax/servlet/jstl/1.2/jstl-1.2.jar
7f591d29c000-7f591d2ae000 r--s 000b5000 fd:03 8668213                    /home/jsmolar/.m2/repository/org/springframework/spring-web/4.3.3.RELEASE/spring-web-4.3.3.RELEASE.jar
7f591d2ae000-7f591d2b3000 r--s 0003c000 fd:03 10627145                   /home/jsmolar/.m2/repository/org/springframework/spring-expression/4.3.3.RELEASE/spring-expression-4.3.3.RELEASE.jar
7f591d2b3000-7f591d2ca000 r--s 000f9000 fd:03 10627146                   /home/jsmolar/.m2/repository/org/springframework/spring-core/4.3.3.RELEASE/spring-core-4.3.3.RELEASE.jar
7f591d2ca000-7f591d2e4000 r--s 000fc000 fd:03 10627164                   /home/jsmolar/.m2/repository/org/springframework/spring-context/4.3.3.RELEASE/spring-context-4.3.3.RELEASE.jar
7f591d2e4000-7f591d2f2000 r--s 000ac000 fd:03 10627144                   /home/jsmolar/.m2/repository/org/springframework/spring-beans/4.3.3.RELEASE/spring-beans-4.3.3.RELEASE.jar
7f591d2f2000-7f591d2fb000 r--s 00054000 fd:03 8668112                    /home/jsmolar/.m2/repository/org/springframework/spring-aop/4.3.3.RELEASE/spring-aop-4.3.3.RELEASE.jar
7f591d2fb000-7f591d30d000 r--s 000ce000 fd:03 8276345                    /home/jsmolar/.m2/repository/org/springframework/spring-webmvc/4.3.3.RELEASE/spring-webmvc-4.3.3.RELEASE.jar
7f591d30d000-7f591d33c000 r--s 002e5000 fd:03 8808801                    /home/jsmolar/.m2/repository/org/apache/derby/derby/10.12.1.1/derby-10.12.1.1.jar
7f591d33c000-7f591d53c000 rw-p 00000000 00:00 0 
7f591d53c000-7f5924000000 r--p 00000000 fd:01 2115221                    /usr/lib/locale/locale-archive
7f5924000000-7f5924021000 rw-p 00000000 00:00 0 
7f5924021000-7f5928000000 ---p 00000000 00:00 0 
7f5928000000-7f5928021000 rw-p 00000000 00:00 0 
7f5928021000-7f592c000000 ---p 00000000 00:00 0 
7f592c000000-7f592c021000 rw-p 00000000 00:00 0 
7f592c021000-7f5930000000 ---p 00000000 00:00 0 
7f5930000000-7f59300cc000 rw-p 00000000 00:00 0 
7f59300cc000-7f5934000000 ---p 00000000 00:00 0 
7f5934000000-7f593402c000 rw-p 00000000 00:00 0 
7f593402c000-7f5938000000 ---p 00000000 00:00 0 
7f5938000000-7f5938021000 rw-p 00000000 00:00 0 
7f5938021000-7f593c000000 ---p 00000000 00:00 0 
7f593c000000-7f593c021000 rw-p 00000000 00:00 0 
7f593c021000-7f5940000000 ---p 00000000 00:00 0 
7f5940000000-7f5940007000 r--s 00064000 fd:03 10226266                   /home/jsmolar/.m2/repository/org/apache/commons/commons-lang3/3.4/commons-lang3-3.4.jar
7f5940007000-7f5940014000 r--s 00083000 fd:03 9962835                    /home/jsmolar/.m2/repository/commons-collections/commons-collections/3.2.2/commons-collections-3.2.2.jar
7f5940014000-7f5940019000 r--s 00035000 fd:03 9045793                    /home/jsmolar/.m2/repository/commons-beanutils/commons-beanutils/1.9.2/commons-beanutils-1.9.2.jar
7f5940019000-7f594001f000 r--s 0003e000 fd:03 9571607                    /home/jsmolar/.m2/repository/net/sf/dozer/dozer/5.5.1/dozer-5.5.1.jar
7f594001f000-7f5940020000 r--s 00000000 fd:03 9831906                    /home/jsmolar/.m2/repository/javax/inject/javax.inject/1/javax.inject-1.jar
7f5940020000-7f5940022000 r--s 00003000 fd:03 10227331                   /home/jsmolar/.m2/repository/org/slf4j/jcl-over-slf4j/1.7.21/jcl-over-slf4j-1.7.21.jar
7f5940022000-7f5940024000 r--s 00009000 fd:03 10227330                   /home/jsmolar/.m2/repository/org/slf4j/slf4j-api/1.7.21/slf4j-api-1.7.21.jar
7f5940024000-7f5940026000 r--s 0000e000 fd:03 10227346                   /home/jsmolar/.m2/repository/com/fasterxml/classmate/1.3.1/classmate-1.3.1.jar
7f5940026000-7f5940036000 r--s 0009c000 fd:03 5786315                    /home/jsmolar/.m2/repository/org/hibernate/hibernate-validator/5.2.4.Final/hibernate-validator-5.2.4.Final.jar
7f5940036000-7f5940037000 r--s 00003000 fd:03 10355592                   /home/jsmolar/.m2/repository/org/apache/geronimo/specs/geronimo-jta_1.1_spec/1.1.1/geronimo-jta_1.1_spec-1.1.1.jar
7f5940037000-7f5940041000 r--s 000ae000 fd:03 10362534                   /home/jsmolar/.m2/repository/org/javassist/javassist/3.20.0-GA/javassist-3.20.0-GA.jar
7f5940041000-7f5940046000 r--s 00017000 fd:03 10355582                   /home/jsmolar/.m2/repository/org/hibernate/javax/persistence/hibernate-jpa-2.1-api/1.0.0.Final/hibernate-jpa-2.1-api-1.0.0.Final.jar
7f5940046000-7f5940049000 r--s 00010000 fd:03 10355602                   /home/jsmolar/.m2/repository/org/hibernate/common/hibernate-commons-annotations/5.0.1.Final/hibernate-commons-annotations-5.0.1.Final.jar
7f5940049000-7f5940052000 r--s 0002d000 fd:03 11290267                   /home/jsmolar/.m2/repository/xml-apis/xml-apis/1.4.01/xml-apis-1.4.01.jar
7f5940052000-7f5940057000 r--s 00048000 fd:03 10355597                   /home/jsmolar/.m2/repository/dom4j/dom4j/1.6.1/dom4j-1.6.1.jar
7f5940057000-7f594005a000 r--s 0002b000 fd:03 10362533                   /home/jsmolar/.m2/repository/org/jboss/jandex/2.0.0.Final/jandex-2.0.0.Final.jar
7f594005a000-7f594005f000 r--s 00068000 fd:03 10355590                   /home/jsmolar/.m2/repository/antlr/antlr/2.7.7/antlr-2.7.7.jar
7f594005f000-7f59400c8000 r--s 004f3000 fd:03 10362531                   /home/jsmolar/.m2/repository/org/hibernate/hibernate-core/5.0.11.Final/hibernate-core-5.0.11.Final.jar
7f59400c8000-7f59400ca000 r--s 0000f000 fd:03 10355586                   /home/jsmolar/.m2/repository/org/jboss/logging/jboss-logging/3.3.0.Final/jboss-logging-3.3.0.Final.jar
7f59400ca000-7f59400d7000 r--s 00089000 fd:03 11546280                   /home/jsmolar/.m2/repository/org/hibernate/hibernate-entitymanager/5.0.11.Final/hibernate-entitymanager-5.0.11.Final.jar
7f59400d7000-7f59400db000 r--s 00019000 fd:03 9046365                    /home/jsmolar/.m2/repository/org/aspectj/aspectjrt/1.8.9/aspectjrt-1.8.9.jar
7f59400db000-7f59400ec000 r--s 00099000 fd:03 3558204                    /home/jsmolar/.m2/repository/org/springframework/data/spring-data-commons/1.12.3.RELEASE/spring-data-commons-1.12.3.RELEASE.jar
7f59400ec000-7f59400f3000 r--s 0003e000 fd:03 3558268                    /home/jsmolar/.m2/repository/org/springframework/data/spring-data-jpa/1.10.3.RELEASE/spring-data-jpa-1.10.3.RELEASE.jar
7f59400f3000-7f59400fd000 r--s 0005f000 fd:03 10627153                   /home/jsmolar/.m2/repository/org/springframework/spring-jdbc/4.3.3.RELEASE/spring-jdbc-4.3.3.RELEASE.jar
7f59400fd000-7f5940107000 r--s 0006b000 fd:03 10627151                   /home/jsmolar/.m2/repository/org/springframework/spring-orm/4.3.3.RELEASE/spring-orm-4.3.3.RELEASE.jar
7f5940107000-7f5940115000 r--s 00083000 fd:03 1596482                    /home/jsmolar/.m2/repository/org/springframework/spring-test/4.3.3.RELEASE/spring-test-4.3.3.RELEASE.jar
7f5940115000-7f5940118000 r--s 0000b000 fd:03 11546364                   /home/jsmolar/.m2/repository/com/fasterxml/jackson/core/jackson-annotations/2.8.3/jackson-annotations-2.8.3.jar
7f5940118000-7f5940120000 r--s 0003a000 fd:03 10627174                   /home/jsmolar/.m2/repository/org/springframework/spring-tx/4.3.3.RELEASE/spring-tx-4.3.3.RELEASE.jar
7f5940120000-7f5940124000 r--s 0000c000 fd:03 9962855                    /home/jsmolar/.m2/repository/javax/validation/validation-api/1.1.0.Final/validation-api-1.1.0.Final.jar
7f5940124000-7f5940126000 r--s 00002000 fd:03 9046454                    /home/jsmolar/.m2/repository/cz/muni/fi/pa165/sports-club-api/1.0-SNAPSHOT/sports-club-api-1.0-SNAPSHOT.jar
7f5940126000-7f5940128000 r--s 00004000 fd:03 11547616                   /home/jsmolar/.m2/repository/cz/muni/fi/pa165/sports-club-persistence/1.0-SNAPSHOT/sports-club-persistence-1.0-SNAPSHOT.jar
7f5940128000-7f594012a000 r--s 00004000 fd:03 11548450                   /home/jsmolar/.m2/repository/cz/muni/fi/pa165/sports-club-service/1.0-SNAPSHOT/sports-club-service-1.0-SNAPSHOT.jar
7f594012a000-7f594012b000 r--s 00001000 fd:03 11548457                   /home/jsmolar/.m2/repository/cz/muni/fi/pa165/sports-club-sampleData/1.0-SNAPSHOT/sports-club-sampleData-1.0-SNAPSHOT.jar
7f594012b000-7f594012e000 ---p 00000000 00:00 0 
7f594012e000-7f594022c000 rw-p 00000000 00:00 0 
7f594022c000-7f594022f000 ---p 00000000 00:00 0 
7f594022f000-7f594032d000 rw-p 00000000 00:00 0 
7f594032d000-7f5940337000 r--s 00116000 fd:03 10094818                   /home/jsmolar/Programs/jdk1.8.0_77/jre/lib/ext/localedata.jar
7f5940337000-7f5940353000 r--s 00393000 fd:03 10094811                   /home/jsmolar/Programs/jdk1.8.0_77/jre/lib/ext/cldrdata.jar
7f5940353000-7f5940553000 rw-p 00000000 00:00 0 
7f5940553000-7f594055c000 r-xp 00000000 fd:03 10620442                   /home/jsmolar/Programs/jdk1.8.0_77/jre/lib/amd64/libmanagement.so
7f594055c000-7f594075b000 ---p 00009000 fd:03 10620442                   /home/jsmolar/Programs/jdk1.8.0_77/jre/lib/amd64/libmanagement.so
7f594075b000-7f594075c000 rw-p 00008000 fd:03 10620442                   /home/jsmolar/Programs/jdk1.8.0_77/jre/lib/amd64/libmanagement.so
7f594075c000-7f594095c000 rw-p 00000000 00:00 0 
7f594095c000-7f594095e000 r--s 00005000 fd:03 10618209                   /home/jsmolar/.m2/repository/org/slf4j/slf4j-api/1.7.5/slf4j-api-1.7.5.jar
7f594095e000-7f5940960000 r--s 00003000 fd:03 11018914                   /home/jsmolar/.m2/repository/org/slf4j/jcl-over-slf4j/1.7.5/jcl-over-slf4j-1.7.5.jar
7f5940960000-7f5940962000 r--s 00002000 fd:03 10224068                   /home/jsmolar/.m2/repository/org/sonatype/plexus/plexus-cipher/1.4/plexus-cipher-1.4.jar
7f5940962000-7f5940963000 r--s 00006000 fd:03 10224067                   /home/jsmolar/.m2/repository/org/sonatype/plexus/plexus-sec-dispatcher/1.3/plexus-sec-dispatcher-1.3.jar
7f5940963000-7f5940964000 r--s 00002000 fd:03 10224056                   /home/jsmolar/.m2/repository/org/apache/maven/doxia/doxia-logging-api/1.1/doxia-logging-api-1.1.jar
7f5940964000-7f5940966000 r--s 00002000 fd:03 10224055                   /home/jsmolar/.m2/repository/org/apache/maven/doxia/doxia-sink-api/1.1/doxia-sink-api-1.1.jar
7f5940966000-7f5940967000 r--s 00002000 fd:03 10224052                   /home/jsmolar/.m2/repository/org/apache/maven/reporting/maven-reporting-api/2.2.1/maven-reporting-api-2.2.1.jar
7f5940967000-7f5940969000 r--s 00009000 fd:03 10620294                   /home/jsmolar/.m2/repository/org/apache/maven/shared/maven-filtering/1.0/maven-filtering-1.0.jar
7f5940969000-7f594096d000 r--s 00037000 fd:03 10223717                   /home/jsmolar/.m2/repository/org/codehaus/plexus/plexus-utils/3.0.15/plexus-utils-3.0.15.jar
7f594096d000-7f5940970000 r--s 0000c000 fd:03 9307444                    /home/jsmolar/.m2/repository/org/codehaus/plexus/plexus-io/2.0.3/plexus-io-2.0.3.jar
7f5940970000-7f5940972000 r--s 00011000 fd:03 1589021                    /home/jsmolar/.m2/repository/org/hamcrest/hamcrest-core/1.1/hamcrest-core-1.1.jar
7f5940972000-7f5940979000 r--s 00037000 fd:03 1588874                    /home/jsmolar/.m2/repository/junit/junit/4.10/junit-4.10.jar
7f5940979000-7f594097e000 r--s 00029000 fd:03 9307443                    /home/jsmolar/.m2/repository/org/codehaus/plexus/plexus-archiver/2.1.1/plexus-archiver-2.1.1.jar
7f594097e000-7f5940982000 r--s 00014000 fd:03 10227318                   /home/jsmolar/.m2/repository/org/tukaani/xz/1.0/xz-1.0.jar
7f5940982000-7f5940987000 r--s 00036000 fd:03 10227315                   /home/jsmolar/.m2/repository/org/apache/commons/commons-compress/1.4.1/commons-compress-1.4.1.jar
7f5940987000-7f594098c000 r--s 00041000 fd:03 10224777                   /home/jsmolar/.m2/repository/commons-lang/commons-lang/2.6/commons-lang-2.6.jar
7f594098c000-7f5940990000 r--s 00027000 fd:03 10224339                   /home/jsmolar/.m2/repository/commons-io/commons-io/2.2/commons-io-2.2.jar
7f5940990000-7f5940991000 r--s 00004000 fd:03 9308914                    /home/jsmolar/.m2/repository/org/apache/maven/maven-archiver/2.4.2/maven-archiver-2.4.2.jar
7f5940991000-7f5940993000 r--s 00009000 fd:03 10224064                   /home/jsmolar/.m2/repository/commons-cli/commons-cli/1.2/commons-cli-1.2.jar
7f5940993000-7f5940995000 r--s 00005000 fd:03 9046352                    /home/jsmolar/.m2/repository/org/apache/tomcat/maven/tomcat7-war-runner/2.2/tomcat7-war-runner-2.2.jar
7f5940995000-7f594099b000 r--s 00033000 fd:03 10224342                   /home/jsmolar/.m2/repository/commons-codec/commons-codec/1.6/commons-codec-1.6.jar
7f594099b000-7f594099d000 r--s 0000e000 fd:03 10226255                   /home/jsmolar/.m2/repository/commons-logging/commons-logging/1.1.3/commons-logging-1.1.3.jar
7f594099d000-7f59409a3000 r--s 0003f000 fd:03 10488925                   /home/jsmolar/.m2/repository/org/apache/httpcomponents/httpcore/4.3/httpcore-4.3.jar
7f59409a3000-7f59409ae000 r--s 00084000 fd:03 10359777                   /home/jsmolar/.m2/repository/org/apache/httpcomponents/httpclient/4.3.1/httpclient-4.3.1.jar
7f59409ae000-7f59409b1000 r--s 00006000 fd:03 10618218                   /home/jsmolar/.m2/repository/com/google/code/findbugs/jsr305/1.3.9/jsr305-1.3.9.jar
7f59409b1000-7f59409cf000 r--s 00151000 fd:03 10618217                   /home/jsmolar/.m2/repository/com/google/guava/guava/10.0.1/guava-10.0.1.jar
7f59409cf000-7f59409d7000 r--s 00049000 fd:03 9438773                    /home/jsmolar/.m2/repository/backport-util-concurrent/backport-util-concurrent/3.1/backport-util-concurrent-3.1.jar
7f59409d7000-7f59409d9000 r--s 00008000 fd:03 9046350                    /home/jsmolar/.m2/repository/org/apache/tomcat/maven/common-tomcat-maven-plugin/2.2/common-tomcat-maven-plugin-2.2.jar
7f59409d9000-7f59409e8000 r--s 001a9000 fd:03 9437416                    /home/jsmolar/.m2/repository/org/eclipse/jdt/core/compiler/ecj/4.2.2/ecj-4.2.2.jar
7f59409e8000-7f59409ea000 r--s 00013000 fd:03 9046348                    /home/jsmolar/.m2/repository/org/apache/tomcat/embed/tomcat-embed-logging-log4j/7.0.47/tomcat-embed-logging-log4j-7.0.47.jar
7f59409ea000-7f59409ec000 r--s 00008000 fd:03 9046345                    /home/jsmolar/.m2/repository/org/apache/tomcat/embed/tomcat-embed-logging-juli/7.0.47/tomcat-embed-logging-juli-7.0.47.jar
7f59409ec000-7f59409ee000 r--s 00008000 fd:03 9046343                    /home/jsmolar/.m2/repository/org/apache/tomcat/tomcat-juli/7.0.47/tomcat-juli-7.0.47.jar
7f59409ee000-7f59409ef000 r--s 00003000 fd:03 9046342                    /home/jsmolar/.m2/repository/org/apache/tomcat/tomcat-annotations-api/7.0.47/tomcat-annotations-api-7.0.47.jar
7f59409ef000-7f59409f1000 r--s 0001f000 fd:03 9046338                    /home/jsmolar/.m2/repository/org/apache/tomcat/tomcat-catalina-ha/7.0.47/tomcat-catalina-ha-7.0.47.jar
7f59409f1000-7f59409f5000 r--s 0003b000 fd:03 9046337                    /home/jsmolar/.m2/repository/org/apache/tomcat/tomcat-tribes/7.0.47/tomcat-tribes-7.0.47.jar
7f59409f5000-7f5940a07000 r--s 00171000 fd:03 9046335                    /home/jsmolar/.m2/repository/org/apache/tomcat/tomcat-catalina/7.0.47/tomcat-catalina-7.0.47.jar
7f5940a07000-7f5940a09000 r--s 0000a000 fd:03 9046331                    /home/jsmolar/.m2/repository/org/apache/tomcat/tomcat-el-api/7.0.47/tomcat-el-api-7.0.47.jar
7f5940a09000-7f5940a0c000 r--s 0001c000 fd:03 9046332                    /home/jsmolar/.m2/repository/org/apache/tomcat/tomcat-jasper-el/7.0.47/tomcat-jasper-el-7.0.47.jar
7f5940a0c000-7f5940a14000 r--s 0008b000 fd:03 9046328                    /home/jsmolar/.m2/repository/org/apache/tomcat/tomcat-jasper/7.0.47/tomcat-jasper-7.0.47.jar
7f5940a14000-7f5940a17000 r--s 00013000 fd:03 9046326                    /home/jsmolar/.m2/repository/org/apache/tomcat/tomcat-jsp-api/7.0.47/tomcat-jsp-api-7.0.47.jar
7f5940a17000-7f5940a1a000 r--s 00029000 fd:03 9046324                    /home/jsmolar/.m2/repository/org/apache/tomcat/tomcat-servlet-api/7.0.47/tomcat-servlet-api-7.0.47.jar
7f5940a1a000-7f5940a1e000 r--s 00036000 fd:03 9046323                    /home/jsmolar/.m2/repository/org/apache/tomcat/tomcat-dbcp/7.0.47/tomcat-dbcp-7.0.47.jar
7f5940a1e000-7f5940a20000 r--s 0001d000 fd:03 9046320                    /home/jsmolar/.m2/repository/org/apache/tomcat/tomcat-jdbc/7.0.47/tomcat-jdbc-7.0.47.jar
7f5940a20000-7f5940a21000 r--s 00001000 fd:03 9046319                    /home/jsmolar/.m2/repository/org/apache/tomcat/tomcat-api/7.0.47/tomcat-api-7.0.47.jar
7f5940a21000-7f5940a2f000 r--s 000be000 fd:03 9046318                    /home/jsmolar/.m2/repository/org/apache/tomcat/tomcat-coyote/7.0.47/tomcat-coyote-7.0.47.jar
7f5940a2f000-7f5940a30000 r--s 00005000 fd:03 9046317                    /home/jsmolar/.m2/repository/org/apache/tomcat/tomcat-util/7.0.47/tomcat-util-7.0.47.jar
7f5940a30000-7f5940a57000 r--s 00290000 fd:03 9046316                    /home/jsmolar/.m2/repository/org/apache/tomcat/embed/tomcat-embed-core/7.0.47/tomcat-embed-core-7.0.47.jar
7f5940a57000-7f5940a59000 r--s 0001a000 fd:03 9046254                    /home/jsmolar/.m2/repository/org/apache/tomcat/maven/tomcat7-maven-plugin/2.2/tomcat7-maven-plugin-2.2.jar
7f5940a59000-7f5940a5c000 r--s 0001b000 fd:03 9438779                    /home/jsmolar/.m2/repository/junit/junit/3.8.2/junit-3.8.2.jar
7f5940a5c000-7f5940a6a000 r--s 0008f000 fd:03 10224019                   /home/jsmolar/.m2/repository/com/google/collections/google-collections/1.0/google-collections-1.0.jar
7f5940a6a000-7f5940a6b000 r--s 0000a000 fd:03 10224017                   /home/jsmolar/.m2/repository/commons-logging/commons-logging-api/1.1/commons-logging-api-1.1.jar
7f5940a6b000-7f5940a72000 r--s 00051000 fd:03 10224012                   /home/jsmolar/.m2/repository/log4j/log4j/1.2.12/log4j-1.2.12.jar
7f5940a72000-7f5940a76000 r--s 0001d000 fd:03 10224010                   /home/jsmolar/.m2/repository/org/apache/xbean/xbean-reflect/3.4/xbean-reflect-3.4.jar
7f5940a76000-7f5940a77000 r--s 00004000 fd:03 10094777                   /home/jsmolar/.m2/repository/org/codehaus/plexus/plexus-compiler-javac/2.2/plexus-compiler-javac-2.2.jar
7f5940a77000-7f5940a79000 r--s 00000000 fd:03 9963277                    /home/jsmolar/.m2/repository/org/codehaus/plexus/plexus-compiler-manager/2.2/plexus-compiler-manager-2.2.jar
7f5940a79000-7f5940a7b000 r--s 00005000 fd:03 9963275                    /home/jsmolar/.m2/repository/org/codehaus/plexus/plexus-compiler-api/2.2/plexus-compiler-api-2.2.jar
7f5940a7b000-7f5940a7d000 r--s 00000000 fd:03 9438760                    /home/jsmolar/.m2/repository/org/codehaus/plexus/plexus-component-annotations/1.5.5/plexus-component-annotations-1.5.5.jar
7f5940a7d000-7f5940a7f000 r--s 00002000 fd:03 10224639                   /home/jsmolar/.m2/repository/org/apache/maven/shared/maven-shared-incremental/1.1/maven-shared-incremental-1.1.jar
7f5940a7f000-7f5940a81000 r--s 00006000 fd:03 10224369                   /home/jsmolar/.m2/repository/com/google/code/findbugs/jsr305/2.0.1/jsr305-2.0.1.jar
7f5940a81000-7f5940a84000 r--s 00023000 fd:03 10224638                   /home/jsmolar/.m2/repository/org/apache/maven/shared/maven-shared-utils/0.1/maven-shared-utils-0.1.jar
7f5940a84000-7f5940a88000 r--s 00030000 fd:03 10224608                   /home/jsmolar/.m2/repository/org/codehaus/plexus/plexus-utils/1.5.1/plexus-utils-1.5.1.jar
7f5940a88000-7f5940a8a000 r--s 00009000 fd:03 10618029                   /home/jsmolar/.m2/repository/org/apache/maven/plugins/maven-compiler-plugin/3.1/maven-compiler-plugin-3.1.jar
7f5940a8a000-7f5940a8c000 r--s 0000d000 fd:03 9308899                    /home/jsmolar/.m2/repository/org/codehaus/plexus/plexus-interpolation/1.13/plexus-interpolation-1.13.jar
7f5940a8c000-7f5940a8d000 r--s 00001000 fd:03 10224519                   /home/jsmolar/.m2/repository/org/sonatype/plexus/plexus-build-api/0.0.4/plexus-build-api-0.0.4.jar
7f5940a8d000-7f5940a8f000 r--s 00009000 fd:03 10620165                   /home/jsmolar/.m2/repository/org/apache/maven/shared/maven-filtering/1.1/maven-filtering-1.1.jar
7f5940a8f000-7f5940a93000 r--s 00033000 fd:03 11011232                   /home/jsmolar/.m2/repository/org/codehaus/plexus/plexus-utils/2.0.5/plexus-utils-2.0.5.jar
7f5940a93000-7f5940a96000 r--s 0001b000 fd:03 9308415                    /home/jsmolar/.m2/repository/junit/junit/3.8.1/junit-3.8.1.jar
7f5940a96000-7f5940a98000 r--s 00002000 fd:03 9308432                    /home/jsmolar/.m2/repository/org/codehaus/plexus/plexus-interactivity-api/1.0-alpha-4/plexus-interactivity-api-1.0-alpha-4.jar
7f5940a98000-7f5940a9a000 r--s 00006000 fd:03 9308425                    /home/jsmolar/.m2/repository/commons-cli/commons-cli/1.0/commons-cli-1.0.jar
7f5940a9a000-7f5940a9b000 r--s 00001000 fd:03 9308470                    /home/jsmolar/.m2/repository/org/apache/maven/doxia/doxia-sink-api/1.0-alpha-7/doxia-sink-api-1.0-alpha-7.jar
7f5940a9b000-7f5940a9c000 r--s 00002000 fd:03 9308466                    /home/jsmolar/.m2/repository/org/apache/maven/reporting/maven-reporting-api/2.0.6/maven-reporting-api-2.0.6.jar
7f5940a9c000-7f5940a9e000 r--s 00006000 fd:03 10488224                   /home/jsmolar/.m2/repository/org/apache/maven/plugins/maven-resources-plugin/2.6/maven-resources-plugin-2.6.jar
7f5940a9e000-7f5940c9e000 rw-p 00000000 00:00 0 
7f5940c9e000-7f5940caf000 r-xp 00000000 fd:03 10620437                   /home/jsmolar/Programs/jdk1.8.0_77/jre/lib/amd64/libnio.so
7f5940caf000-7f5940eae000 ---p 00011000 fd:03 10620437                   /home/jsmolar/Programs/jdk1.8.0_77/jre/lib/amd64/libnio.so
7f5940eae000-7f5940eaf000 rw-p 00010000 fd:03 10620437                   /home/jsmolar/Programs/jdk1.8.0_77/jre/lib/amd64/libnio.so
7f5940eaf000-7f5940eb2000 ---p 00000000 00:00 0 
7f5940eb2000-7f5940ee8000 rw-p 00000000 00:00 0 
7f5940ee8000-7f5940ee9000 r--p 00000000 00:00 0 
7f5940ee9000-7f59410e9000 rw-p 00000000 00:00 0 
7f59410e9000-7f59410ed000 r--s 00097000 fd:03 9832622                    /home/jsmolar/Programs/jdk1.8.0_77/jre/lib/jsse.jar
7f59410ed000-7f59412ed000 rw-p 00000000 00:00 0 
7f59412ed000-7f59412ef000 r--s 00002000 fd:03 9045182                    /home/jsmolar/Programs/idea/plugins/maven/lib/maven3/lib/plexus-cipher-1.7.jar
7f59412ef000-7f594131d000 r--s 001fa000 fd:03 9045192                    /home/jsmolar/Programs/idea/plugins/maven/lib/maven3/lib/wagon-http-2.8-shaded.jar
7f594131d000-7f5941321000 r--s 00033000 fd:03 9045186                    /home/jsmolar/Programs/idea/plugins/maven/lib/maven3/lib/plexus-utils-2.0.6.jar
7f5941321000-7f5941324000 r--s 00013000 fd:03 9045161                    /home/jsmolar/Programs/idea/plugins/maven/lib/maven3/lib/aether-api-1.13.1.jar
7f5941324000-7f5941326000 r--s 00026000 fd:03 9045176                    /home/jsmolar/Programs/idea/plugins/maven/lib/maven3/lib/maven-model-3.0.5.jar
7f5941326000-7f5941328000 r--s 0000a000 fd:03 9045180                    /home/jsmolar/Programs/idea/plugins/maven/lib/maven3/lib/maven-settings-3.0.5.jar
7f5941328000-7f594132f000 r--s 00040000 fd:03 9045189                    /home/jsmolar/Programs/idea/plugins/maven/lib/maven3/lib/sisu-inject-bean-2.3.0.jar
7f594132f000-7f5941335000 r--s 0002c000 fd:03 9045190                    /home/jsmolar/Programs/idea/plugins/maven/lib/maven3/lib/sisu-inject-plexus-2.3.0.jar
7f5941335000-7f5941339000 r--s 00021000 fd:03 9045177                    /home/jsmolar/Programs/idea/plugins/maven/lib/maven3/lib/maven-model-builder-3.0.5.jar
7f5941339000-7f594133e000 r--s 00041000 fd:03 9045168                    /home/jsmolar/Programs/idea/plugins/maven/lib/maven3/lib/commons-lang-2.6.jar
7f594133e000-7f594134a000 r--s 0007d000 fd:03 9045174                    /home/jsmolar/Programs/idea/plugins/maven/lib/maven3/lib/maven-core-3.0.5.jar
7f594134a000-7f594134c000 r--s 00006000 fd:03 9045179                    /home/jsmolar/Programs/idea/plugins/maven/lib/maven3/lib/maven-repository-metadata-3.0.5.jar
7f594134c000-7f594134e000 r--s 0000d000 fd:03 9045184                    /home/jsmolar/Programs/idea/plugins/maven/lib/maven3/lib/plexus-interpolation-1.14.jar
7f594134e000-7f594136d000 r--s 00152000 fd:03 9045187                    /home/jsmolar/Programs/idea/plugins/maven/lib/maven3/lib/sisu-guava-0.9.9.jar
7f594136d000-7f594139e000 rw-p 00000000 00:00 0 
7f594139e000-7f59413b4000 r-xp 00000000 fd:03 10620434                   /home/jsmolar/Programs/jdk1.8.0_77/jre/lib/amd64/libnet.so
7f59413b4000-7f59415b4000 ---p 00016000 fd:03 10620434                   /home/jsmolar/Programs/jdk1.8.0_77/jre/lib/amd64/libnet.so
7f59415b4000-7f59415b5000 rw-p 00016000 fd:03 10620434                   /home/jsmolar/Programs/jdk1.8.0_77/jre/lib/amd64/libnet.so
7f59415b5000-7f59415b8000 ---p 00000000 00:00 0 
7f59415b8000-7f59416b6000 rw-p 00000000 00:00 0 
7f59416b6000-7f59416b7000 r-xp 00000000 fd:03 8913620                    /home/jsmolar/Programs/idea/bin/libbreakgen64.so
7f59416b7000-7f59418b6000 ---p 00001000 fd:03 8913620                    /home/jsmolar/Programs/idea/bin/libbreakgen64.so
7f59418b6000-7f59418b7000 r--p 00000000 fd:03 8913620                    /home/jsmolar/Programs/idea/bin/libbreakgen64.so
7f59418b7000-7f59418b8000 rw-p 00001000 fd:03 8913620                    /home/jsmolar/Programs/idea/bin/libbreakgen64.so
7f59418b8000-7f59418b9000 ---p 00000000 00:00 0 
7f59418b9000-7f59419b9000 rw-p 00000000 00:00 0 
7f59419b9000-7f59419bc000 ---p 00000000 00:00 0 
7f59419bc000-7f5941aba000 rw-p 00000000 00:00 0 
7f5941aba000-7f5941abd000 ---p 00000000 00:00 0 
7f5941abd000-7f5941bbb000 rw-p 00000000 00:00 0 
7f5941bbb000-7f5941bbe000 ---p 00000000 00:00 0 
7f5941bbe000-7f5941cbc000 rw-p 00000000 00:00 0 
7f5941cbc000-7f5941cbf000 ---p 00000000 00:00 0 
7f5941cbf000-7f5941dbd000 rw-p 00000000 00:00 0 
7f5941dbd000-7f5941dc0000 ---p 00000000 00:00 0 
7f5941dc0000-7f5941ebe000 rw-p 00000000 00:00 0 
7f5941ebe000-7f5941ec1000 ---p 00000000 00:00 0 
7f5941ec1000-7f5941fbf000 rw-p 00000000 00:00 0 
7f5941fbf000-7f5941fc2000 ---p 00000000 00:00 0 
7f5941fc2000-7f59420c0000 rw-p 00000000 00:00 0 
7f59420c0000-7f59420c1000 ---p 00000000 00:00 0 
7f59420c1000-7f5949000000 rw-p 00000000 00:00 0 
7f5949000000-7f594a2a0000 rwxp 00000000 00:00 0 
7f594a2a0000-7f5958000000 ---p 00000000 00:00 0 
7f5958000000-7f5958e84000 rw-p 00000000 00:00 0 
7f5958e84000-7f595c000000 ---p 00000000 00:00 0 
7f595c000000-7f595c001000 r--s 00002000 fd:03 9045191                    /home/jsmolar/Programs/idea/plugins/maven/lib/maven3/lib/wagon-file-2.8.jar
7f595c001000-7f595c555000 rw-p 00000000 00:00 0 
7f595c555000-7f595c72d000 r--s 03d1e000 fd:03 9832617                    /home/jsmolar/Programs/jdk1.8.0_77/jre/lib/rt.jar
7f595c72d000-7f595cd5c000 rw-p 00000000 00:00 0 
7f595cd5c000-7f595cd5d000 ---p 00000000 00:00 0 
7f595cd5d000-7f595ce5d000 rw-p 00000000 00:00 0 
7f595ce5d000-7f595ce5e000 ---p 00000000 00:00 0 
7f595ce5e000-7f595cf5e000 rw-p 00000000 00:00 0 
7f595cf5e000-7f595cf5f000 ---p 00000000 00:00 0 
7f595cf5f000-7f595d05f000 rw-p 00000000 00:00 0 
7f595d05f000-7f595d060000 ---p 00000000 00:00 0 
7f595d060000-7f595d1b0000 rw-p 00000000 00:00 0 
7f595d1b0000-7f595d531000 ---p 00000000 00:00 0 
7f595d531000-7f595d581000 rw-p 00000000 00:00 0 
7f595d581000-7f595d901000 ---p 00000000 00:00 0 
7f595d901000-7f595d9f9000 rw-p 00000000 00:00 0 
7f595d9f9000-7f595daea000 ---p 00000000 00:00 0 
7f595daea000-7f595db36000 rw-p 00000000 00:00 0 
7f595db36000-7f595deab000 ---p 00000000 00:00 0 
7f595deab000-7f595dec5000 r-xp 00000000 fd:03 10620430                   /home/jsmolar/Programs/jdk1.8.0_77/jre/lib/amd64/libzip.so
7f595dec5000-7f595e0c5000 ---p 0001a000 fd:03 10620430                   /home/jsmolar/Programs/jdk1.8.0_77/jre/lib/amd64/libzip.so
7f595e0c5000-7f595e0c6000 rw-p 0001a000 fd:03 10620430                   /home/jsmolar/Programs/jdk1.8.0_77/jre/lib/amd64/libzip.so
7f595e0c6000-7f595e0d1000 r-xp 00000000 fd:01 1840224                    /usr/lib64/libnss_files-2.22.so
7f595e0d1000-7f595e2d0000 ---p 0000b000 fd:01 1840224                    /usr/lib64/libnss_files-2.22.so
7f595e2d0000-7f595e2d1000 r--p 0000a000 fd:01 1840224                    /usr/lib64/libnss_files-2.22.so
7f595e2d1000-7f595e2d2000 rw-p 0000b000 fd:01 1840224                    /usr/lib64/libnss_files-2.22.so
7f595e2d2000-7f595e2d8000 rw-p 00000000 00:00 0 
7f595e2d8000-7f595e302000 r-xp 00000000 fd:03 10620425                   /home/jsmolar/Programs/jdk1.8.0_77/jre/lib/amd64/libjava.so
7f595e302000-7f595e502000 ---p 0002a000 fd:03 10620425                   /home/jsmolar/Programs/jdk1.8.0_77/jre/lib/amd64/libjava.so
7f595e502000-7f595e504000 rw-p 0002a000 fd:03 10620425                   /home/jsmolar/Programs/jdk1.8.0_77/jre/lib/amd64/libjava.so
7f595e504000-7f595e511000 r-xp 00000000 fd:03 10620429                   /home/jsmolar/Programs/jdk1.8.0_77/jre/lib/amd64/libverify.so
7f595e511000-7f595e711000 ---p 0000d000 fd:03 10620429                   /home/jsmolar/Programs/jdk1.8.0_77/jre/lib/amd64/libverify.so
7f595e711000-7f595e713000 rw-p 0000d000 fd:03 10620429                   /home/jsmolar/Programs/jdk1.8.0_77/jre/lib/amd64/libverify.so
7f595e713000-7f595e71a000 r-xp 00000000 fd:01 1857015                    /usr/lib64/librt-2.22.so
7f595e71a000-7f595e919000 ---p 00007000 fd:01 1857015                    /usr/lib64/librt-2.22.so
7f595e919000-7f595e91a000 r--p 00006000 fd:01 1857015                    /usr/lib64/librt-2.22.so
7f595e91a000-7f595e91b000 rw-p 00007000 fd:01 1857015                    /usr/lib64/librt-2.22.so
7f595e91b000-7f595ea1c000 r-xp 00000000 fd:01 1837390                    /usr/lib64/libm-2.22.so
7f595ea1c000-7f595ec1b000 ---p 00101000 fd:01 1837390                    /usr/lib64/libm-2.22.so
7f595ec1b000-7f595ec1c000 r--p 00100000 fd:01 1837390                    /usr/lib64/libm-2.22.so
7f595ec1c000-7f595ec1d000 rw-p 00101000 fd:01 1837390                    /usr/lib64/libm-2.22.so
7f595ec1d000-7f595f8dc000 r-xp 00000000 fd:03 10751215                   /home/jsmolar/Programs/jdk1.8.0_77/jre/lib/amd64/server/libjvm.so
7f595f8dc000-7f595fadb000 ---p 00cbf000 fd:03 10751215                   /home/jsmolar/Programs/jdk1.8.0_77/jre/lib/amd64/server/libjvm.so
7f595fadb000-7f595fbb4000 rw-p 00cbe000 fd:03 10751215                   /home/jsmolar/Programs/jdk1.8.0_77/jre/lib/amd64/server/libjvm.so
7f595fbb4000-7f595fbfd000 rw-p 00000000 00:00 0 
7f595fbfd000-7f595fdb4000 r-xp 00000000 fd:01 1835893                    /usr/lib64/libc-2.22.so
7f595fdb4000-7f595ffb4000 ---p 001b7000 fd:01 1835893                    /usr/lib64/libc-2.22.so
7f595ffb4000-7f595ffb8000 r--p 001b7000 fd:01 1835893                    /usr/lib64/libc-2.22.so
7f595ffb8000-7f595ffba000 rw-p 001bb000 fd:01 1835893                    /usr/lib64/libc-2.22.so
7f595ffba000-7f595ffbe000 rw-p 00000000 00:00 0 
7f595ffbe000-7f595ffc1000 r-xp 00000000 fd:01 1837382                    /usr/lib64/libdl-2.22.so
7f595ffc1000-7f59601c0000 ---p 00003000 fd:01 1837382                    /usr/lib64/libdl-2.22.so
7f59601c0000-7f59601c1000 r--p 00002000 fd:01 1837382                    /usr/lib64/libdl-2.22.so
7f59601c1000-7f59601c2000 rw-p 00003000 fd:01 1837382                    /usr/lib64/libdl-2.22.so
7f59601c2000-7f59601d7000 r-xp 00000000 fd:03 9309395                    /home/jsmolar/Programs/jdk1.8.0_77/lib/amd64/jli/libjli.so
7f59601d7000-7f59603d7000 ---p 00015000 fd:03 9309395                    /home/jsmolar/Programs/jdk1.8.0_77/lib/amd64/jli/libjli.so
7f59603d7000-7f59603d8000 rw-p 00015000 fd:03 9309395                    /home/jsmolar/Programs/jdk1.8.0_77/lib/amd64/jli/libjli.so
7f59603d8000-7f59603f0000 r-xp 00000000 fd:01 1835921                    /usr/lib64/libpthread-2.22.so
7f59603f0000-7f59605ef000 ---p 00018000 fd:01 1835921                    /usr/lib64/libpthread-2.22.so
7f59605ef000-7f59605f1000 r--p 00017000 fd:01 1835921                    /usr/lib64/libpthread-2.22.so
7f59605f1000-7f59605f2000 rw-p 00019000 fd:01 1835921                    /usr/lib64/libpthread-2.22.so
7f59605f2000-7f59605f6000 rw-p 00000000 00:00 0 
7f59605f6000-7f5960617000 r-xp 00000000 fd:01 1835886                    /usr/lib64/ld-2.22.so
7f5960617000-7f5960618000 r--s 0000a000 fd:03 9045175                    /home/jsmolar/Programs/idea/plugins/maven/lib/maven3/lib/maven-embedder-3.0.5.jar
7f5960618000-7f596061a000 r--s 0000b000 fd:03 9045194                    /home/jsmolar/Programs/idea/plugins/maven/lib/maven3/lib/wagon-provider-api-2.8.jar
7f596061a000-7f5960622000 r--s 00050000 fd:03 9045188                    /home/jsmolar/Programs/idea/plugins/maven/lib/maven3/lib/sisu-guice-3.1.0-no_aop.jar
7f5960622000-7f5960626000 r--s 00027000 fd:03 9045167                    /home/jsmolar/Programs/idea/plugins/maven/lib/maven3/lib/commons-io-2.2.jar
7f5960626000-7f5960629000 r--s 00008000 fd:03 9045181                    /home/jsmolar/Programs/idea/plugins/maven/lib/maven3/lib/maven-settings-builder-3.0.5.jar
7f5960629000-7f596062b000 r--s 00009000 fd:03 9045166                    /home/jsmolar/Programs/idea/plugins/maven/lib/maven3/lib/commons-cli-1.2.jar
7f596062b000-7f596062d000 r--s 0000b000 fd:03 9045172                    /home/jsmolar/Programs/idea/plugins/maven/lib/maven3/lib/maven-artifact-3.0.5.jar
7f596062d000-7f5960630000 r--s 0001d000 fd:03 9045163                    /home/jsmolar/Programs/idea/plugins/maven/lib/maven3/lib/aether-impl-1.13.1.jar
7f5960630000-7f5960631000 r--s 00003000 fd:03 9045164                    /home/jsmolar/Programs/idea/plugins/maven/lib/maven3/lib/aether-spi-1.13.1.jar
7f5960631000-7f5960633000 r--s 00000000 fd:03 9045183                    /home/jsmolar/Programs/idea/plugins/maven/lib/maven3/lib/plexus-component-annotations-1.5.5.jar
7f5960633000-7f59606f0000 rw-p 00000000 00:00 0 
7f59606f0000-7f59606f3000 ---p 00000000 00:00 0 
7f59606f3000-7f59607f5000 rw-p 00000000 00:00 0 
7f59607f5000-7f59607f7000 r--s 0000c000 fd:03 9045171                    /home/jsmolar/Programs/idea/plugins/maven/lib/maven3/lib/maven-aether-provider-3.0.5.jar
7f59607f7000-7f59607f8000 r--s 00002000 fd:03 9045193                    /home/jsmolar/Programs/idea/plugins/maven/lib/maven3/lib/wagon-http-shared-2.8.jar
7f59607f8000-7f59607fe000 r--s 0003f000 fd:03 9045173                    /home/jsmolar/Programs/idea/plugins/maven/lib/maven3/lib/maven-compat-3.0.5.jar
7f59607fe000-7f5960802000 r--s 0001c000 fd:03 9045165                    /home/jsmolar/Programs/idea/plugins/maven/lib/maven3/lib/aether-util-1.13.1.jar
7f5960802000-7f5960804000 r--s 0000b000 fd:03 9045178                    /home/jsmolar/Programs/idea/plugins/maven/lib/maven3/lib/maven-plugin-api-3.0.5.jar
7f5960804000-7f5960806000 r--s 00006000 fd:03 9045162                    /home/jsmolar/Programs/idea/plugins/maven/lib/maven3/lib/aether-connector-wagon-1.13.1.jar
7f5960806000-7f5960807000 r--s 00006000 fd:03 9045185                    /home/jsmolar/Programs/idea/plugins/maven/lib/maven3/lib/plexus-sec-dispatcher-1.3.jar
7f5960807000-7f5960809000 r--s 0001e000 fd:03 8913719                    /home/jsmolar/Programs/idea/lib/idea_rt.jar
7f5960809000-7f596080b000 r--s 0000a000 fd:03 9045157                    /home/jsmolar/Programs/idea/plugins/maven/lib/maven3/boot/plexus-classworlds-2.4.jar
7f596080b000-7f5960813000 rw-s 00000000 00:26 463249                     /tmp/hsperfdata_jsmolar/20515
7f5960813000-7f5960814000 rw-p 00000000 00:00 0 
7f5960814000-7f5960815000 r--p 00000000 00:00 0 
7f5960815000-7f5960816000 rw-p 00000000 00:00 0 
7f5960816000-7f5960817000 r--p 00020000 fd:01 1835886                    /usr/lib64/ld-2.22.so
7f5960817000-7f5960818000 rw-p 00021000 fd:01 1835886                    /usr/lib64/ld-2.22.so
7f5960818000-7f5960819000 rw-p 00000000 00:00 0 
7fff2af3e000-7fff2af5f000 rw-p 00000000 00:00 0                          [stack]
7fff2af74000-7fff2af76000 r--p 00000000 00:00 0                          [vvar]
7fff2af76000-7fff2af78000 r-xp 00000000 00:00 0                          [vdso]
ffffffffff600000-ffffffffff601000 r-xp 00000000 00:00 0                  [vsyscall]

VM Arguments:
jvm_args: -Dmaven.home=/home/jsmolar/Programs/idea/plugins/maven/lib/maven3 -Dclassworlds.conf=/home/jsmolar/Programs/idea/plugins/maven/lib/maven3/bin/m2.conf -Didea.launcher.port=7532 -Didea.launcher.bin.path=/home/jsmolar/Programs/idea/bin -Dfile.encoding=UTF-8 
java_command: com.intellij.rt.execution.application.AppMain org.codehaus.classworlds.Launcher -Didea.version=2016.1.2 org.apache.tomcat.maven:tomcat7-maven-plugin:2.2:run
java_class_path (initial): /home/jsmolar/Programs/idea/plugins/maven/lib/maven3/boot/plexus-classworlds-2.4.jar:/home/jsmolar/Programs/idea/lib/idea_rt.jar
Launcher Type: SUN_STANDARD

Environment Variables:
PATH=/home/jsmolar/.rbenv/shims:/home/jsmolar/.rbenv/bin:/home/jsmolar/.rbenv/plugins/ruby-build/bin:/home/jsmolar/.nvm/v0.10.46/bin:/usr/lib64/qt-3.3/bin:/usr/local/bin:/usr/local/sbin:/usr/bin:/usr/sbin:/home/jsmolar/.local/bin:/home/jsmolar/bin:/home/jsmolar/go//bin
USERNAME=jsmolar
LD_LIBRARY_PATH=/home/jsmolar/Programs/idea/bin:
SHELL=/bin/bash
DISPLAY=:0

Signal Handlers:
SIGSEGV: [libjvm.so+0xabb070], sa_mask[0]=11111111011111111101111111111110, sa_flags=SA_RESTART|SA_SIGINFO
SIGBUS: [libjvm.so+0xabb070], sa_mask[0]=11111111011111111101111111111110, sa_flags=SA_RESTART|SA_SIGINFO
SIGFPE: [libjvm.so+0x918480], sa_mask[0]=11111111011111111101111111111110, sa_flags=SA_RESTART|SA_SIGINFO
SIGPIPE: [libjvm.so+0x918480], sa_mask[0]=11111111011111111101111111111110, sa_flags=SA_RESTART|SA_SIGINFO
SIGXFSZ: [libjvm.so+0x918480], sa_mask[0]=11111111011111111101111111111110, sa_flags=SA_RESTART|SA_SIGINFO
SIGILL: [libjvm.so+0x918480], sa_mask[0]=11111111011111111101111111111110, sa_flags=SA_RESTART|SA_SIGINFO
SIGUSR1: SIG_DFL, sa_mask[0]=00000000000000000000000000000000, sa_flags=none
SIGUSR2: [libjvm.so+0x919ab0], sa_mask[0]=00100000000000000000000000000000, sa_flags=SA_RESTART|SA_SIGINFO
SIGHUP: [libjvm.so+0x91aeb0], sa_mask[0]=11111111011111111101111111111110, sa_flags=SA_RESTART|SA_SIGINFO
SIGINT: [libjvm.so+0x91aeb0], sa_mask[0]=11111111011111111101111111111110, sa_flags=SA_RESTART|SA_SIGINFO
SIGTERM: [libjvm.so+0x91aeb0], sa_mask[0]=11111111011111111101111111111110, sa_flags=SA_RESTART|SA_SIGINFO
SIGQUIT: [libjvm.so+0x91aeb0], sa_mask[0]=11111111011111111101111111111110, sa_flags=SA_RESTART|SA_SIGINFO


---------------  S Y S T E M  ---------------

OS:Fedora release 23 (Twenty Three)

uname:Linux 4.7.10-100.fc23.x86_64 #1 SMP Wed Oct 26 23:29:32 UTC 2016 x86_64
libc:glibc 2.22 NPTL 2.22 
rlimit: STACK 8192k, CORE 0k, NPROC 46779, NOFILE 4096, AS infinity
load average:1.57 1.45 1.22

/proc/meminfo:
MemTotal:       11997332 kB
MemFree:          150944 kB
MemAvailable:    4453004 kB
Buffers:         1230232 kB
Cached:          3880400 kB
SwapCached:            0 kB
Active:          7932260 kB
Inactive:        2997620 kB
Active(anon):    5815068 kB
Inactive(anon):  1067832 kB
Active(file):    2117192 kB
Inactive(file):  1929788 kB
Unevictable:         356 kB
Mlocked:             356 kB
SwapTotal:       6029308 kB
SwapFree:        6029308 kB
Dirty:               264 kB
Writeback:             0 kB
AnonPages:       5819636 kB
Mapped:          1153168 kB
Shmem:           1063528 kB
Slab:             708376 kB
SReclaimable:     577120 kB
SUnreclaim:       131256 kB
KernelStack:       16176 kB
PageTables:        83204 kB
NFS_Unstable:          0 kB
Bounce:                0 kB
WritebackTmp:          0 kB
CommitLimit:    12027972 kB
Committed_AS:   14932192 kB
VmallocTotal:   34359738367 kB
VmallocUsed:           0 kB
VmallocChunk:          0 kB
HardwareCorrupted:     0 kB
AnonHugePages:         0 kB
CmaTotal:              0 kB
CmaFree:               0 kB
HugePages_Total:       0
HugePages_Free:        0
HugePages_Rsvd:        0
HugePages_Surp:        0
Hugepagesize:       2048 kB
DirectMap4k:      303600 kB
DirectMap2M:     8822784 kB
DirectMap1G:     3145728 kB


CPU:total 4 (2 cores per cpu, 2 threads per core) family 6 model 61 stepping 4, cmov, cx8, fxsr, mmx, sse, sse2, sse3, ssse3, sse4.1, sse4.2, popcnt, avx, avx2, aes, clmul, erms, rtm, 3dnowpref, lzcnt, ht, tsc, tscinvbit, bmi1, bmi2, adx

/proc/cpuinfo:
processor	: 0
vendor_id	: GenuineIntel
cpu family	: 6
model		: 61
model name	: Intel(R) Core(TM) i7-5600U CPU @ 2.60GHz
stepping	: 4
microcode	: 0x24
cpu MHz		: 3099.877
cache size	: 4096 KB
physical id	: 0
siblings	: 4
core id		: 0
cpu cores	: 2
apicid		: 0
initial apicid	: 0
fpu		: yes
fpu_exception	: yes
cpuid level	: 20
wp		: yes
flags		: fpu vme de pse tsc msr pae mce cx8 apic sep mtrr pge mca cmov pat pse36 clflush dts acpi mmx fxsr sse sse2 ss ht tm pbe syscall nx pdpe1gb rdtscp lm constant_tsc arch_perfmon pebs bts rep_good nopl xtopology nonstop_tsc aperfmperf eagerfpu pni pclmulqdq dtes64 monitor ds_cpl vmx smx est tm2 ssse3 sdbg fma cx16 xtpr pdcm pcid sse4_1 sse4_2 x2apic movbe popcnt tsc_deadline_timer aes xsave avx f16c rdrand lahf_lm abm 3dnowprefetch epb intel_pt tpr_shadow vnmi flexpriority ept vpid fsgsbase tsc_adjust bmi1 hle avx2 smep bmi2 erms invpcid rtm rdseed adx smap xsaveopt dtherm ida arat pln pts
bugs		:
bogomips	: 5188.10
clflush size	: 64
cache_alignment	: 64
address sizes	: 39 bits physical, 48 bits virtual
power management:

processor	: 1
vendor_id	: GenuineIntel
cpu family	: 6
model		: 61
model name	: Intel(R) Core(TM) i7-5600U CPU @ 2.60GHz
stepping	: 4
microcode	: 0x24
cpu MHz		: 3099.877
cache size	: 4096 KB
physical id	: 0
siblings	: 4
core id		: 0
cpu cores	: 2
apicid		: 1
initial apicid	: 1
fpu		: yes
fpu_exception	: yes
cpuid level	: 20
wp		: yes
flags		: fpu vme de pse tsc msr pae mce cx8 apic sep mtrr pge mca cmov pat pse36 clflush dts acpi mmx fxsr sse sse2 ss ht tm pbe syscall nx pdpe1gb rdtscp lm constant_tsc arch_perfmon pebs bts rep_good nopl xtopology nonstop_tsc aperfmperf eagerfpu pni pclmulqdq dtes64 monitor ds_cpl vmx smx est tm2 ssse3 sdbg fma cx16 xtpr pdcm pcid sse4_1 sse4_2 x2apic movbe popcnt tsc_deadline_timer aes xsave avx f16c rdrand lahf_lm abm 3dnowprefetch epb intel_pt tpr_shadow vnmi flexpriority ept vpid fsgsbase tsc_adjust bmi1 hle avx2 smep bmi2 erms invpcid rtm rdseed adx smap xsaveopt dtherm ida arat pln pts
bugs		:
bogomips	: 5193.72
clflush size	: 64
cache_alignment	: 64
address sizes	: 39 bits physical, 48 bits virtual
power management:

processor	: 2
vendor_id	: GenuineIntel
cpu family	: 6
model		: 61
model name	: Intel(R) Core(TM) i7-5600U CPU @ 2.60GHz
stepping	: 4
microcode	: 0x24
cpu MHz		: 3099.877
cache size	: 4096 KB
physical id	: 0
siblings	: 4
core id		: 1
cpu cores	: 2
apicid		: 2
initial apicid	: 2
fpu		: yes
fpu_exception	: yes
cpuid level	: 20
wp		: yes
flags		: fpu vme de pse tsc msr pae mce cx8 apic sep mtrr pge mca cmov pat pse36 clflush dts acpi mmx fxsr sse sse2 ss ht tm pbe syscall nx pdpe1gb rdtscp lm constant_tsc arch_perfmon pebs bts rep_good nopl xtopology nonstop_tsc aperfmperf eagerfpu pni pclmulqdq dtes64 monitor ds_cpl vmx smx est tm2 ssse3 sdbg fma cx16 xtpr pdcm pcid sse4_1 sse4_2 x2apic movbe popcnt tsc_deadline_timer aes xsave avx f16c rdrand lahf_lm abm 3dnowprefetch epb intel_pt tpr_shadow vnmi flexpriority ept vpid fsgsbase tsc_adjust bmi1 hle avx2 smep bmi2 erms invpcid rtm rdseed adx smap xsaveopt dtherm ida arat pln pts
bugs		:
bogomips	: 5192.28
clflush size	: 64
cache_alignment	: 64
address sizes	: 39 bits physical, 48 bits virtual
power management:

processor	: 3
vendor_id	: GenuineIntel
cpu family	: 6
model		: 61
model name	: Intel(R) Core(TM) i7-5600U CPU @ 2.60GHz
stepping	: 4
microcode	: 0x24
cpu MHz		: 3099.877
cache size	: 4096 KB
physical id	: 0
siblings	: 4
core id		: 1
cpu cores	: 2
apicid		: 3
initial apicid	: 3
fpu		: yes
fpu_exception	: yes
cpuid level	: 20
wp		: yes
flags		: fpu vme de pse tsc msr pae mce cx8 apic sep mtrr pge mca cmov pat pse36 clflush dts acpi mmx fxsr sse sse2 ss ht tm pbe syscall nx pdpe1gb rdtscp lm constant_tsc arch_perfmon pebs bts rep_good nopl xtopology nonstop_tsc aperfmperf eagerfpu pni pclmulqdq dtes64 monitor ds_cpl vmx smx est tm2 ssse3 sdbg fma cx16 xtpr pdcm pcid sse4_1 sse4_2 x2apic movbe popcnt tsc_deadline_timer aes xsave avx f16c rdrand lahf_lm abm 3dnowprefetch epb intel_pt tpr_shadow vnmi flexpriority ept vpid fsgsbase tsc_adjust bmi1 hle avx2 smep bmi2 erms invpcid rtm rdseed adx smap xsaveopt dtherm ida arat pln pts
bugs		:
bogomips	: 5192.32
clflush size	: 64
cache_alignment	: 64
address sizes	: 39 bits physical, 48 bits virtual
power management:



Memory: 4k page, physical 11997332k(155308k free), swap 6029308k(6029308k free)

vm_info: Java HotSpot(TM) 64-Bit Server VM (25.77-b03) for linux-amd64 JRE (1.8.0_77-b03), built on Mar 20 2016 22:00:46 by "java_re" with gcc 4.3.0 20080428 (Red Hat 4.3.0-8)

time: Mon Jan  9 00:03:26 2017
elapsed time: 196 seconds (0d 0h 3m 16s)

