#
# A fatal error has been detected by the Java Runtime Environment:
#
#  SIGSEGV (0xb) at pc=0x00007f00ad60f196, pid=23266, tid=139639731238656
#
# JRE version: Java(TM) SE Runtime Environment (8.0_77-b03) (build 1.8.0_77-b03)
# Java VM: Java HotSpot(TM) 64-Bit Server VM (25.77-b03 mixed mode linux-amd64 compressed oops)
# Problematic frame:
# C  [libc.so.6+0x148196]  __memmove_avx_unaligned+0x2c6
#
# Failed to write core dump. Core dumps have been disabled. To enable core dumping, try "ulimit -c unlimited" before starting Java again
#
# If you would like to submit a bug report, please visit:
#   http://bugreport.java.com/bugreport/crash.jsp
# The crash happened outside the Java Virtual Machine in native code.
# See problematic frame for where to report the bug.
#

---------------  T H R E A D  ---------------

Current thread (0x00007f00a8cd0800):  JavaThread "ContainerBackgroundProcessor[StandardEngine[Tomcat]]" daemon [_thread_in_native, id=23304, stack(0x00007f006883b000,0x00007f006893c000)]

siginfo: si_signo: 11 (SIGSEGV), si_code: 2 (SEGV_ACCERR), si_addr: 0x00007f00821fc000

Registers:
RAX=0x00007f0020a6e1e0, RBX=0x000000000000fa00, RCX=0x0000000000009cdc, RDX=0x000000000000fa00
RSP=0x00007f0068938938, RBP=0x00007f0068938990, RSI=0x00007f00821fc000, RDI=0x00007f0020a73f04
R8 =0x00007f0020000000, R9 =0x0000000000a6f000, R10=0x00007f002c000078, R11=0xfffffffffffff000
R12=0x00007f00821f62ae, R13=0x00007f00204a3b10, R14=0x0000000000000003, R15=0x00007f003c0340a0
RIP=0x00007f00ad60f196, EFLAGS=0x0000000000010287, CSGSFS=0x002b000000000033, ERR=0x0000000000000004
  TRAPNO=0x000000000000000e

Top of Stack: (sp=0x00007f0068938938)
0x00007f0068938938:   00007f00a75a1bb4 0000000000000002
0x00007f0068938948:   3900030000000000 000000000000fa00
0x00007f0068938958:   00000000b4000000 00007f00204a3b10
0x00007f0068938968:   00007f003c0343e0 00007f003cece320
0x00007f0068938978:   00007f003c0340a0 0000000040b2021d
0x00007f0068938988:   0000000000000039 00007f00689389f0
0x00007f0068938998:   00007f00a75a218f 00007f00a8cd0800
0x00007f00689389a8:   01007f00a8cd0800 00007f0068938a10
0x00007f00689389b8:   00007f0068938a4a 00007f0068938a48
0x00007f00689389c8:   00007f0068938a10 0000000000000039
0x00007f00689389d8:   00007f00a8cd09f8 00007f0068938e68
0x00007f00689389e8:   0000000000000001 00007f0068938e50
0x00007f00689389f8:   00007f00a7593ec0 00007f0068938aa0
0x00007f0068938a08:   00007f003c0340a0 2f696e756d2f7a63
0x00007f0068938a18:   35363161702f6966 637374726f70732f
0x00007f0068938a28:   616361662f62756c 65626d654d2f6564
0x00007f0068938a38:   6361467069687372 73616c632e656461
0x00007f0068938a48:   00007f00acf10073 00007f00680d4420
0x00007f0068938a58:   00007f00a8cd0800 0000000000000000
0x00007f0068938a68:   00007f00680d4420 00007f00a8cd0800
0x00007f0068938a78:   00007f0068938dc0 0000000000000000
0x00007f0068938a88:   00007f00680d4420 00007f00a8cd0800
0x00007f0068938a98:   00007f00a8cd0800 00007f0068938b10
0x00007f0068938aa8:   00007f00acea6800 00007f00a8cd0800
0x00007f0068938ab8:   00007f00a8cd0800 0000000000000001
0x00007f0068938ac8:   00007f0090e472d8 0000000000000061
0x00007f0068938ad8:   00007f00680d4420 00007f00a8cd0800
0x00007f0068938ae8:   00007f0098ef799c 000000b068938dc0
0x00007f0068938af8:   00007f0068939350 00007f009988a104
0x00007f0068938b08:   00007f0068938db8 0000000000000580
0x00007f0068938b18:   00007f00985d609a 000000000020037f
0x00007f0068938b28:   00007f00985a2c4e 00007f00ae0b7288 

Instructions: (pc=0x00007f00ad60f196)
0x00007f00ad60f176:   c0 c3 0f 1f 84 00 00 00 00 00 48 8b 0d 71 30 27
0x00007f00ad60f186:   00 48 c1 e1 03 48 39 ca 73 10 48 89 d1 48 89 d1
0x00007f00ad60f196:   f3 a4 c3 0f 1f 80 00 00 00 00 48 8d 0c 16 c5 fe
0x00007f00ad60f1a6:   6f 26 c5 fa 6f 6c 16 80 c5 fa 6f 71 90 c5 fa 6f 

Register to memory mapping:

RAX=0x00007f0020a6e1e0 is an unknown value
RBX=0x000000000000fa00 is an unknown value
RCX=0x0000000000009cdc is an unknown value
RDX=0x000000000000fa00 is an unknown value
RSP=0x00007f0068938938 is pointing into the stack for thread: 0x00007f00a8cd0800
RBP=0x00007f0068938990 is pointing into the stack for thread: 0x00007f00a8cd0800
RSI=0x00007f00821fc000 is an unknown value
RDI=0x00007f0020a73f04 is an unknown value
R8 =0x00007f0020000000 is an unknown value
R9 =0x0000000000a6f000 is an unknown value
R10=0x00007f002c000078 is an unknown value
R11=0xfffffffffffff000 is an unknown value
R12=0x00007f00821f62ae is an unknown value
R13=0x00007f00204a3b10 is an unknown value
R14=0x0000000000000003 is an unknown value
R15=0x00007f003c0340a0 is an unknown value


Stack: [0x00007f006883b000,0x00007f006893c000],  sp=0x00007f0068938938,  free space=1014k
Native frames: (J=compiled Java code, j=interpreted, Vv=VM code, C=native code)
C  [libc.so.6+0x148196]  __memmove_avx_unaligned+0x2c6
C  [libzip.so+0x1218f]  ZIP_GetEntry2+0xff
C  [libzip.so+0x3ec0]  Java_java_util_zip_ZipFile_getEntry+0xf0
J 98  java.util.zip.ZipFile.getEntry(J[BZ)J (0 bytes) @ 0x00007f00986cef8e [0x00007f00986ceec0+0xce]
J 4963 C2 java.util.jar.JarFile.getEntry(Ljava/lang/String;)Ljava/util/zip/ZipEntry; (22 bytes) @ 0x00007f00987c3a98 [0x00007f00987c3740+0x358]
J 7304 C2 sun.net.www.protocol.jar.JarURLConnection.connect()V (147 bytes) @ 0x00007f0099286fdc [0x00007f0099286b60+0x47c]
J 7319 C1 sun.net.www.protocol.jar.JarURLConnection.getInputStream()Ljava/io/InputStream; (97 bytes) @ 0x00007f00987c08cc [0x00007f00987c0840+0x8c]
J 3534 C1 org.apache.catalina.loader.WebappClassLoader.getResourceAsStream(Ljava/lang/String;)Ljava/io/InputStream; (380 bytes) @ 0x00007f009918965c [0x00007f0099187060+0x25fc]
j  org.springframework.core.io.ClassPathResource.getInputStream()Ljava/io/InputStream;+37
j  org.springframework.core.type.classreading.SimpleMetadataReader.<init>(Lorg/springframework/core/io/Resource;Ljava/lang/ClassLoader;)V+9
j  org.springframework.core.type.classreading.SimpleMetadataReaderFactory.getMetadataReader(Lorg/springframework/core/io/Resource;)Lorg/springframework/core/type/classreading/MetadataReader;+14
j  org.springframework.core.type.classreading.CachingMetadataReaderFactory.getMetadataReader(Lorg/springframework/core/io/Resource;)Lorg/springframework/core/type/classreading/MetadataReader;+40
j  org.springframework.core.type.classreading.SimpleMetadataReaderFactory.getMetadataReader(Ljava/lang/String;)Lorg/springframework/core/type/classreading/MetadataReader;+158
j  org.springframework.context.annotation.ConfigurationClassParser.asSourceClass(Ljava/lang/String;)Lorg/springframework/context/annotation/ConfigurationClassParser$SourceClass;+75
j  org.springframework.context.annotation.ConfigurationClassParser$SourceClass.getInterfaces()Ljava/util/Set;+111
j  org.springframework.context.annotation.ConfigurationClassParser.processInterfaces(Lorg/springframework/context/annotation/ConfigurationClass;Lorg/springframework/context/annotation/ConfigurationClassParser$SourceClass;)V+1
j  org.springframework.context.annotation.ConfigurationClassParser.doProcessConfigurationClass(Lorg/springframework/context/annotation/ConfigurationClass;Lorg/springframework/context/annotation/ConfigurationClassParser$SourceClass;)Lorg/springframework/context/annotation/ConfigurationClassParser$SourceClass;+443
j  org.springframework.context.annotation.ConfigurationClassParser.processConfigurationClass(Lorg/springframework/context/annotation/ConfigurationClass;)V+122
j  org.springframework.context.annotation.ConfigurationClassParser.parse(Ljava/lang/String;Ljava/lang/String;)V+21
j  org.springframework.context.annotation.ConfigurationClassParser.doProcessConfigurationClass(Lorg/springframework/context/annotation/ConfigurationClass;Lorg/springframework/context/annotation/ConfigurationClassParser$SourceClass;)Lorg/springframework/context/annotation/ConfigurationClassParser$SourceClass;+256
j  org.springframework.context.annotation.ConfigurationClassParser.processConfigurationClass(Lorg/springframework/context/annotation/ConfigurationClass;)V+122
j  org.springframework.context.annotation.ConfigurationClassParser.processImports(Lorg/springframework/context/annotation/ConfigurationClass;Lorg/springframework/context/annotation/ConfigurationClassParser$SourceClass;Ljava/util/Collection;Z)V+292
j  org.springframework.context.annotation.ConfigurationClassParser.doProcessConfigurationClass(Lorg/springframework/context/annotation/ConfigurationClass;Lorg/springframework/context/annotation/ConfigurationClassParser$SourceClass;)Lorg/springframework/context/annotation/ConfigurationClassParser$SourceClass;+274
j  org.springframework.context.annotation.ConfigurationClassParser.processConfigurationClass(Lorg/springframework/context/annotation/ConfigurationClass;)V+122
j  org.springframework.context.annotation.ConfigurationClassParser.processImports(Lorg/springframework/context/annotation/ConfigurationClass;Lorg/springframework/context/annotation/ConfigurationClassParser$SourceClass;Ljava/util/Collection;Z)V+292
j  org.springframework.context.annotation.ConfigurationClassParser.doProcessConfigurationClass(Lorg/springframework/context/annotation/ConfigurationClass;Lorg/springframework/context/annotation/ConfigurationClassParser$SourceClass;)Lorg/springframework/context/annotation/ConfigurationClassParser$SourceClass;+274
j  org.springframework.context.annotation.ConfigurationClassParser.processConfigurationClass(Lorg/springframework/context/annotation/ConfigurationClass;)V+122
j  org.springframework.context.annotation.ConfigurationClassParser.parse(Lorg/springframework/core/type/AnnotationMetadata;Ljava/lang/String;)V+10
j  org.springframework.context.annotation.ConfigurationClassParser.parse(Ljava/util/Set;)V+66
j  org.springframework.context.annotation.ConfigurationClassPostProcessor.processConfigBeanDefinitions(Lorg/springframework/beans/factory/support/BeanDefinitionRegistry;)V+288
j  org.springframework.context.annotation.ConfigurationClassPostProcessor.postProcessBeanDefinitionRegistry(Lorg/springframework/beans/factory/support/BeanDefinitionRegistry;)V+161
j  org.springframework.context.support.PostProcessorRegistrationDelegate.invokeBeanDefinitionRegistryPostProcessors(Ljava/util/Collection;Lorg/springframework/beans/factory/support/BeanDefinitionRegistry;)V+28
j  org.springframework.context.support.PostProcessorRegistrationDelegate.invokeBeanFactoryPostProcessors(Lorg/springframework/beans/factory/config/ConfigurableListableBeanFactory;Ljava/util/List;)V+229
j  org.springframework.context.support.AbstractApplicationContext.invokeBeanFactoryPostProcessors(Lorg/springframework/beans/factory/config/ConfigurableListableBeanFactory;)V+5
j  org.springframework.context.support.AbstractApplicationContext.refresh()V+28
j  org.springframework.web.context.ContextLoader.configureAndRefreshWebApplicationContext(Lorg/springframework/web/context/ConfigurableWebApplicationContext;Ljavax/servlet/ServletContext;)V+135
j  org.springframework.web.context.ContextLoader.initWebApplicationContext(Ljavax/servlet/ServletContext;)Lorg/springframework/web/context/WebApplicationContext;+132
j  org.springframework.web.context.ContextLoaderListener.contextInitialized(Ljavax/servlet/ServletContextEvent;)V+5
j  org.apache.catalina.core.StandardContext.listenerStart()Z+638
j  org.apache.catalina.core.StandardContext.startInternal()V+1206
j  org.apache.catalina.util.LifecycleBase.start()V+210
j  org.apache.catalina.core.StandardContext.reload()V+120
j  org.apache.catalina.loader.WebappLoader.backgroundProcess()V+43
j  org.apache.catalina.core.ContainerBase.backgroundProcess()V+70
j  org.apache.catalina.core.ContainerBase$ContainerBackgroundProcessor.processChildren(Lorg/apache/catalina/Container;Ljava/lang/ClassLoader;)V+27
j  org.apache.catalina.core.ContainerBase$ContainerBackgroundProcessor.processChildren(Lorg/apache/catalina/Container;Ljava/lang/ClassLoader;)V+115
j  org.apache.catalina.core.ContainerBase$ContainerBackgroundProcessor.processChildren(Lorg/apache/catalina/Container;Ljava/lang/ClassLoader;)V+115
j  org.apache.catalina.core.ContainerBase$ContainerBackgroundProcessor.run()V+81
j  java.lang.Thread.run()V+11
v  ~StubRoutines::call_stub
V  [libjvm.so+0x68c616]  JavaCalls::call_helper(JavaValue*, methodHandle*, JavaCallArguments*, Thread*)+0x1056
V  [libjvm.so+0x68cb21]  JavaCalls::call_virtual(JavaValue*, KlassHandle, Symbol*, Symbol*, JavaCallArguments*, Thread*)+0x321
V  [libjvm.so+0x68cfc7]  JavaCalls::call_virtual(JavaValue*, Handle, KlassHandle, Symbol*, Symbol*, Thread*)+0x47
V  [libjvm.so+0x723d80]  thread_entry(JavaThread*, Thread*)+0xa0
V  [libjvm.so+0xa69dcf]  JavaThread::thread_main_inner()+0xdf
V  [libjvm.so+0xa69efc]  JavaThread::run()+0x11c
V  [libjvm.so+0x91d9d8]  java_start(Thread*)+0x108
C  [libpthread.so.0+0x761a]  start_thread+0xca

Java frames: (J=compiled Java code, j=interpreted, Vv=VM code)
J 98  java.util.zip.ZipFile.getEntry(J[BZ)J (0 bytes) @ 0x00007f00986cef18 [0x00007f00986ceec0+0x58]
J 4963 C2 java.util.jar.JarFile.getEntry(Ljava/lang/String;)Ljava/util/zip/ZipEntry; (22 bytes) @ 0x00007f00987c3a98 [0x00007f00987c3740+0x358]
J 7304 C2 sun.net.www.protocol.jar.JarURLConnection.connect()V (147 bytes) @ 0x00007f0099286fdc [0x00007f0099286b60+0x47c]
J 7319 C1 sun.net.www.protocol.jar.JarURLConnection.getInputStream()Ljava/io/InputStream; (97 bytes) @ 0x00007f00987c08cc [0x00007f00987c0840+0x8c]
J 3534 C1 org.apache.catalina.loader.WebappClassLoader.getResourceAsStream(Ljava/lang/String;)Ljava/io/InputStream; (380 bytes) @ 0x00007f009918965c [0x00007f0099187060+0x25fc]
j  org.springframework.core.io.ClassPathResource.getInputStream()Ljava/io/InputStream;+37
j  org.springframework.core.type.classreading.SimpleMetadataReader.<init>(Lorg/springframework/core/io/Resource;Ljava/lang/ClassLoader;)V+9
j  org.springframework.core.type.classreading.SimpleMetadataReaderFactory.getMetadataReader(Lorg/springframework/core/io/Resource;)Lorg/springframework/core/type/classreading/MetadataReader;+14
j  org.springframework.core.type.classreading.CachingMetadataReaderFactory.getMetadataReader(Lorg/springframework/core/io/Resource;)Lorg/springframework/core/type/classreading/MetadataReader;+40
j  org.springframework.core.type.classreading.SimpleMetadataReaderFactory.getMetadataReader(Ljava/lang/String;)Lorg/springframework/core/type/classreading/MetadataReader;+158
j  org.springframework.context.annotation.ConfigurationClassParser.asSourceClass(Ljava/lang/String;)Lorg/springframework/context/annotation/ConfigurationClassParser$SourceClass;+75
j  org.springframework.context.annotation.ConfigurationClassParser$SourceClass.getInterfaces()Ljava/util/Set;+111
j  org.springframework.context.annotation.ConfigurationClassParser.processInterfaces(Lorg/springframework/context/annotation/ConfigurationClass;Lorg/springframework/context/annotation/ConfigurationClassParser$SourceClass;)V+1
j  org.springframework.context.annotation.ConfigurationClassParser.doProcessConfigurationClass(Lorg/springframework/context/annotation/ConfigurationClass;Lorg/springframework/context/annotation/ConfigurationClassParser$SourceClass;)Lorg/springframework/context/annotation/ConfigurationClassParser$SourceClass;+443
j  org.springframework.context.annotation.ConfigurationClassParser.processConfigurationClass(Lorg/springframework/context/annotation/ConfigurationClass;)V+122
j  org.springframework.context.annotation.ConfigurationClassParser.parse(Ljava/lang/String;Ljava/lang/String;)V+21
j  org.springframework.context.annotation.ConfigurationClassParser.doProcessConfigurationClass(Lorg/springframework/context/annotation/ConfigurationClass;Lorg/springframework/context/annotation/ConfigurationClassParser$SourceClass;)Lorg/springframework/context/annotation/ConfigurationClassParser$SourceClass;+256
j  org.springframework.context.annotation.ConfigurationClassParser.processConfigurationClass(Lorg/springframework/context/annotation/ConfigurationClass;)V+122
j  org.springframework.context.annotation.ConfigurationClassParser.processImports(Lorg/springframework/context/annotation/ConfigurationClass;Lorg/springframework/context/annotation/ConfigurationClassParser$SourceClass;Ljava/util/Collection;Z)V+292
j  org.springframework.context.annotation.ConfigurationClassParser.doProcessConfigurationClass(Lorg/springframework/context/annotation/ConfigurationClass;Lorg/springframework/context/annotation/ConfigurationClassParser$SourceClass;)Lorg/springframework/context/annotation/ConfigurationClassParser$SourceClass;+274
j  org.springframework.context.annotation.ConfigurationClassParser.processConfigurationClass(Lorg/springframework/context/annotation/ConfigurationClass;)V+122
j  org.springframework.context.annotation.ConfigurationClassParser.processImports(Lorg/springframework/context/annotation/ConfigurationClass;Lorg/springframework/context/annotation/ConfigurationClassParser$SourceClass;Ljava/util/Collection;Z)V+292
j  org.springframework.context.annotation.ConfigurationClassParser.doProcessConfigurationClass(Lorg/springframework/context/annotation/ConfigurationClass;Lorg/springframework/context/annotation/ConfigurationClassParser$SourceClass;)Lorg/springframework/context/annotation/ConfigurationClassParser$SourceClass;+274
j  org.springframework.context.annotation.ConfigurationClassParser.processConfigurationClass(Lorg/springframework/context/annotation/ConfigurationClass;)V+122
j  org.springframework.context.annotation.ConfigurationClassParser.parse(Lorg/springframework/core/type/AnnotationMetadata;Ljava/lang/String;)V+10
j  org.springframework.context.annotation.ConfigurationClassParser.parse(Ljava/util/Set;)V+66
j  org.springframework.context.annotation.ConfigurationClassPostProcessor.processConfigBeanDefinitions(Lorg/springframework/beans/factory/support/BeanDefinitionRegistry;)V+288
j  org.springframework.context.annotation.ConfigurationClassPostProcessor.postProcessBeanDefinitionRegistry(Lorg/springframework/beans/factory/support/BeanDefinitionRegistry;)V+161
j  org.springframework.context.support.PostProcessorRegistrationDelegate.invokeBeanDefinitionRegistryPostProcessors(Ljava/util/Collection;Lorg/springframework/beans/factory/support/BeanDefinitionRegistry;)V+28
j  org.springframework.context.support.PostProcessorRegistrationDelegate.invokeBeanFactoryPostProcessors(Lorg/springframework/beans/factory/config/ConfigurableListableBeanFactory;Ljava/util/List;)V+229
j  org.springframework.context.support.AbstractApplicationContext.invokeBeanFactoryPostProcessors(Lorg/springframework/beans/factory/config/ConfigurableListableBeanFactory;)V+5
j  org.springframework.context.support.AbstractApplicationContext.refresh()V+28
j  org.springframework.web.context.ContextLoader.configureAndRefreshWebApplicationContext(Lorg/springframework/web/context/ConfigurableWebApplicationContext;Ljavax/servlet/ServletContext;)V+135
j  org.springframework.web.context.ContextLoader.initWebApplicationContext(Ljavax/servlet/ServletContext;)Lorg/springframework/web/context/WebApplicationContext;+132
j  org.springframework.web.context.ContextLoaderListener.contextInitialized(Ljavax/servlet/ServletContextEvent;)V+5
j  org.apache.catalina.core.StandardContext.listenerStart()Z+638
j  org.apache.catalina.core.StandardContext.startInternal()V+1206
j  org.apache.catalina.util.LifecycleBase.start()V+210
j  org.apache.catalina.core.StandardContext.reload()V+120
j  org.apache.catalina.loader.WebappLoader.backgroundProcess()V+43
j  org.apache.catalina.core.ContainerBase.backgroundProcess()V+70
j  org.apache.catalina.core.ContainerBase$ContainerBackgroundProcessor.processChildren(Lorg/apache/catalina/Container;Ljava/lang/ClassLoader;)V+27
j  org.apache.catalina.core.ContainerBase$ContainerBackgroundProcessor.processChildren(Lorg/apache/catalina/Container;Ljava/lang/ClassLoader;)V+115
j  org.apache.catalina.core.ContainerBase$ContainerBackgroundProcessor.processChildren(Lorg/apache/catalina/Container;Ljava/lang/ClassLoader;)V+115
j  org.apache.catalina.core.ContainerBase$ContainerBackgroundProcessor.run()V+81
j  java.lang.Thread.run()V+11
v  ~StubRoutines::call_stub

---------------  P R O C E S S  ---------------

Java Threads: ( => current thread )
  0x00007f0028050000 JavaThread "http-bio-8080-exec-2" daemon [_thread_blocked, id=23316, stack(0x00007f0068237000,0x00007f0068338000)]
  0x00007f0024001800 JavaThread "http-bio-8080-exec-1" daemon [_thread_blocked, id=23314, stack(0x00007f0068538000,0x00007f0068639000)]
  0x00007f00a86b9800 JavaThread "http-bio-8080-AsyncTimeout" daemon [_thread_blocked, id=23306, stack(0x00007f0068639000,0x00007f006873a000)]
  0x00007f00a86b8800 JavaThread "http-bio-8080-Acceptor-0" daemon [_thread_in_native, id=23305, stack(0x00007f006873a000,0x00007f006883b000)]
=>0x00007f00a8cd0800 JavaThread "ContainerBackgroundProcessor[StandardEngine[Tomcat]]" daemon [_thread_in_native, id=23304, stack(0x00007f006883b000,0x00007f006893c000)]
  0x00007f003c9b8800 JavaThread "Timer-0" daemon [_thread_blocked, id=23296, stack(0x00007f0080c09000,0x00007f0080d0a000)]
  0x00007f003f52c800 JavaThread "Thread-2" daemon [_thread_in_native, id=23293, stack(0x00007f008130d000,0x00007f008140e000)]
  0x00007f00a8108800 JavaThread "Monitor Ctrl-Break" daemon [_thread_in_native, id=23281, stack(0x00007f0082dee000,0x00007f0082eef000)]
  0x00007f00a80bf800 JavaThread "Service Thread" daemon [_thread_blocked, id=23279, stack(0x00007f00831f2000,0x00007f00832f3000)]
  0x00007f00a80bc800 JavaThread "C1 CompilerThread2" daemon [_thread_blocked, id=23278, stack(0x00007f00832f3000,0x00007f00833f4000)]
  0x00007f00a80ba800 JavaThread "C2 CompilerThread1" daemon [_thread_blocked, id=23277, stack(0x00007f00833f4000,0x00007f00834f5000)]
  0x00007f00a80b7800 JavaThread "C2 CompilerThread0" daemon [_thread_blocked, id=23276, stack(0x00007f00834f5000,0x00007f00835f6000)]
  0x00007f00a80b6800 JavaThread "Signal Dispatcher" daemon [_thread_blocked, id=23275, stack(0x00007f00835f6000,0x00007f00836f7000)]
  0x00007f00a8083000 JavaThread "Finalizer" daemon [_thread_blocked, id=23274, stack(0x00007f00836f7000,0x00007f00837f8000)]
  0x00007f00a807e800 JavaThread "Reference Handler" daemon [_thread_blocked, id=23273, stack(0x00007f00837f8000,0x00007f00838f9000)]
  0x00007f00a8009000 JavaThread "main" [_thread_blocked, id=23267, stack(0x00007f00adfba000,0x00007f00ae0bb000)]

Other Threads:
  0x00007f00a8077000 VMThread [stack: 0x00007f00838f9000,0x00007f00839fa000] [id=23272]
  0x00007f00a80c2800 WatcherThread [stack: 0x00007f00830f1000,0x00007f00831f2000] [id=23280]

VM state:not at safepoint (normal execution)

VM Mutex/Monitor currently owned by a thread: None

Heap:
 PSYoungGen      total 396800K, used 316370K [0x0000000782f80000, 0x00000007a3400000, 0x00000007c0000000)
  eden space 359936K, 77% used [0x0000000782f80000,0x0000000794074cb0,0x0000000798f00000)
  from space 36864K, 99% used [0x0000000798f00000,0x000000079b2ffd68,0x000000079b300000)
  to   space 47616K, 0% used [0x00000007a0580000,0x00000007a0580000,0x00000007a3400000)
 ParOldGen       total 188416K, used 53323K [0x0000000708e00000, 0x0000000714600000, 0x0000000782f80000)
  object space 188416K, 28% used [0x0000000708e00000,0x000000070c212e08,0x0000000714600000)
 Metaspace       used 61274K, capacity 62596K, committed 62976K, reserved 1103872K
  class space    used 7767K, capacity 8369K, committed 8448K, reserved 1048576K

Card table byte_map: [0x00007f0097c16000,0x00007f00981d0000] byte_map_base: 0x00007f00943cf000

Marking Bits: (ParMarkBitMap*) 0x00007f00ad49c100
 Begin Bits: [0x00007f00919b2000, 0x00007f009477a000)
 End Bits:   [0x00007f009477a000, 0x00007f0097542000)

Polling page: 0x00007f00ae0de000

CodeCache: size=245760Kb used=19118Kb max_used=19118Kb free=226641Kb
 bounds [0x00007f0098590000, 0x00007f0099890000, 0x00007f00a7590000]
 total_blobs=6916 nmethods=6232 adapters=596
 compilation: enabled

Compilation events (10 events):
Event: 315.756 Thread 0x00007f00a80bc800 nmethod 7537 0x00007f0098cf5690 code [0x00007f0098cf5800, 0x00007f0098cf5970]
Event: 315.756 Thread 0x00007f00a80bc800 7538       3       org.springframework.core.annotation.AnnotationUtils::isInJavaLangAnnotationPackage (13 bytes)
Event: 315.757 Thread 0x00007f00a80bc800 nmethod 7538 0x00007f009917e8d0 code [0x00007f009917ea80, 0x00007f009917ef28]
Event: 315.757 Thread 0x00007f00a80bc800 7536       1       org.springframework.context.annotation.ScannedGenericBeanDefinition::getMetadata (5 bytes)
Event: 315.757 Thread 0x00007f00a80bc800 nmethod 7536 0x00007f0098cf53d0 code [0x00007f0098cf5520, 0x00007f0098cf5630]
Event: 315.757 Thread 0x00007f00a80bc800 7539       3       java.io.BufferedInputStream::close (41 bytes)
Event: 315.758 Thread 0x00007f00a80bc800 nmethod 7539 0x00007f009917e250 code [0x00007f009917e3e0, 0x00007f009917e7b8]
Event: 315.758 Thread 0x00007f00a80bc800 7540       3       org.springframework.asm.MethodVisitor::visitTypeInsn (17 bytes)
Event: 315.758 Thread 0x00007f00a80bc800 nmethod 7540 0x00007f0098cf4ed0 code [0x00007f0098cf5040, 0x00007f0098cf52a8]
Event: 315.758 Thread 0x00007f00a80bc800 7541       3       org.springframework.core.type.classreading.AnnotationAttributesReadingVisitor::visitEnd (227 bytes)

GC Heap History (10 events):
Event: 7.623 GC heap before
{Heap before GC invocations=12 (full 2):
 PSYoungGen      total 317440K, used 20432K [0x0000000782f80000, 0x0000000798f00000, 0x00000007c0000000)
  eden space 287232K, 0% used [0x0000000782f80000,0x0000000782f80000,0x0000000794800000)
  from space 30208K, 67% used [0x0000000797180000,0x0000000798574270,0x0000000798f00000)
  to   space 36352K, 0% used [0x0000000794800000,0x0000000794800000,0x0000000796b80000)
 ParOldGen       total 94208K, used 38614K [0x0000000708e00000, 0x000000070ea00000, 0x0000000782f80000)
  object space 94208K, 40% used [0x0000000708e00000,0x000000070b3b5a08,0x000000070ea00000)
 Metaspace       used 34564K, capacity 35134K, committed 35416K, reserved 1081344K
  class space    used 4138K, capacity 4292K, committed 4352K, reserved 1048576K
Event: 7.744 GC heap after
Heap after GC invocations=12 (full 2):
 PSYoungGen      total 317440K, used 0K [0x0000000782f80000, 0x0000000798f00000, 0x00000007c0000000)
  eden space 287232K, 0% used [0x0000000782f80000,0x0000000782f80000,0x0000000794800000)
  from space 30208K, 0% used [0x0000000797180000,0x0000000797180000,0x0000000798f00000)
  to   space 36352K, 0% used [0x0000000794800000,0x0000000794800000,0x0000000796b80000)
 ParOldGen       total 148992K, used 35313K [0x0000000708e00000, 0x0000000711f80000, 0x0000000782f80000)
  object space 148992K, 23% used [0x0000000708e00000,0x000000070b07c4e0,0x0000000711f80000)
 Metaspace       used 34564K, capacity 35134K, committed 35416K, reserved 1081344K
  class space    used 4138K, capacity 4292K, committed 4352K, reserved 1048576K
}
Event: 12.145 GC heap before
{Heap before GC invocations=13 (full 2):
 PSYoungGen      total 317440K, used 287232K [0x0000000782f80000, 0x0000000798f00000, 0x00000007c0000000)
  eden space 287232K, 100% used [0x0000000782f80000,0x0000000794800000,0x0000000794800000)
  from space 30208K, 0% used [0x0000000797180000,0x0000000797180000,0x0000000798f00000)
  to   space 36352K, 0% used [0x0000000794800000,0x0000000794800000,0x0000000796b80000)
 ParOldGen       total 148992K, used 35313K [0x0000000708e00000, 0x0000000711f80000, 0x0000000782f80000)
  object space 148992K, 23% used [0x0000000708e00000,0x000000070b07c4e0,0x0000000711f80000)
 Metaspace       used 55884K, capacity 57066K, committed 57472K, reserved 1099776K
  class space    used 7042K, capacity 7541K, committed 7552K, reserved 1048576K
Event: 12.165 GC heap after
Heap after GC invocations=13 (full 2):
 PSYoungGen      total 323584K, used 27779K [0x0000000782f80000, 0x000000079e180000, 0x00000007c0000000)
  eden space 287232K, 0% used [0x0000000782f80000,0x0000000782f80000,0x0000000794800000)
  from space 36352K, 76% used [0x0000000794800000,0x0000000796320d08,0x0000000796b80000)
  to   space 37888K, 0% used [0x000000079bc80000,0x000000079bc80000,0x000000079e180000)
 ParOldGen       total 148992K, used 35321K [0x0000000708e00000, 0x0000000711f80000, 0x0000000782f80000)
  object space 148992K, 23% used [0x0000000708e00000,0x000000070b07e4e0,0x0000000711f80000)
 Metaspace       used 55884K, capacity 57066K, committed 57472K, reserved 1099776K
  class space    used 7042K, capacity 7541K, committed 7552K, reserved 1048576K
}
Event: 14.990 GC heap before
{Heap before GC invocations=14 (full 2):
 PSYoungGen      total 323584K, used 44013K [0x0000000782f80000, 0x000000079e180000, 0x00000007c0000000)
  eden space 287232K, 5% used [0x0000000782f80000,0x0000000783f5aa08,0x0000000794800000)
  from space 36352K, 76% used [0x0000000794800000,0x0000000796320d08,0x0000000796b80000)
  to   space 37888K, 0% used [0x000000079bc80000,0x000000079bc80000,0x000000079e180000)
 ParOldGen       total 148992K, used 35321K [0x0000000708e00000, 0x0000000711f80000, 0x0000000782f80000)
  object space 148992K, 23% used [0x0000000708e00000,0x000000070b07e4e0,0x0000000711f80000)
 Metaspace       used 57455K, capacity 58698K, committed 59008K, reserved 1099776K
  class space    used 7252K, capacity 7765K, committed 7808K, reserved 1048576K
Event: 15.006 GC heap after
Heap after GC invocations=14 (full 2):
 PSYoungGen      total 387072K, used 13650K [0x0000000782f80000, 0x000000079d700000, 0x00000007c0000000)
  eden space 359936K, 0% used [0x0000000782f80000,0x0000000782f80000,0x0000000798f00000)
  from space 27136K, 50% used [0x000000079bc80000,0x000000079c9d4b18,0x000000079d700000)
  to   space 36864K, 0% used [0x0000000798f00000,0x0000000798f00000,0x000000079b300000)
 ParOldGen       total 148992K, used 35329K [0x0000000708e00000, 0x0000000711f80000, 0x0000000782f80000)
  object space 148992K, 23% used [0x0000000708e00000,0x000000070b0804e0,0x0000000711f80000)
 Metaspace       used 57455K, capacity 58698K, committed 59008K, reserved 1099776K
  class space    used 7252K, capacity 7765K, committed 7808K, reserved 1048576K
}
Event: 15.006 GC heap before
{Heap before GC invocations=15 (full 3):
 PSYoungGen      total 387072K, used 13650K [0x0000000782f80000, 0x000000079d700000, 0x00000007c0000000)
  eden space 359936K, 0% used [0x0000000782f80000,0x0000000782f80000,0x0000000798f00000)
  from space 27136K, 50% used [0x000000079bc80000,0x000000079c9d4b18,0x000000079d700000)
  to   space 36864K, 0% used [0x0000000798f00000,0x0000000798f00000,0x000000079b300000)
 ParOldGen       total 148992K, used 35329K [0x0000000708e00000, 0x0000000711f80000, 0x0000000782f80000)
  object space 148992K, 23% used [0x0000000708e00000,0x000000070b0804e0,0x0000000711f80000)
 Metaspace       used 57455K, capacity 58698K, committed 59008K, reserved 1099776K
  class space    used 7252K, capacity 7765K, committed 7808K, reserved 1048576K
Event: 15.222 GC heap after
Heap after GC invocations=15 (full 3):
 PSYoungGen      total 387072K, used 0K [0x0000000782f80000, 0x000000079d700000, 0x00000007c0000000)
  eden space 359936K, 0% used [0x0000000782f80000,0x0000000782f80000,0x0000000798f00000)
  from space 27136K, 0% used [0x000000079bc80000,0x000000079bc80000,0x000000079d700000)
  to   space 36864K, 0% used [0x0000000798f00000,0x0000000798f00000,0x000000079b300000)
 ParOldGen       total 188416K, used 38722K [0x0000000708e00000, 0x0000000714600000, 0x0000000782f80000)
  object space 188416K, 20% used [0x0000000708e00000,0x000000070b3d08d8,0x0000000714600000)
 Metaspace       used 57401K, capacity 58486K, committed 59008K, reserved 1099776K
  class space    used 7244K, capacity 7697K, committed 7808K, reserved 1048576K
}
Event: 313.745 GC heap before
{Heap before GC invocations=16 (full 3):
 PSYoungGen      total 387072K, used 359936K [0x0000000782f80000, 0x000000079d700000, 0x00000007c0000000)
  eden space 359936K, 100% used [0x0000000782f80000,0x0000000798f00000,0x0000000798f00000)
  from space 27136K, 0% used [0x000000079bc80000,0x000000079bc80000,0x000000079d700000)
  to   space 36864K, 0% used [0x0000000798f00000,0x0000000798f00000,0x000000079b300000)
 ParOldGen       total 188416K, used 38722K [0x0000000708e00000, 0x0000000714600000, 0x0000000782f80000)
  object space 188416K, 20% used [0x0000000708e00000,0x000000070b3d08d8,0x0000000714600000)
 Metaspace       used 58158K, capacity 59438K, committed 59904K, reserved 1101824K
  class space    used 7345K, capacity 7914K, committed 7936K, reserved 1048576K
Event: 313.803 GC heap after
Heap after GC invocations=16 (full 3):
 PSYoungGen      total 396800K, used 36863K [0x0000000782f80000, 0x00000007a3400000, 0x00000007c0000000)
  eden space 359936K, 0% used [0x0000000782f80000,0x0000000782f80000,0x0000000798f00000)
  from space 36864K, 99% used [0x0000000798f00000,0x000000079b2ffd68,0x000000079b300000)
  to   space 47616K, 0% used [0x00000007a0580000,0x00000007a0580000,0x00000007a3400000)
 ParOldGen       total 188416K, used 53323K [0x0000000708e00000, 0x0000000714600000, 0x0000000782f80000)
  object space 188416K, 28% used [0x0000000708e00000,0x000000070c212e08,0x0000000714600000)
 Metaspace       used 58158K, capacity 59438K, committed 59904K, reserved 1101824K
  class space    used 7345K, capacity 7914K, committed 7936K, reserved 1048576K
}

Deoptimization events (10 events):
Event: 15.374 Thread 0x00007f0028050000 Uncommon trap: reason=bimorphic action=maybe_recompile pc=0x00007f0098a29c58 method=java.util.regex.Pattern$5.isSatisfiedBy(I)Z @ 5
Event: 15.374 Thread 0x00007f0028050000 Uncommon trap: reason=bimorphic action=maybe_recompile pc=0x00007f0098a29c9c method=java.util.regex.Pattern$5.isSatisfiedBy(I)Z @ 16
Event: 15.374 Thread 0x00007f0028050000 Uncommon trap: reason=bimorphic action=maybe_recompile pc=0x00007f0098ef7e38 method=java.util.regex.Pattern$Slice.match(Ljava/util/regex/Matcher;ILjava/lang/CharSequence;)Z @ 49
Event: 15.374 Thread 0x00007f0028050000 Uncommon trap: reason=bimorphic action=maybe_recompile pc=0x00007f0098ef7e38 method=java.util.regex.Pattern$Slice.match(Ljava/util/regex/Matcher;ILjava/lang/CharSequence;)Z @ 49
Event: 15.375 Thread 0x00007f0028050000 Uncommon trap: reason=bimorphic action=maybe_recompile pc=0x00007f0098ba8b14 method=java.util.regex.Matcher.getTextLength()I @ 4
Event: 15.376 Thread 0x00007f0028050000 Uncommon trap: reason=unstable_if action=reinterpret pc=0x00007f00991c3ad0 method=java.lang.Throwable.getOurStackTrace()[Ljava/lang/StackTraceElement; @ 7
Event: 311.169 Thread 0x00007f00a8cd0800 Uncommon trap: reason=class_check action=maybe_recompile pc=0x00007f0099402210 method=java.util.Hashtable.put(Ljava/lang/Object;Ljava/lang/Object;)Ljava/lang/Object; @ 60
Event: 311.731 Thread 0x00007f00a8cd0800 Uncommon trap: reason=unstable_if action=reinterpret pc=0x00007f0099501e70 method=java.util.concurrent.locks.ReentrantLock$NonfairSync.lock()V @ 6
Event: 311.835 Thread 0x00007f00a8cd0800 Uncommon trap: reason=unstable_if action=reinterpret pc=0x00007f0099251404 method=org.apache.tomcat.util.bcel.classfile.JavaClass.<init>(IILjava/lang/String;IIILorg/apache/tomcat/util/bcel/classfile/ConstantPool;[I[Lorg/apache/tomcat/util/bcel/classfile/F
Event: 314.413 Thread 0x00007f00a8cd0800 Uncommon trap: reason=null_check action=make_not_entrant pc=0x00007f00992cc750 method=java.io.ExpiringCache.entryFor(Ljava/lang/String;)Ljava/io/ExpiringCache$Entry; @ 10

Internal exceptions (10 events):
Event: 311.811 Thread 0x00007f00a8cd0800 Exception <a 'java/security/PrivilegedActionException'> (0x0000000783f60e40) thrown at [/HUDSON/workspace/8-2-build-linux-amd64/jdk8u77/6540/hotspot/src/share/vm/prims/jvm.cpp, line 1386]
Event: 311.811 Thread 0x00007f00a8cd0800 Exception <a 'java/security/PrivilegedActionException'> (0x0000000783f61dd0) thrown at [/HUDSON/workspace/8-2-build-linux-amd64/jdk8u77/6540/hotspot/src/share/vm/prims/jvm.cpp, line 1386]
Event: 311.811 Thread 0x00007f00a8cd0800 Exception <a 'java/security/PrivilegedActionException'> (0x0000000783f621c8) thrown at [/HUDSON/workspace/8-2-build-linux-amd64/jdk8u77/6540/hotspot/src/share/vm/prims/jvm.cpp, line 1386]
Event: 311.811 Thread 0x00007f00a8cd0800 Exception <a 'java/security/PrivilegedActionException'> (0x0000000783f631a0) thrown at [/HUDSON/workspace/8-2-build-linux-amd64/jdk8u77/6540/hotspot/src/share/vm/prims/jvm.cpp, line 1386]
Event: 311.811 Thread 0x00007f00a8cd0800 Exception <a 'java/security/PrivilegedActionException'> (0x0000000783f63598) thrown at [/HUDSON/workspace/8-2-build-linux-amd64/jdk8u77/6540/hotspot/src/share/vm/prims/jvm.cpp, line 1386]
Event: 311.811 Thread 0x00007f00a8cd0800 Exception <a 'java/security/PrivilegedActionException'> (0x0000000783f64570) thrown at [/HUDSON/workspace/8-2-build-linux-amd64/jdk8u77/6540/hotspot/src/share/vm/prims/jvm.cpp, line 1386]
Event: 311.811 Thread 0x00007f00a8cd0800 Exception <a 'java/security/PrivilegedActionException'> (0x0000000783f64968) thrown at [/HUDSON/workspace/8-2-build-linux-amd64/jdk8u77/6540/hotspot/src/share/vm/prims/jvm.cpp, line 1386]
Event: 314.413 Thread 0x00007f00a8cd0800 Implicit null exception at 0x00007f00992cc4af to 0x00007f00992cc745
Event: 314.969 Thread 0x00007f00a8cd0800 Exception <a 'java/lang/NoClassDefFoundError': org/slf4j/impl/StaticLoggerBinder> (0x0000000791c18b60) thrown at [/HUDSON/workspace/8-2-build-linux-amd64/jdk8u77/6540/hotspot/src/share/vm/classfile/systemDictionary.cpp, line 199]
Event: 315.158 Thread 0x00007f00a8cd0800 Exception <a 'java/io/FileNotFoundException'> (0x00000007924b2108) thrown at [/HUDSON/workspace/8-2-build-linux-amd64/jdk8u77/6540/hotspot/src/share/vm/prims/jni.cpp, line 709]

Events (10 events):
Event: 315.746 loading class com/fasterxml/jackson/annotation/JsonIdentityInfo
Event: 315.746 loading class com/fasterxml/jackson/annotation/JsonIdentityInfo done
Event: 315.747 loading class com/fasterxml/jackson/annotation/SimpleObjectIdResolver
Event: 315.747 loading class com/fasterxml/jackson/annotation/SimpleObjectIdResolver done
Event: 315.747 loading class com/fasterxml/jackson/annotation/ObjectIdResolver
Event: 315.747 loading class com/fasterxml/jackson/annotation/ObjectIdResolver done
Event: 315.749 loading class com/fasterxml/jackson/annotation/JacksonAnnotation
Event: 315.749 loading class com/fasterxml/jackson/annotation/JacksonAnnotation done
Event: 315.754 loading class org/springframework/beans/factory/support/BeanDefinitionResource
Event: 315.754 loading class org/springframework/beans/factory/support/BeanDefinitionResource done


Dynamic libraries:
00400000-00401000 r-xp 00000000 fd:03 9308993                            /home/jsmolar/Programs/jdk1.8.0_77/bin/java
00600000-00601000 rw-p 00000000 fd:03 9308993                            /home/jsmolar/Programs/jdk1.8.0_77/bin/java
020f2000-02113000 rw-p 00000000 00:00 0                                  [heap]
708e00000-714600000 rw-p 00000000 00:00 0 
714600000-782f80000 ---p 00000000 00:00 0 
782f80000-7a3400000 rw-p 00000000 00:00 0 
7a3400000-7c0000000 ---p 00000000 00:00 0 
7c0000000-7c0840000 rw-p 00000000 00:00 0 
7c0840000-800000000 ---p 00000000 00:00 0 
7f001c000000-7f001c021000 rw-p 00000000 00:00 0 
7f001c021000-7f0020000000 ---p 00000000 00:00 0 
7f0020000000-7f0020d6f000 rw-p 00000000 00:00 0 
7f0020d6f000-7f0024000000 ---p 00000000 00:00 0 
7f0024000000-7f0024021000 rw-p 00000000 00:00 0 
7f0024021000-7f0028000000 ---p 00000000 00:00 0 
7f0028000000-7f00280e9000 rw-p 00000000 00:00 0 
7f00280e9000-7f002c000000 ---p 00000000 00:00 0 
7f002c000000-7f0030000000 rw-p 00000000 00:00 0 
7f0030000000-7f003028c000 rw-p 00000000 00:00 0 
7f003028c000-7f0034000000 ---p 00000000 00:00 0 
7f0034000000-7f0034021000 rw-p 00000000 00:00 0 
7f0034021000-7f0038000000 ---p 00000000 00:00 0 
7f0038000000-7f0038021000 rw-p 00000000 00:00 0 
7f0038021000-7f003c000000 ---p 00000000 00:00 0 
7f003c000000-7f003f683000 rw-p 00000000 00:00 0 
7f003f683000-7f0040000000 ---p 00000000 00:00 0 
7f0040000000-7f0040021000 rw-p 00000000 00:00 0 
7f0040021000-7f0044000000 ---p 00000000 00:00 0 
7f0044000000-7f0044021000 rw-p 00000000 00:00 0 
7f0044021000-7f0048000000 ---p 00000000 00:00 0 
7f0048000000-7f0048021000 rw-p 00000000 00:00 0 
7f0048021000-7f004c000000 ---p 00000000 00:00 0 
7f004c000000-7f004c021000 rw-p 00000000 00:00 0 
7f004c021000-7f0050000000 ---p 00000000 00:00 0 
7f0050000000-7f0050021000 rw-p 00000000 00:00 0 
7f0050021000-7f0054000000 ---p 00000000 00:00 0 
7f0054000000-7f0054f36000 rw-p 00000000 00:00 0 
7f0054f36000-7f0058000000 ---p 00000000 00:00 0 
7f0058000000-7f0058021000 rw-p 00000000 00:00 0 
7f0058021000-7f005c000000 ---p 00000000 00:00 0 
7f005c000000-7f005eab8000 rw-p 00000000 00:00 0 
7f005eab8000-7f0060000000 ---p 00000000 00:00 0 
7f0060000000-7f0062697000 rw-p 00000000 00:00 0 
7f0062697000-7f0064000000 ---p 00000000 00:00 0 
7f0064000000-7f0064021000 rw-p 00000000 00:00 0 
7f0064021000-7f0068000000 ---p 00000000 00:00 0 
7f0068037000-7f0068177000 rw-p 00000000 00:00 0 
7f0068177000-7f0068237000 ---p 00000000 00:00 0 
7f0068237000-7f006823a000 ---p 00000000 00:00 0 
7f006823a000-7f0068538000 rw-p 00000000 00:00 0 
7f0068538000-7f006853b000 ---p 00000000 00:00 0 
7f006853b000-7f0068639000 rw-p 00000000 00:00 0 
7f0068639000-7f006863c000 ---p 00000000 00:00 0 
7f006863c000-7f006873a000 rw-p 00000000 00:00 0 
7f006873a000-7f006873d000 ---p 00000000 00:00 0 
7f006873d000-7f006883b000 rw-p 00000000 00:00 0 
7f006883b000-7f006883e000 ---p 00000000 00:00 0 
7f006883e000-7f0068b3c000 rw-p 00000000 00:00 0 
7f0068b3c000-7f0068d3c000 rw-p 00000000 00:00 0 
7f0068d3c000-7f0068f3c000 rw-p 00000000 00:00 0 
7f0068f3c000-7f006913c000 rw-p 00000000 00:00 0 
7f006913c000-7f006933c000 rw-p 00000000 00:00 0 
7f006933c000-7f006953c000 rw-p 00000000 00:00 0 
7f006953c000-7f0070000000 r--p 00000000 fd:01 2115221                    /usr/lib/locale/locale-archive
7f0070000000-7f0070021000 rw-p 00000000 00:00 0 
7f0070021000-7f0074000000 ---p 00000000 00:00 0 
7f0074000000-7f0074021000 rw-p 00000000 00:00 0 
7f0074021000-7f0078000000 ---p 00000000 00:00 0 
7f0078000000-7f00780ac000 rw-p 00000000 00:00 0 
7f00780ac000-7f007c000000 ---p 00000000 00:00 0 
7f007c000000-7f007c021000 rw-p 00000000 00:00 0 
7f007c021000-7f0080000000 ---p 00000000 00:00 0 
7f0080066000-7f008006a000 rw-p 00000000 00:00 0 
7f008006a000-7f008006c000 r--s 00002000 fd:03 9046454                    /home/jsmolar/.m2/repository/cz/muni/fi/pa165/sports-club-api/1.0-SNAPSHOT/sports-club-api-1.0-SNAPSHOT.jar
7f008006c000-7f0080072000 r--s 002f8000 fd:03 9832615                    /home/jsmolar/Programs/jdk1.8.0_77/jre/lib/charsets.jar
7f0080072000-7f0080108000 r--s 01102000 fd:03 10094812                   /home/jsmolar/Programs/jdk1.8.0_77/jre/lib/ext/jfxrt.jar
7f0080108000-7f0080308000 rw-p 00000000 00:00 0 
7f0080308000-7f0080508000 rw-p 00000000 00:00 0 
7f0080508000-7f0080708000 rw-p 00000000 00:00 0 
7f0080708000-7f0080908000 rw-p 00000000 00:00 0 
7f0080908000-7f0080b08000 rw-p 00000000 00:00 0 
7f0080b08000-7f0080b0b000 ---p 00000000 00:00 0 
7f0080b0b000-7f0080c09000 rw-p 00000000 00:00 0 
7f0080c09000-7f0080c0c000 ---p 00000000 00:00 0 
7f0080c0c000-7f0080f0a000 rw-p 00000000 00:00 0 
7f0080f0a000-7f0080f0d000 r--s 0001a000 fd:03 9832628                    /home/jsmolar/Programs/jdk1.8.0_77/jre/lib/jce.jar
7f0080f0d000-7f008110d000 rw-p 00000000 00:00 0 
7f008110d000-7f008130d000 rw-p 00000000 00:00 0 
7f008130d000-7f0081310000 ---p 00000000 00:00 0 
7f0081310000-7f008160e000 rw-p 00000000 00:00 0 
7f008160e000-7f0081620000 r--s 00345000 fd:03 9832621                    /home/jsmolar/Programs/jdk1.8.0_77/jre/lib/resources.jar
7f0081620000-7f008162a000 r--s 0005c000 fd:03 3034519                    /home/jsmolar/.m2/repository/javax/servlet/jstl/1.2/jstl-1.2.jar
7f008162a000-7f008163c000 r--s 000b5000 fd:03 8668213                    /home/jsmolar/.m2/repository/org/springframework/spring-web/4.3.3.RELEASE/spring-web-4.3.3.RELEASE.jar
7f008163c000-7f0081641000 r--s 0003c000 fd:03 10627145                   /home/jsmolar/.m2/repository/org/springframework/spring-expression/4.3.3.RELEASE/spring-expression-4.3.3.RELEASE.jar
7f0081641000-7f0081658000 r--s 000f9000 fd:03 10627146                   /home/jsmolar/.m2/repository/org/springframework/spring-core/4.3.3.RELEASE/spring-core-4.3.3.RELEASE.jar
7f0081658000-7f0081672000 r--s 000fc000 fd:03 10627164                   /home/jsmolar/.m2/repository/org/springframework/spring-context/4.3.3.RELEASE/spring-context-4.3.3.RELEASE.jar
7f0081672000-7f0081680000 r--s 000ac000 fd:03 10627144                   /home/jsmolar/.m2/repository/org/springframework/spring-beans/4.3.3.RELEASE/spring-beans-4.3.3.RELEASE.jar
7f0081680000-7f0081689000 r--s 00054000 fd:03 8668112                    /home/jsmolar/.m2/repository/org/springframework/spring-aop/4.3.3.RELEASE/spring-aop-4.3.3.RELEASE.jar
7f0081689000-7f008169b000 r--s 000ce000 fd:03 8276345                    /home/jsmolar/.m2/repository/org/springframework/spring-webmvc/4.3.3.RELEASE/spring-webmvc-4.3.3.RELEASE.jar
7f008169b000-7f00816a2000 r--s 00064000 fd:03 10226266                   /home/jsmolar/.m2/repository/org/apache/commons/commons-lang3/3.4/commons-lang3-3.4.jar
7f00816a2000-7f00816af000 r--s 00083000 fd:03 9962835                    /home/jsmolar/.m2/repository/commons-collections/commons-collections/3.2.2/commons-collections-3.2.2.jar
7f00816af000-7f00816b4000 r--s 00035000 fd:03 9045793                    /home/jsmolar/.m2/repository/commons-beanutils/commons-beanutils/1.9.2/commons-beanutils-1.9.2.jar
7f00816b4000-7f00816ba000 r--s 0003e000 fd:03 9571607                    /home/jsmolar/.m2/repository/net/sf/dozer/dozer/5.5.1/dozer-5.5.1.jar
7f00816ba000-7f00816e9000 r--s 002e5000 fd:03 8808801                    /home/jsmolar/.m2/repository/org/apache/derby/derby/10.12.1.1/derby-10.12.1.1.jar
7f00816e9000-7f00816eb000 r--s 00003000 fd:03 10227331                   /home/jsmolar/.m2/repository/org/slf4j/jcl-over-slf4j/1.7.21/jcl-over-slf4j-1.7.21.jar
7f00816eb000-7f00816fb000 r--s 0009c000 fd:03 5786315                    /home/jsmolar/.m2/repository/org/hibernate/hibernate-validator/5.2.4.Final/hibernate-validator-5.2.4.Final.jar
7f00816fb000-7f0081705000 r--s 000ae000 fd:03 10362534                   /home/jsmolar/.m2/repository/org/javassist/javassist/3.20.0-GA/javassist-3.20.0-GA.jar
7f0081705000-7f008176e000 r--s 004f3000 fd:03 10362531                   /home/jsmolar/.m2/repository/org/hibernate/hibernate-core/5.0.11.Final/hibernate-core-5.0.11.Final.jar
7f008176e000-7f008196e000 rw-p 00000000 00:00 0 
7f008196e000-7f0081971000 ---p 00000000 00:00 0 
7f0081971000-7f0081c6f000 rw-p 00000000 00:00 0 
7f0081c6f000-7f0081c78000 r-xp 00000000 fd:03 10620442                   /home/jsmolar/Programs/jdk1.8.0_77/jre/lib/amd64/libmanagement.so
7f0081c78000-7f0081e77000 ---p 00009000 fd:03 10620442                   /home/jsmolar/Programs/jdk1.8.0_77/jre/lib/amd64/libmanagement.so
7f0081e77000-7f0081e78000 rw-p 00008000 fd:03 10620442                   /home/jsmolar/Programs/jdk1.8.0_77/jre/lib/amd64/libmanagement.so
7f0081e78000-7f0082078000 rw-p 00000000 00:00 0 
7f0082078000-7f008207a000 r--s 00005000 fd:03 10618209                   /home/jsmolar/.m2/repository/org/slf4j/slf4j-api/1.7.5/slf4j-api-1.7.5.jar
7f008207a000-7f008207c000 r--s 00003000 fd:03 11018914                   /home/jsmolar/.m2/repository/org/slf4j/jcl-over-slf4j/1.7.5/jcl-over-slf4j-1.7.5.jar
7f008207c000-7f008207e000 r--s 00002000 fd:03 10224068                   /home/jsmolar/.m2/repository/org/sonatype/plexus/plexus-cipher/1.4/plexus-cipher-1.4.jar
7f008207e000-7f008207f000 r--s 00006000 fd:03 10224067                   /home/jsmolar/.m2/repository/org/sonatype/plexus/plexus-sec-dispatcher/1.3/plexus-sec-dispatcher-1.3.jar
7f008207f000-7f0082080000 r--s 00002000 fd:03 10224056                   /home/jsmolar/.m2/repository/org/apache/maven/doxia/doxia-logging-api/1.1/doxia-logging-api-1.1.jar
7f0082080000-7f0082082000 r--s 00002000 fd:03 10224055                   /home/jsmolar/.m2/repository/org/apache/maven/doxia/doxia-sink-api/1.1/doxia-sink-api-1.1.jar
7f0082082000-7f0082083000 r--s 00002000 fd:03 10224052                   /home/jsmolar/.m2/repository/org/apache/maven/reporting/maven-reporting-api/2.2.1/maven-reporting-api-2.2.1.jar
7f0082083000-7f0082085000 r--s 00009000 fd:03 10620294                   /home/jsmolar/.m2/repository/org/apache/maven/shared/maven-filtering/1.0/maven-filtering-1.0.jar
7f0082085000-7f0082089000 r--s 00037000 fd:03 10223717                   /home/jsmolar/.m2/repository/org/codehaus/plexus/plexus-utils/3.0.15/plexus-utils-3.0.15.jar
7f0082089000-7f008208c000 r--s 0000c000 fd:03 9307444                    /home/jsmolar/.m2/repository/org/codehaus/plexus/plexus-io/2.0.3/plexus-io-2.0.3.jar
7f008208c000-7f008208e000 r--s 00011000 fd:03 1589021                    /home/jsmolar/.m2/repository/org/hamcrest/hamcrest-core/1.1/hamcrest-core-1.1.jar
7f008208e000-7f0082095000 r--s 00037000 fd:03 1588874                    /home/jsmolar/.m2/repository/junit/junit/4.10/junit-4.10.jar
7f0082095000-7f008209a000 r--s 00029000 fd:03 9307443                    /home/jsmolar/.m2/repository/org/codehaus/plexus/plexus-archiver/2.1.1/plexus-archiver-2.1.1.jar
7f008209a000-7f008209e000 r--s 00014000 fd:03 10227318                   /home/jsmolar/.m2/repository/org/tukaani/xz/1.0/xz-1.0.jar
7f008209e000-7f00820a3000 r--s 00036000 fd:03 10227315                   /home/jsmolar/.m2/repository/org/apache/commons/commons-compress/1.4.1/commons-compress-1.4.1.jar
7f00820a3000-7f00820a8000 r--s 00041000 fd:03 10224777                   /home/jsmolar/.m2/repository/commons-lang/commons-lang/2.6/commons-lang-2.6.jar
7f00820a8000-7f00820ac000 r--s 00027000 fd:03 10224339                   /home/jsmolar/.m2/repository/commons-io/commons-io/2.2/commons-io-2.2.jar
7f00820ac000-7f00820ad000 r--s 00004000 fd:03 9308914                    /home/jsmolar/.m2/repository/org/apache/maven/maven-archiver/2.4.2/maven-archiver-2.4.2.jar
7f00820ad000-7f00820af000 r--s 00009000 fd:03 10224064                   /home/jsmolar/.m2/repository/commons-cli/commons-cli/1.2/commons-cli-1.2.jar
7f00820af000-7f00820b1000 r--s 00005000 fd:03 9046352                    /home/jsmolar/.m2/repository/org/apache/tomcat/maven/tomcat7-war-runner/2.2/tomcat7-war-runner-2.2.jar
7f00820b1000-7f00820b7000 r--s 00033000 fd:03 10224342                   /home/jsmolar/.m2/repository/commons-codec/commons-codec/1.6/commons-codec-1.6.jar
7f00820b7000-7f00820b9000 r--s 0000e000 fd:03 10226255                   /home/jsmolar/.m2/repository/commons-logging/commons-logging/1.1.3/commons-logging-1.1.3.jar
7f00820b9000-7f00820bf000 r--s 0003f000 fd:03 10488925                   /home/jsmolar/.m2/repository/org/apache/httpcomponents/httpcore/4.3/httpcore-4.3.jar
7f00820bf000-7f00820ca000 r--s 00084000 fd:03 10359777                   /home/jsmolar/.m2/repository/org/apache/httpcomponents/httpclient/4.3.1/httpclient-4.3.1.jar
7f00820ca000-7f00820cd000 r--s 00006000 fd:03 10618218                   /home/jsmolar/.m2/repository/com/google/code/findbugs/jsr305/1.3.9/jsr305-1.3.9.jar
7f00820cd000-7f00820eb000 r--s 00151000 fd:03 10618217                   /home/jsmolar/.m2/repository/com/google/guava/guava/10.0.1/guava-10.0.1.jar
7f00820eb000-7f00820f3000 r--s 00049000 fd:03 9438773                    /home/jsmolar/.m2/repository/backport-util-concurrent/backport-util-concurrent/3.1/backport-util-concurrent-3.1.jar
7f00820f3000-7f00820f5000 r--s 00008000 fd:03 9046350                    /home/jsmolar/.m2/repository/org/apache/tomcat/maven/common-tomcat-maven-plugin/2.2/common-tomcat-maven-plugin-2.2.jar
7f00820f5000-7f0082104000 r--s 001a9000 fd:03 9437416                    /home/jsmolar/.m2/repository/org/eclipse/jdt/core/compiler/ecj/4.2.2/ecj-4.2.2.jar
7f0082104000-7f0082106000 r--s 00013000 fd:03 9046348                    /home/jsmolar/.m2/repository/org/apache/tomcat/embed/tomcat-embed-logging-log4j/7.0.47/tomcat-embed-logging-log4j-7.0.47.jar
7f0082106000-7f0082108000 r--s 00008000 fd:03 9046345                    /home/jsmolar/.m2/repository/org/apache/tomcat/embed/tomcat-embed-logging-juli/7.0.47/tomcat-embed-logging-juli-7.0.47.jar
7f0082108000-7f008210a000 r--s 00008000 fd:03 9046343                    /home/jsmolar/.m2/repository/org/apache/tomcat/tomcat-juli/7.0.47/tomcat-juli-7.0.47.jar
7f008210a000-7f008210b000 r--s 00003000 fd:03 9046342                    /home/jsmolar/.m2/repository/org/apache/tomcat/tomcat-annotations-api/7.0.47/tomcat-annotations-api-7.0.47.jar
7f008210b000-7f008210d000 r--s 0001f000 fd:03 9046338                    /home/jsmolar/.m2/repository/org/apache/tomcat/tomcat-catalina-ha/7.0.47/tomcat-catalina-ha-7.0.47.jar
7f008210d000-7f0082111000 r--s 0003b000 fd:03 9046337                    /home/jsmolar/.m2/repository/org/apache/tomcat/tomcat-tribes/7.0.47/tomcat-tribes-7.0.47.jar
7f0082111000-7f0082123000 r--s 00171000 fd:03 9046335                    /home/jsmolar/.m2/repository/org/apache/tomcat/tomcat-catalina/7.0.47/tomcat-catalina-7.0.47.jar
7f0082123000-7f0082125000 r--s 0000a000 fd:03 9046331                    /home/jsmolar/.m2/repository/org/apache/tomcat/tomcat-el-api/7.0.47/tomcat-el-api-7.0.47.jar
7f0082125000-7f0082128000 r--s 0001c000 fd:03 9046332                    /home/jsmolar/.m2/repository/org/apache/tomcat/tomcat-jasper-el/7.0.47/tomcat-jasper-el-7.0.47.jar
7f0082128000-7f0082130000 r--s 0008b000 fd:03 9046328                    /home/jsmolar/.m2/repository/org/apache/tomcat/tomcat-jasper/7.0.47/tomcat-jasper-7.0.47.jar
7f0082130000-7f0082133000 r--s 00013000 fd:03 9046326                    /home/jsmolar/.m2/repository/org/apache/tomcat/tomcat-jsp-api/7.0.47/tomcat-jsp-api-7.0.47.jar
7f0082133000-7f0082136000 r--s 00029000 fd:03 9046324                    /home/jsmolar/.m2/repository/org/apache/tomcat/tomcat-servlet-api/7.0.47/tomcat-servlet-api-7.0.47.jar
7f0082136000-7f008213a000 r--s 00036000 fd:03 9046323                    /home/jsmolar/.m2/repository/org/apache/tomcat/tomcat-dbcp/7.0.47/tomcat-dbcp-7.0.47.jar
7f008213a000-7f008213c000 r--s 0001d000 fd:03 9046320                    /home/jsmolar/.m2/repository/org/apache/tomcat/tomcat-jdbc/7.0.47/tomcat-jdbc-7.0.47.jar
7f008213c000-7f008213d000 r--s 00001000 fd:03 9046319                    /home/jsmolar/.m2/repository/org/apache/tomcat/tomcat-api/7.0.47/tomcat-api-7.0.47.jar
7f008213d000-7f008214b000 r--s 000be000 fd:03 9046318                    /home/jsmolar/.m2/repository/org/apache/tomcat/tomcat-coyote/7.0.47/tomcat-coyote-7.0.47.jar
7f008214b000-7f008214c000 r--s 00005000 fd:03 9046317                    /home/jsmolar/.m2/repository/org/apache/tomcat/tomcat-util/7.0.47/tomcat-util-7.0.47.jar
7f008214c000-7f0082173000 r--s 00290000 fd:03 9046316                    /home/jsmolar/.m2/repository/org/apache/tomcat/embed/tomcat-embed-core/7.0.47/tomcat-embed-core-7.0.47.jar
7f0082173000-7f0082175000 r--s 0001a000 fd:03 9046254                    /home/jsmolar/.m2/repository/org/apache/tomcat/maven/tomcat7-maven-plugin/2.2/tomcat7-maven-plugin-2.2.jar
7f0082175000-7f0082176000 r--s 00000000 fd:03 9831906                    /home/jsmolar/.m2/repository/javax/inject/javax.inject/1/javax.inject-1.jar
7f0082176000-7f0082178000 r--s 00009000 fd:03 10227330                   /home/jsmolar/.m2/repository/org/slf4j/slf4j-api/1.7.21/slf4j-api-1.7.21.jar
7f0082178000-7f008217a000 r--s 0000e000 fd:03 10227346                   /home/jsmolar/.m2/repository/com/fasterxml/classmate/1.3.1/classmate-1.3.1.jar
7f008217a000-7f008217b000 r--s 00003000 fd:03 10355592                   /home/jsmolar/.m2/repository/org/apache/geronimo/specs/geronimo-jta_1.1_spec/1.1.1/geronimo-jta_1.1_spec-1.1.1.jar
7f008217b000-7f0082180000 r--s 00017000 fd:03 10355582                   /home/jsmolar/.m2/repository/org/hibernate/javax/persistence/hibernate-jpa-2.1-api/1.0.0.Final/hibernate-jpa-2.1-api-1.0.0.Final.jar
7f0082180000-7f0082183000 r--s 00010000 fd:03 10355602                   /home/jsmolar/.m2/repository/org/hibernate/common/hibernate-commons-annotations/5.0.1.Final/hibernate-commons-annotations-5.0.1.Final.jar
7f0082183000-7f008218c000 r--s 0002d000 fd:03 11290267                   /home/jsmolar/.m2/repository/xml-apis/xml-apis/1.4.01/xml-apis-1.4.01.jar
7f008218c000-7f0082191000 r--s 00048000 fd:03 10355597                   /home/jsmolar/.m2/repository/dom4j/dom4j/1.6.1/dom4j-1.6.1.jar
7f0082191000-7f0082194000 r--s 0002b000 fd:03 10362533                   /home/jsmolar/.m2/repository/org/jboss/jandex/2.0.0.Final/jandex-2.0.0.Final.jar
7f0082194000-7f0082199000 r--s 00068000 fd:03 10355590                   /home/jsmolar/.m2/repository/antlr/antlr/2.7.7/antlr-2.7.7.jar
7f0082199000-7f008219b000 r--s 0000f000 fd:03 10355586                   /home/jsmolar/.m2/repository/org/jboss/logging/jboss-logging/3.3.0.Final/jboss-logging-3.3.0.Final.jar
7f008219b000-7f00821a8000 r--s 00089000 fd:03 11546280                   /home/jsmolar/.m2/repository/org/hibernate/hibernate-entitymanager/5.0.11.Final/hibernate-entitymanager-5.0.11.Final.jar
7f00821a8000-7f00821ac000 r--s 00019000 fd:03 9046365                    /home/jsmolar/.m2/repository/org/aspectj/aspectjrt/1.8.9/aspectjrt-1.8.9.jar
7f00821ac000-7f00821bd000 r--s 00099000 fd:03 3558204                    /home/jsmolar/.m2/repository/org/springframework/data/spring-data-commons/1.12.3.RELEASE/spring-data-commons-1.12.3.RELEASE.jar
7f00821bd000-7f00821c4000 r--s 0003e000 fd:03 3558268                    /home/jsmolar/.m2/repository/org/springframework/data/spring-data-jpa/1.10.3.RELEASE/spring-data-jpa-1.10.3.RELEASE.jar
7f00821c4000-7f00821ce000 r--s 0005f000 fd:03 10627153                   /home/jsmolar/.m2/repository/org/springframework/spring-jdbc/4.3.3.RELEASE/spring-jdbc-4.3.3.RELEASE.jar
7f00821ce000-7f00821d8000 r--s 0006b000 fd:03 10627151                   /home/jsmolar/.m2/repository/org/springframework/spring-orm/4.3.3.RELEASE/spring-orm-4.3.3.RELEASE.jar
7f00821d8000-7f00821e6000 r--s 00083000 fd:03 1596482                    /home/jsmolar/.m2/repository/org/springframework/spring-test/4.3.3.RELEASE/spring-test-4.3.3.RELEASE.jar
7f00821e6000-7f00821e9000 r--s 0000b000 fd:03 11546364                   /home/jsmolar/.m2/repository/com/fasterxml/jackson/core/jackson-annotations/2.8.3/jackson-annotations-2.8.3.jar
7f00821e9000-7f00821f1000 r--s 0003a000 fd:03 10627174                   /home/jsmolar/.m2/repository/org/springframework/spring-tx/4.3.3.RELEASE/spring-tx-4.3.3.RELEASE.jar
7f00821f1000-7f00821f5000 r--s 0000c000 fd:03 9962855                    /home/jsmolar/.m2/repository/javax/validation/validation-api/1.1.0.Final/validation-api-1.1.0.Final.jar
7f00821f5000-7f00821f7000 r--s 00002000 fd:03 9046454                    /home/jsmolar/.m2/repository/cz/muni/fi/pa165/sports-club-api/1.0-SNAPSHOT/sports-club-api-1.0-SNAPSHOT.jar
7f00821f7000-7f00821f9000 r--s 00004000 fd:03 11547616                   /home/jsmolar/.m2/repository/cz/muni/fi/pa165/sports-club-persistence/1.0-SNAPSHOT/sports-club-persistence-1.0-SNAPSHOT.jar
7f00821f9000-7f00821fb000 r--s 00004000 fd:03 11548450                   /home/jsmolar/.m2/repository/cz/muni/fi/pa165/sports-club-service/1.0-SNAPSHOT/sports-club-service-1.0-SNAPSHOT.jar
7f00821fb000-7f00821fc000 r--s 00001000 fd:03 11548457                   /home/jsmolar/.m2/repository/cz/muni/fi/pa165/sports-club-sampleData/1.0-SNAPSHOT/sports-club-sampleData-1.0-SNAPSHOT.jar
7f00821fc000-7f00821ff000 ---p 00000000 00:00 0 
7f00821ff000-7f00822fd000 rw-p 00000000 00:00 0 
7f00822fd000-7f0082307000 r--s 00116000 fd:03 10094818                   /home/jsmolar/Programs/jdk1.8.0_77/jre/lib/ext/localedata.jar
7f0082307000-7f0082323000 r--s 00393000 fd:03 10094811                   /home/jsmolar/Programs/jdk1.8.0_77/jre/lib/ext/cldrdata.jar
7f0082323000-7f0082326000 r--s 0001b000 fd:03 9438779                    /home/jsmolar/.m2/repository/junit/junit/3.8.2/junit-3.8.2.jar
7f0082326000-7f0082334000 r--s 0008f000 fd:03 10224019                   /home/jsmolar/.m2/repository/com/google/collections/google-collections/1.0/google-collections-1.0.jar
7f0082334000-7f0082335000 r--s 0000a000 fd:03 10224017                   /home/jsmolar/.m2/repository/commons-logging/commons-logging-api/1.1/commons-logging-api-1.1.jar
7f0082335000-7f008233c000 r--s 00051000 fd:03 10224012                   /home/jsmolar/.m2/repository/log4j/log4j/1.2.12/log4j-1.2.12.jar
7f008233c000-7f0082340000 r--s 0001d000 fd:03 10224010                   /home/jsmolar/.m2/repository/org/apache/xbean/xbean-reflect/3.4/xbean-reflect-3.4.jar
7f0082340000-7f0082341000 r--s 00004000 fd:03 10094777                   /home/jsmolar/.m2/repository/org/codehaus/plexus/plexus-compiler-javac/2.2/plexus-compiler-javac-2.2.jar
7f0082341000-7f0082343000 r--s 00000000 fd:03 9963277                    /home/jsmolar/.m2/repository/org/codehaus/plexus/plexus-compiler-manager/2.2/plexus-compiler-manager-2.2.jar
7f0082343000-7f0082345000 r--s 00005000 fd:03 9963275                    /home/jsmolar/.m2/repository/org/codehaus/plexus/plexus-compiler-api/2.2/plexus-compiler-api-2.2.jar
7f0082345000-7f0082347000 r--s 00000000 fd:03 9438760                    /home/jsmolar/.m2/repository/org/codehaus/plexus/plexus-component-annotations/1.5.5/plexus-component-annotations-1.5.5.jar
7f0082347000-7f0082349000 r--s 00002000 fd:03 10224639                   /home/jsmolar/.m2/repository/org/apache/maven/shared/maven-shared-incremental/1.1/maven-shared-incremental-1.1.jar
7f0082349000-7f008234b000 r--s 00006000 fd:03 10224369                   /home/jsmolar/.m2/repository/com/google/code/findbugs/jsr305/2.0.1/jsr305-2.0.1.jar
7f008234b000-7f008234e000 r--s 00023000 fd:03 10224638                   /home/jsmolar/.m2/repository/org/apache/maven/shared/maven-shared-utils/0.1/maven-shared-utils-0.1.jar
7f008234e000-7f0082352000 r--s 00030000 fd:03 10224608                   /home/jsmolar/.m2/repository/org/codehaus/plexus/plexus-utils/1.5.1/plexus-utils-1.5.1.jar
7f0082352000-7f0082354000 r--s 00009000 fd:03 10618029                   /home/jsmolar/.m2/repository/org/apache/maven/plugins/maven-compiler-plugin/3.1/maven-compiler-plugin-3.1.jar
7f0082354000-7f0082356000 r--s 0000d000 fd:03 9308899                    /home/jsmolar/.m2/repository/org/codehaus/plexus/plexus-interpolation/1.13/plexus-interpolation-1.13.jar
7f0082356000-7f0082358000 r--s 00009000 fd:03 10620165                   /home/jsmolar/.m2/repository/org/apache/maven/shared/maven-filtering/1.1/maven-filtering-1.1.jar
7f0082358000-7f008235c000 r--s 00033000 fd:03 11011232                   /home/jsmolar/.m2/repository/org/codehaus/plexus/plexus-utils/2.0.5/plexus-utils-2.0.5.jar
7f008235c000-7f008235f000 r--s 0001b000 fd:03 9308415                    /home/jsmolar/.m2/repository/junit/junit/3.8.1/junit-3.8.1.jar
7f008235f000-7f008255f000 rw-p 00000000 00:00 0 
7f008255f000-7f0082570000 r-xp 00000000 fd:03 10620437                   /home/jsmolar/Programs/jdk1.8.0_77/jre/lib/amd64/libnio.so
7f0082570000-7f008276f000 ---p 00011000 fd:03 10620437                   /home/jsmolar/Programs/jdk1.8.0_77/jre/lib/amd64/libnio.so
7f008276f000-7f0082770000 rw-p 00010000 fd:03 10620437                   /home/jsmolar/Programs/jdk1.8.0_77/jre/lib/amd64/libnio.so
7f0082770000-7f0082773000 ---p 00000000 00:00 0 
7f0082773000-7f00829a9000 rw-p 00000000 00:00 0 
7f00829a9000-7f0082ba9000 rw-p 00000000 00:00 0 
7f0082ba9000-7f0082bd7000 r--s 001fa000 fd:03 9045192                    /home/jsmolar/Programs/idea/plugins/maven/lib/maven3/lib/wagon-http-2.8-shaded.jar
7f0082bd7000-7f0082bed000 r-xp 00000000 fd:03 10620434                   /home/jsmolar/Programs/jdk1.8.0_77/jre/lib/amd64/libnet.so
7f0082bed000-7f0082ded000 ---p 00016000 fd:03 10620434                   /home/jsmolar/Programs/jdk1.8.0_77/jre/lib/amd64/libnet.so
7f0082ded000-7f0082dee000 rw-p 00016000 fd:03 10620434                   /home/jsmolar/Programs/jdk1.8.0_77/jre/lib/amd64/libnet.so
7f0082dee000-7f0082df1000 ---p 00000000 00:00 0 
7f0082df1000-7f0082eef000 rw-p 00000000 00:00 0 
7f0082eef000-7f0082ef0000 r-xp 00000000 fd:03 8913620                    /home/jsmolar/Programs/idea/bin/libbreakgen64.so
7f0082ef0000-7f00830ef000 ---p 00001000 fd:03 8913620                    /home/jsmolar/Programs/idea/bin/libbreakgen64.so
7f00830ef000-7f00830f0000 r--p 00000000 fd:03 8913620                    /home/jsmolar/Programs/idea/bin/libbreakgen64.so
7f00830f0000-7f00830f1000 rw-p 00001000 fd:03 8913620                    /home/jsmolar/Programs/idea/bin/libbreakgen64.so
7f00830f1000-7f00830f2000 ---p 00000000 00:00 0 
7f00830f2000-7f00831f2000 rw-p 00000000 00:00 0 
7f00831f2000-7f00831f5000 ---p 00000000 00:00 0 
7f00831f5000-7f00832f3000 rw-p 00000000 00:00 0 
7f00832f3000-7f00832f6000 ---p 00000000 00:00 0 
7f00832f6000-7f00833f4000 rw-p 00000000 00:00 0 
7f00833f4000-7f00833f7000 ---p 00000000 00:00 0 
7f00833f7000-7f00834f5000 rw-p 00000000 00:00 0 
7f00834f5000-7f00834f8000 ---p 00000000 00:00 0 
7f00834f8000-7f00835f6000 rw-p 00000000 00:00 0 
7f00835f6000-7f00835f9000 ---p 00000000 00:00 0 
7f00835f9000-7f00836f7000 rw-p 00000000 00:00 0 
7f00836f7000-7f00836fa000 ---p 00000000 00:00 0 
7f00836fa000-7f00837f8000 rw-p 00000000 00:00 0 
7f00837f8000-7f00837fb000 ---p 00000000 00:00 0 
7f00837fb000-7f00838f9000 rw-p 00000000 00:00 0 
7f00838f9000-7f00838fa000 ---p 00000000 00:00 0 
7f00838fa000-7f0084000000 rw-p 00000000 00:00 0 
7f0084000000-7f0084021000 rw-p 00000000 00:00 0 
7f0084021000-7f0088000000 ---p 00000000 00:00 0 
7f0088000000-7f0088021000 rw-p 00000000 00:00 0 
7f0088021000-7f008c000000 ---p 00000000 00:00 0 
7f008c000000-7f008c021000 rw-p 00000000 00:00 0 
7f008c021000-7f0090000000 ---p 00000000 00:00 0 
7f0090000000-7f0090001000 r--s 00001000 fd:03 10224519                   /home/jsmolar/.m2/repository/org/sonatype/plexus/plexus-build-api/0.0.4/plexus-build-api-0.0.4.jar
7f0090001000-7f0090003000 r--s 00002000 fd:03 9308432                    /home/jsmolar/.m2/repository/org/codehaus/plexus/plexus-interactivity-api/1.0-alpha-4/plexus-interactivity-api-1.0-alpha-4.jar
7f0090003000-7f0090005000 r--s 00006000 fd:03 9308425                    /home/jsmolar/.m2/repository/commons-cli/commons-cli/1.0/commons-cli-1.0.jar
7f0090005000-7f0090006000 r--s 00001000 fd:03 9308470                    /home/jsmolar/.m2/repository/org/apache/maven/doxia/doxia-sink-api/1.0-alpha-7/doxia-sink-api-1.0-alpha-7.jar
7f0090006000-7f0090007000 r--s 00002000 fd:03 9308466                    /home/jsmolar/.m2/repository/org/apache/maven/reporting/maven-reporting-api/2.0.6/maven-reporting-api-2.0.6.jar
7f0090007000-7f0090009000 r--s 00006000 fd:03 10488224                   /home/jsmolar/.m2/repository/org/apache/maven/plugins/maven-resources-plugin/2.6/maven-resources-plugin-2.6.jar
7f0090009000-7f009000a000 r--p 00000000 00:00 0 
7f009000a000-7f009000e000 r--s 00097000 fd:03 9832622                    /home/jsmolar/Programs/jdk1.8.0_77/jre/lib/jsse.jar
7f009000e000-7f0090010000 r--s 00002000 fd:03 9045182                    /home/jsmolar/Programs/idea/plugins/maven/lib/maven3/lib/plexus-cipher-1.7.jar
7f0090010000-7f0090011000 r--s 00002000 fd:03 9045191                    /home/jsmolar/Programs/idea/plugins/maven/lib/maven3/lib/wagon-file-2.8.jar
7f0090011000-7f0090015000 r--s 00033000 fd:03 9045186                    /home/jsmolar/Programs/idea/plugins/maven/lib/maven3/lib/plexus-utils-2.0.6.jar
7f0090015000-7f0090018000 r--s 00013000 fd:03 9045161                    /home/jsmolar/Programs/idea/plugins/maven/lib/maven3/lib/aether-api-1.13.1.jar
7f0090018000-7f009001a000 r--s 00026000 fd:03 9045176                    /home/jsmolar/Programs/idea/plugins/maven/lib/maven3/lib/maven-model-3.0.5.jar
7f009001a000-7f009001c000 r--s 0000a000 fd:03 9045180                    /home/jsmolar/Programs/idea/plugins/maven/lib/maven3/lib/maven-settings-3.0.5.jar
7f009001c000-7f0090023000 r--s 00040000 fd:03 9045189                    /home/jsmolar/Programs/idea/plugins/maven/lib/maven3/lib/sisu-inject-bean-2.3.0.jar
7f0090023000-7f0090029000 r--s 0002c000 fd:03 9045190                    /home/jsmolar/Programs/idea/plugins/maven/lib/maven3/lib/sisu-inject-plexus-2.3.0.jar
7f0090029000-7f009002d000 r--s 00021000 fd:03 9045177                    /home/jsmolar/Programs/idea/plugins/maven/lib/maven3/lib/maven-model-builder-3.0.5.jar
7f009002d000-7f0090032000 r--s 00041000 fd:03 9045168                    /home/jsmolar/Programs/idea/plugins/maven/lib/maven3/lib/commons-lang-2.6.jar
7f0090032000-7f009003e000 r--s 0007d000 fd:03 9045174                    /home/jsmolar/Programs/idea/plugins/maven/lib/maven3/lib/maven-core-3.0.5.jar
7f009003e000-7f0090040000 r--s 00006000 fd:03 9045179                    /home/jsmolar/Programs/idea/plugins/maven/lib/maven3/lib/maven-repository-metadata-3.0.5.jar
7f0090040000-7f0090042000 r--s 0000d000 fd:03 9045184                    /home/jsmolar/Programs/idea/plugins/maven/lib/maven3/lib/plexus-interpolation-1.14.jar
7f0090042000-7f0090a21000 rw-p 00000000 00:00 0 
7f0090a21000-7f0090bf9000 r--s 03d1e000 fd:03 9832617                    /home/jsmolar/Programs/jdk1.8.0_77/jre/lib/rt.jar
7f0090bf9000-7f0097542000 rw-p 00000000 00:00 0 
7f0097542000-7f0097543000 ---p 00000000 00:00 0 
7f0097543000-7f0097643000 rw-p 00000000 00:00 0 
7f0097643000-7f0097644000 ---p 00000000 00:00 0 
7f0097644000-7f0097744000 rw-p 00000000 00:00 0 
7f0097744000-7f0097745000 ---p 00000000 00:00 0 
7f0097745000-7f00978a1000 rw-p 00000000 00:00 0 
7f00978a1000-7f0097c16000 ---p 00000000 00:00 0 
7f0097c16000-7f0097c72000 rw-p 00000000 00:00 0 
7f0097c72000-7f0097fe6000 ---p 00000000 00:00 0 
7f0097fe6000-7f00980e9000 rw-p 00000000 00:00 0 
7f00980e9000-7f00981cf000 ---p 00000000 00:00 0 
7f00981cf000-7f009821c000 rw-p 00000000 00:00 0 
7f009821c000-7f0098590000 ---p 00000000 00:00 0 
7f0098590000-7f0099890000 rwxp 00000000 00:00 0 
7f0099890000-7f00a7590000 ---p 00000000 00:00 0 
7f00a7590000-7f00a75aa000 r-xp 00000000 fd:03 10620430                   /home/jsmolar/Programs/jdk1.8.0_77/jre/lib/amd64/libzip.so
7f00a75aa000-7f00a77aa000 ---p 0001a000 fd:03 10620430                   /home/jsmolar/Programs/jdk1.8.0_77/jre/lib/amd64/libzip.so
7f00a77aa000-7f00a77ab000 rw-p 0001a000 fd:03 10620430                   /home/jsmolar/Programs/jdk1.8.0_77/jre/lib/amd64/libzip.so
7f00a77ab000-7f00a77b6000 r-xp 00000000 fd:01 1840224                    /usr/lib64/libnss_files-2.22.so
7f00a77b6000-7f00a79b5000 ---p 0000b000 fd:01 1840224                    /usr/lib64/libnss_files-2.22.so
7f00a79b5000-7f00a79b6000 r--p 0000a000 fd:01 1840224                    /usr/lib64/libnss_files-2.22.so
7f00a79b6000-7f00a79b7000 rw-p 0000b000 fd:01 1840224                    /usr/lib64/libnss_files-2.22.so
7f00a79b7000-7f00a79bd000 rw-p 00000000 00:00 0 
7f00a79bd000-7f00a79e7000 r-xp 00000000 fd:03 10620425                   /home/jsmolar/Programs/jdk1.8.0_77/jre/lib/amd64/libjava.so
7f00a79e7000-7f00a7be7000 ---p 0002a000 fd:03 10620425                   /home/jsmolar/Programs/jdk1.8.0_77/jre/lib/amd64/libjava.so
7f00a7be7000-7f00a7be9000 rw-p 0002a000 fd:03 10620425                   /home/jsmolar/Programs/jdk1.8.0_77/jre/lib/amd64/libjava.so
7f00a7be9000-7f00a7bf6000 r-xp 00000000 fd:03 10620429                   /home/jsmolar/Programs/jdk1.8.0_77/jre/lib/amd64/libverify.so
7f00a7bf6000-7f00a7df6000 ---p 0000d000 fd:03 10620429                   /home/jsmolar/Programs/jdk1.8.0_77/jre/lib/amd64/libverify.so
7f00a7df6000-7f00a7df8000 rw-p 0000d000 fd:03 10620429                   /home/jsmolar/Programs/jdk1.8.0_77/jre/lib/amd64/libverify.so
7f00a7df8000-7f00a7dff000 r-xp 00000000 fd:01 1857015                    /usr/lib64/librt-2.22.so
7f00a7dff000-7f00a7ffe000 ---p 00007000 fd:01 1857015                    /usr/lib64/librt-2.22.so
7f00a7ffe000-7f00a7fff000 r--p 00006000 fd:01 1857015                    /usr/lib64/librt-2.22.so
7f00a7fff000-7f00a8000000 rw-p 00007000 fd:01 1857015                    /usr/lib64/librt-2.22.so
7f00a8000000-7f00a8d4f000 rw-p 00000000 00:00 0 
7f00a8d4f000-7f00ac000000 ---p 00000000 00:00 0 
7f00ac000000-7f00ac01f000 r--s 00152000 fd:03 9045187                    /home/jsmolar/Programs/idea/plugins/maven/lib/maven3/lib/sisu-guava-0.9.9.jar
7f00ac01f000-7f00ac0e4000 rw-p 00000000 00:00 0 
7f00ac0e4000-7f00ac0e5000 ---p 00000000 00:00 0 
7f00ac0e5000-7f00ac1e5000 rw-p 00000000 00:00 0 
7f00ac1e5000-7f00ac2e6000 r-xp 00000000 fd:01 1837390                    /usr/lib64/libm-2.22.so
7f00ac2e6000-7f00ac4e5000 ---p 00101000 fd:01 1837390                    /usr/lib64/libm-2.22.so
7f00ac4e5000-7f00ac4e6000 r--p 00100000 fd:01 1837390                    /usr/lib64/libm-2.22.so
7f00ac4e6000-7f00ac4e7000 rw-p 00101000 fd:01 1837390                    /usr/lib64/libm-2.22.so
7f00ac4e7000-7f00ad1a6000 r-xp 00000000 fd:03 10751215                   /home/jsmolar/Programs/jdk1.8.0_77/jre/lib/amd64/server/libjvm.so
7f00ad1a6000-7f00ad3a5000 ---p 00cbf000 fd:03 10751215                   /home/jsmolar/Programs/jdk1.8.0_77/jre/lib/amd64/server/libjvm.so
7f00ad3a5000-7f00ad47e000 rw-p 00cbe000 fd:03 10751215                   /home/jsmolar/Programs/jdk1.8.0_77/jre/lib/amd64/server/libjvm.so
7f00ad47e000-7f00ad4c7000 rw-p 00000000 00:00 0 
7f00ad4c7000-7f00ad67e000 r-xp 00000000 fd:01 1835893                    /usr/lib64/libc-2.22.so
7f00ad67e000-7f00ad87e000 ---p 001b7000 fd:01 1835893                    /usr/lib64/libc-2.22.so
7f00ad87e000-7f00ad882000 r--p 001b7000 fd:01 1835893                    /usr/lib64/libc-2.22.so
7f00ad882000-7f00ad884000 rw-p 001bb000 fd:01 1835893                    /usr/lib64/libc-2.22.so
7f00ad884000-7f00ad888000 rw-p 00000000 00:00 0 
7f00ad888000-7f00ad88b000 r-xp 00000000 fd:01 1837382                    /usr/lib64/libdl-2.22.so
7f00ad88b000-7f00ada8a000 ---p 00003000 fd:01 1837382                    /usr/lib64/libdl-2.22.so
7f00ada8a000-7f00ada8b000 r--p 00002000 fd:01 1837382                    /usr/lib64/libdl-2.22.so
7f00ada8b000-7f00ada8c000 rw-p 00003000 fd:01 1837382                    /usr/lib64/libdl-2.22.so
7f00ada8c000-7f00adaa1000 r-xp 00000000 fd:03 9309395                    /home/jsmolar/Programs/jdk1.8.0_77/lib/amd64/jli/libjli.so
7f00adaa1000-7f00adca1000 ---p 00015000 fd:03 9309395                    /home/jsmolar/Programs/jdk1.8.0_77/lib/amd64/jli/libjli.so
7f00adca1000-7f00adca2000 rw-p 00015000 fd:03 9309395                    /home/jsmolar/Programs/jdk1.8.0_77/lib/amd64/jli/libjli.so
7f00adca2000-7f00adcba000 r-xp 00000000 fd:01 1835921                    /usr/lib64/libpthread-2.22.so
7f00adcba000-7f00adeb9000 ---p 00018000 fd:01 1835921                    /usr/lib64/libpthread-2.22.so
7f00adeb9000-7f00adebb000 r--p 00017000 fd:01 1835921                    /usr/lib64/libpthread-2.22.so
7f00adebb000-7f00adebc000 rw-p 00019000 fd:01 1835921                    /usr/lib64/libpthread-2.22.so
7f00adebc000-7f00adec0000 rw-p 00000000 00:00 0 
7f00adec0000-7f00adee1000 r-xp 00000000 fd:01 1835886                    /usr/lib64/ld-2.22.so
7f00adee1000-7f00adee2000 r--s 0000a000 fd:03 9045175                    /home/jsmolar/Programs/idea/plugins/maven/lib/maven3/lib/maven-embedder-3.0.5.jar
7f00adee2000-7f00adee4000 r--s 0000b000 fd:03 9045194                    /home/jsmolar/Programs/idea/plugins/maven/lib/maven3/lib/wagon-provider-api-2.8.jar
7f00adee4000-7f00adeec000 r--s 00050000 fd:03 9045188                    /home/jsmolar/Programs/idea/plugins/maven/lib/maven3/lib/sisu-guice-3.1.0-no_aop.jar
7f00adeec000-7f00adef0000 r--s 00027000 fd:03 9045167                    /home/jsmolar/Programs/idea/plugins/maven/lib/maven3/lib/commons-io-2.2.jar
7f00adef0000-7f00adef3000 r--s 00008000 fd:03 9045181                    /home/jsmolar/Programs/idea/plugins/maven/lib/maven3/lib/maven-settings-builder-3.0.5.jar
7f00adef3000-7f00adef5000 r--s 00009000 fd:03 9045166                    /home/jsmolar/Programs/idea/plugins/maven/lib/maven3/lib/commons-cli-1.2.jar
7f00adef5000-7f00adef7000 r--s 0000b000 fd:03 9045172                    /home/jsmolar/Programs/idea/plugins/maven/lib/maven3/lib/maven-artifact-3.0.5.jar
7f00adef7000-7f00adefa000 r--s 0001d000 fd:03 9045163                    /home/jsmolar/Programs/idea/plugins/maven/lib/maven3/lib/aether-impl-1.13.1.jar
7f00adefa000-7f00adefb000 r--s 00003000 fd:03 9045164                    /home/jsmolar/Programs/idea/plugins/maven/lib/maven3/lib/aether-spi-1.13.1.jar
7f00adefb000-7f00adefd000 r--s 00000000 fd:03 9045183                    /home/jsmolar/Programs/idea/plugins/maven/lib/maven3/lib/plexus-component-annotations-1.5.5.jar
7f00adefd000-7f00adfba000 rw-p 00000000 00:00 0 
7f00adfba000-7f00adfbd000 ---p 00000000 00:00 0 
7f00adfbd000-7f00ae0bf000 rw-p 00000000 00:00 0 
7f00ae0bf000-7f00ae0c1000 r--s 0000c000 fd:03 9045171                    /home/jsmolar/Programs/idea/plugins/maven/lib/maven3/lib/maven-aether-provider-3.0.5.jar
7f00ae0c1000-7f00ae0c2000 r--s 00002000 fd:03 9045193                    /home/jsmolar/Programs/idea/plugins/maven/lib/maven3/lib/wagon-http-shared-2.8.jar
7f00ae0c2000-7f00ae0c8000 r--s 0003f000 fd:03 9045173                    /home/jsmolar/Programs/idea/plugins/maven/lib/maven3/lib/maven-compat-3.0.5.jar
7f00ae0c8000-7f00ae0cc000 r--s 0001c000 fd:03 9045165                    /home/jsmolar/Programs/idea/plugins/maven/lib/maven3/lib/aether-util-1.13.1.jar
7f00ae0cc000-7f00ae0ce000 r--s 0000b000 fd:03 9045178                    /home/jsmolar/Programs/idea/plugins/maven/lib/maven3/lib/maven-plugin-api-3.0.5.jar
7f00ae0ce000-7f00ae0d0000 r--s 00006000 fd:03 9045162                    /home/jsmolar/Programs/idea/plugins/maven/lib/maven3/lib/aether-connector-wagon-1.13.1.jar
7f00ae0d0000-7f00ae0d1000 r--s 00006000 fd:03 9045185                    /home/jsmolar/Programs/idea/plugins/maven/lib/maven3/lib/plexus-sec-dispatcher-1.3.jar
7f00ae0d1000-7f00ae0d3000 r--s 0001e000 fd:03 8913719                    /home/jsmolar/Programs/idea/lib/idea_rt.jar
7f00ae0d3000-7f00ae0d5000 r--s 0000a000 fd:03 9045157                    /home/jsmolar/Programs/idea/plugins/maven/lib/maven3/boot/plexus-classworlds-2.4.jar
7f00ae0d5000-7f00ae0dd000 rw-s 00000000 00:26 501770                     /tmp/hsperfdata_jsmolar/23266
7f00ae0dd000-7f00ae0de000 rw-p 00000000 00:00 0 
7f00ae0de000-7f00ae0df000 r--p 00000000 00:00 0 
7f00ae0df000-7f00ae0e0000 rw-p 00000000 00:00 0 
7f00ae0e0000-7f00ae0e1000 r--p 00020000 fd:01 1835886                    /usr/lib64/ld-2.22.so
7f00ae0e1000-7f00ae0e2000 rw-p 00021000 fd:01 1835886                    /usr/lib64/ld-2.22.so
7f00ae0e2000-7f00ae0e3000 rw-p 00000000 00:00 0 
7ffc8bf7b000-7ffc8bf9c000 rw-p 00000000 00:00 0                          [stack]
7ffc8bfc8000-7ffc8bfca000 r--p 00000000 00:00 0                          [vvar]
7ffc8bfca000-7ffc8bfcc000 r-xp 00000000 00:00 0                          [vdso]
ffffffffff600000-ffffffffff601000 r-xp 00000000 00:00 0                  [vsyscall]

VM Arguments:
jvm_args: -Dmaven.home=/home/jsmolar/Programs/idea/plugins/maven/lib/maven3 -Dclassworlds.conf=/home/jsmolar/Programs/idea/plugins/maven/lib/maven3/bin/m2.conf -Didea.launcher.port=7537 -Didea.launcher.bin.path=/home/jsmolar/Programs/idea/bin -Dfile.encoding=UTF-8 
java_command: com.intellij.rt.execution.application.AppMain org.codehaus.classworlds.Launcher -Didea.version=2016.1.2 org.apache.tomcat.maven:tomcat7-maven-plugin:2.2:run
java_class_path (initial): /home/jsmolar/Programs/idea/plugins/maven/lib/maven3/boot/plexus-classworlds-2.4.jar:/home/jsmolar/Programs/idea/lib/idea_rt.jar
Launcher Type: SUN_STANDARD

Environment Variables:
PATH=/home/jsmolar/.rbenv/shims:/home/jsmolar/.rbenv/bin:/home/jsmolar/.rbenv/plugins/ruby-build/bin:/home/jsmolar/.nvm/v0.10.46/bin:/usr/lib64/qt-3.3/bin:/usr/local/bin:/usr/local/sbin:/usr/bin:/usr/sbin:/home/jsmolar/.local/bin:/home/jsmolar/bin:/home/jsmolar/go//bin
USERNAME=jsmolar
LD_LIBRARY_PATH=/home/jsmolar/Programs/idea/bin:
SHELL=/bin/bash
DISPLAY=:0

Signal Handlers:
SIGSEGV: [libjvm.so+0xabb070], sa_mask[0]=11111111011111111101111111111110, sa_flags=SA_RESTART|SA_SIGINFO
SIGBUS: [libjvm.so+0xabb070], sa_mask[0]=11111111011111111101111111111110, sa_flags=SA_RESTART|SA_SIGINFO
SIGFPE: [libjvm.so+0x918480], sa_mask[0]=11111111011111111101111111111110, sa_flags=SA_RESTART|SA_SIGINFO
SIGPIPE: [libjvm.so+0x918480], sa_mask[0]=11111111011111111101111111111110, sa_flags=SA_RESTART|SA_SIGINFO
SIGXFSZ: [libjvm.so+0x918480], sa_mask[0]=11111111011111111101111111111110, sa_flags=SA_RESTART|SA_SIGINFO
SIGILL: [libjvm.so+0x918480], sa_mask[0]=11111111011111111101111111111110, sa_flags=SA_RESTART|SA_SIGINFO
SIGUSR1: SIG_DFL, sa_mask[0]=00000000000000000000000000000000, sa_flags=none
SIGUSR2: [libjvm.so+0x919ab0], sa_mask[0]=00100000000000000000000000000000, sa_flags=SA_RESTART|SA_SIGINFO
SIGHUP: [libjvm.so+0x91aeb0], sa_mask[0]=11111111011111111101111111111110, sa_flags=SA_RESTART|SA_SIGINFO
SIGINT: [libjvm.so+0x91aeb0], sa_mask[0]=11111111011111111101111111111110, sa_flags=SA_RESTART|SA_SIGINFO
SIGTERM: [libjvm.so+0x91aeb0], sa_mask[0]=11111111011111111101111111111110, sa_flags=SA_RESTART|SA_SIGINFO
SIGQUIT: [libjvm.so+0x91aeb0], sa_mask[0]=11111111011111111101111111111110, sa_flags=SA_RESTART|SA_SIGINFO


---------------  S Y S T E M  ---------------

OS:Fedora release 23 (Twenty Three)

uname:Linux 4.7.10-100.fc23.x86_64 #1 SMP Wed Oct 26 23:29:32 UTC 2016 x86_64
libc:glibc 2.22 NPTL 2.22 
rlimit: STACK 8192k, CORE 0k, NPROC 46779, NOFILE 4096, AS infinity
load average:1.84 1.69 1.54

/proc/meminfo:
MemTotal:       11997332 kB
MemFree:         1014920 kB
MemAvailable:    4327476 kB
Buffers:         1110256 kB
Cached:          3433552 kB
SwapCached:          312 kB
Active:          7556860 kB
Inactive:        2922140 kB
Active(anon):    5802332 kB
Inactive(anon):  1231688 kB
Active(file):    1754528 kB
Inactive(file):  1690452 kB
Unevictable:         356 kB
Mlocked:             356 kB
SwapTotal:       6029308 kB
SwapFree:        6028712 kB
Dirty:             16820 kB
Writeback:             0 kB
AnonPages:       5935392 kB
Mapped:          1190908 kB
Shmem:           1098832 kB
Slab:             296560 kB
SReclaimable:     189616 kB
SUnreclaim:       106944 kB
KernelStack:       16192 kB
PageTables:        83696 kB
NFS_Unstable:          0 kB
Bounce:                0 kB
WritebackTmp:          0 kB
CommitLimit:    12027972 kB
Committed_AS:   15209876 kB
VmallocTotal:   34359738367 kB
VmallocUsed:           0 kB
VmallocChunk:          0 kB
HardwareCorrupted:     0 kB
AnonHugePages:         0 kB
CmaTotal:              0 kB
CmaFree:               0 kB
HugePages_Total:       0
HugePages_Free:        0
HugePages_Rsvd:        0
HugePages_Surp:        0
Hugepagesize:       2048 kB
DirectMap4k:      338416 kB
DirectMap2M:    10885120 kB
DirectMap1G:     1048576 kB


CPU:total 4 (2 cores per cpu, 2 threads per core) family 6 model 61 stepping 4, cmov, cx8, fxsr, mmx, sse, sse2, sse3, ssse3, sse4.1, sse4.2, popcnt, avx, avx2, aes, clmul, erms, rtm, 3dnowpref, lzcnt, ht, tsc, tscinvbit, bmi1, bmi2, adx

/proc/cpuinfo:
processor	: 0
vendor_id	: GenuineIntel
cpu family	: 6
model		: 61
model name	: Intel(R) Core(TM) i7-5600U CPU @ 2.60GHz
stepping	: 4
microcode	: 0x24
cpu MHz		: 3099.877
cache size	: 4096 KB
physical id	: 0
siblings	: 4
core id		: 0
cpu cores	: 2
apicid		: 0
initial apicid	: 0
fpu		: yes
fpu_exception	: yes
cpuid level	: 20
wp		: yes
flags		: fpu vme de pse tsc msr pae mce cx8 apic sep mtrr pge mca cmov pat pse36 clflush dts acpi mmx fxsr sse sse2 ss ht tm pbe syscall nx pdpe1gb rdtscp lm constant_tsc arch_perfmon pebs bts rep_good nopl xtopology nonstop_tsc aperfmperf eagerfpu pni pclmulqdq dtes64 monitor ds_cpl vmx smx est tm2 ssse3 sdbg fma cx16 xtpr pdcm pcid sse4_1 sse4_2 x2apic movbe popcnt tsc_deadline_timer aes xsave avx f16c rdrand lahf_lm abm 3dnowprefetch epb intel_pt tpr_shadow vnmi flexpriority ept vpid fsgsbase tsc_adjust bmi1 hle avx2 smep bmi2 erms invpcid rtm rdseed adx smap xsaveopt dtherm ida arat pln pts
bugs		:
bogomips	: 5188.10
clflush size	: 64
cache_alignment	: 64
address sizes	: 39 bits physical, 48 bits virtual
power management:

processor	: 1
vendor_id	: GenuineIntel
cpu family	: 6
model		: 61
model name	: Intel(R) Core(TM) i7-5600U CPU @ 2.60GHz
stepping	: 4
microcode	: 0x24
cpu MHz		: 3100.036
cache size	: 4096 KB
physical id	: 0
siblings	: 4
core id		: 0
cpu cores	: 2
apicid		: 1
initial apicid	: 1
fpu		: yes
fpu_exception	: yes
cpuid level	: 20
wp		: yes
flags		: fpu vme de pse tsc msr pae mce cx8 apic sep mtrr pge mca cmov pat pse36 clflush dts acpi mmx fxsr sse sse2 ss ht tm pbe syscall nx pdpe1gb rdtscp lm constant_tsc arch_perfmon pebs bts rep_good nopl xtopology nonstop_tsc aperfmperf eagerfpu pni pclmulqdq dtes64 monitor ds_cpl vmx smx est tm2 ssse3 sdbg fma cx16 xtpr pdcm pcid sse4_1 sse4_2 x2apic movbe popcnt tsc_deadline_timer aes xsave avx f16c rdrand lahf_lm abm 3dnowprefetch epb intel_pt tpr_shadow vnmi flexpriority ept vpid fsgsbase tsc_adjust bmi1 hle avx2 smep bmi2 erms invpcid rtm rdseed adx smap xsaveopt dtherm ida arat pln pts
bugs		:
bogomips	: 5193.72
clflush size	: 64
cache_alignment	: 64
address sizes	: 39 bits physical, 48 bits virtual
power management:

processor	: 2
vendor_id	: GenuineIntel
cpu family	: 6
model		: 61
model name	: Intel(R) Core(TM) i7-5600U CPU @ 2.60GHz
stepping	: 4
microcode	: 0x24
cpu MHz		: 3099.877
cache size	: 4096 KB
physical id	: 0
siblings	: 4
core id		: 1
cpu cores	: 2
apicid		: 2
initial apicid	: 2
fpu		: yes
fpu_exception	: yes
cpuid level	: 20
wp		: yes
flags		: fpu vme de pse tsc msr pae mce cx8 apic sep mtrr pge mca cmov pat pse36 clflush dts acpi mmx fxsr sse sse2 ss ht tm pbe syscall nx pdpe1gb rdtscp lm constant_tsc arch_perfmon pebs bts rep_good nopl xtopology nonstop_tsc aperfmperf eagerfpu pni pclmulqdq dtes64 monitor ds_cpl vmx smx est tm2 ssse3 sdbg fma cx16 xtpr pdcm pcid sse4_1 sse4_2 x2apic movbe popcnt tsc_deadline_timer aes xsave avx f16c rdrand lahf_lm abm 3dnowprefetch epb intel_pt tpr_shadow vnmi flexpriority ept vpid fsgsbase tsc_adjust bmi1 hle avx2 smep bmi2 erms invpcid rtm rdseed adx smap xsaveopt dtherm ida arat pln pts
bugs		:
bogomips	: 5192.28
clflush size	: 64
cache_alignment	: 64
address sizes	: 39 bits physical, 48 bits virtual
power management:

processor	: 3
vendor_id	: GenuineIntel
cpu family	: 6
model		: 61
model name	: Intel(R) Core(TM) i7-5600U CPU @ 2.60GHz
stepping	: 4
microcode	: 0x24
cpu MHz		: 3099.877
cache size	: 4096 KB
physical id	: 0
siblings	: 4
core id		: 1
cpu cores	: 2
apicid		: 3
initial apicid	: 3
fpu		: yes
fpu_exception	: yes
cpuid level	: 20
wp		: yes
flags		: fpu vme de pse tsc msr pae mce cx8 apic sep mtrr pge mca cmov pat pse36 clflush dts acpi mmx fxsr sse sse2 ss ht tm pbe syscall nx pdpe1gb rdtscp lm constant_tsc arch_perfmon pebs bts rep_good nopl xtopology nonstop_tsc aperfmperf eagerfpu pni pclmulqdq dtes64 monitor ds_cpl vmx smx est tm2 ssse3 sdbg fma cx16 xtpr pdcm pcid sse4_1 sse4_2 x2apic movbe popcnt tsc_deadline_timer aes xsave avx f16c rdrand lahf_lm abm 3dnowprefetch epb intel_pt tpr_shadow vnmi flexpriority ept vpid fsgsbase tsc_adjust bmi1 hle avx2 smep bmi2 erms invpcid rtm rdseed adx smap xsaveopt dtherm ida arat pln pts
bugs		:
bogomips	: 5192.32
clflush size	: 64
cache_alignment	: 64
address sizes	: 39 bits physical, 48 bits virtual
power management:



Memory: 4k page, physical 11997332k(1014672k free), swap 6029308k(6028712k free)

vm_info: Java HotSpot(TM) 64-Bit Server VM (25.77-b03) for linux-amd64 JRE (1.8.0_77-b03), built on Mar 20 2016 22:00:46 by "java_re" with gcc 4.3.0 20080428 (Red Hat 4.3.0-8)

time: Mon Jan  9 00:26:37 2017
elapsed time: 315 seconds (0d 0h 5m 15s)

